Analysis & Synthesis report for top2048
Tue Feb 28 01:17:41 2017
Quartus II Version 9.0 Build 132 02/25/2009 SJ Full Version


---------------------
; Table of Contents ;
---------------------
  1. Legal Notice
  2. Analysis & Synthesis Summary
  3. Analysis & Synthesis Settings
  4. Analysis & Synthesis Source Files Read
  5. Analysis & Synthesis Resource Usage Summary
  6. Analysis & Synthesis Resource Utilization by Entity
  7. State Machine - |game|state
  8. Registers Removed During Synthesis
  9. Removed Registers Triggering Further Register Optimizations
 10. General Register Statistics
 11. Inverted Register Statistics
 12. Multiplexer Restructuring Statistics (Restructuring Performed)
 13. Analysis & Synthesis Messages



----------------
; Legal Notice ;
----------------
Copyright (C) 1991-2009 Altera Corporation
Your use of Altera Corporation's design tools, logic functions 
and other software and tools, and its AMPP partner logic 
functions, and any output files from any of the foregoing 
(including device programming or simulation files), and any 
associated documentation or information are expressly subject 
to the terms and conditions of the Altera Program License 
Subscription Agreement, Altera MegaCore Function License 
Agreement, or other applicable license agreement, including, 
without limitation, that your use is for the sole purpose of 
programming logic devices manufactured by Altera and sold by 
Altera or its authorized distributors.  Please refer to the 
applicable agreement for further details.



+-------------------------------------------------------------------------------+
; Analysis & Synthesis Summary                                                  ;
+------------------------------------+------------------------------------------+
; Analysis & Synthesis Status        ; Successful - Tue Feb 28 01:17:41 2017    ;
; Quartus II Version                 ; 9.0 Build 132 02/25/2009 SJ Full Version ;
; Revision Name                      ; top2048                                  ;
; Top-level Entity Name              ; game                                     ;
; Family                             ; Cyclone II                               ;
; Total logic elements               ; 2,911                                    ;
;     Total combinational functions  ; 2,908                                    ;
;     Dedicated logic registers      ; 92                                       ;
; Total registers                    ; 92                                       ;
; Total pins                         ; 86                                       ;
; Total virtual pins                 ; 0                                        ;
; Total memory bits                  ; 0                                        ;
; Embedded Multiplier 9-bit elements ; 0                                        ;
; Total PLLs                         ; 0                                        ;
+------------------------------------+------------------------------------------+


+----------------------------------------------------------------------------------------------------------+
; Analysis & Synthesis Settings                                                                            ;
+----------------------------------------------------------------+--------------------+--------------------+
; Option                                                         ; Setting            ; Default Value      ;
+----------------------------------------------------------------+--------------------+--------------------+
; Device                                                         ; EP2C70F896C6       ;                    ;
; Top-level entity name                                          ; game               ; top2048            ;
; Family name                                                    ; Cyclone II         ; Stratix II         ;
; Use Generated Physical Constraints File                        ; Off                ;                    ;
; Use smart compilation                                          ; Off                ; Off                ;
; Restructure Multiplexers                                       ; Auto               ; Auto               ;
; Create Debugging Nodes for IP Cores                            ; Off                ; Off                ;
; Preserve fewer node names                                      ; On                 ; On                 ;
; Disable OpenCore Plus hardware evaluation                      ; Off                ; Off                ;
; Verilog Version                                                ; Verilog_2001       ; Verilog_2001       ;
; VHDL Version                                                   ; VHDL93             ; VHDL93             ;
; State Machine Processing                                       ; Auto               ; Auto               ;
; Safe State Machine                                             ; Off                ; Off                ;
; Extract Verilog State Machines                                 ; On                 ; On                 ;
; Extract VHDL State Machines                                    ; On                 ; On                 ;
; Ignore Verilog initial constructs                              ; Off                ; Off                ;
; Iteration limit for constant Verilog loops                     ; 5000               ; 5000               ;
; Iteration limit for non-constant Verilog loops                 ; 250                ; 250                ;
; Add Pass-Through Logic to Inferred RAMs                        ; On                 ; On                 ;
; Parallel Synthesis                                             ; Off                ; Off                ;
; DSP Block Balancing                                            ; Auto               ; Auto               ;
; NOT Gate Push-Back                                             ; On                 ; On                 ;
; Power-Up Don't Care                                            ; On                 ; On                 ;
; Remove Redundant Logic Cells                                   ; Off                ; Off                ;
; Remove Duplicate Registers                                     ; On                 ; On                 ;
; Ignore CARRY Buffers                                           ; Off                ; Off                ;
; Ignore CASCADE Buffers                                         ; Off                ; Off                ;
; Ignore GLOBAL Buffers                                          ; Off                ; Off                ;
; Ignore ROW GLOBAL Buffers                                      ; Off                ; Off                ;
; Ignore LCELL Buffers                                           ; Off                ; Off                ;
; Ignore SOFT Buffers                                            ; On                 ; On                 ;
; Limit AHDL Integers to 32 Bits                                 ; Off                ; Off                ;
; Optimization Technique                                         ; Balanced           ; Balanced           ;
; Carry Chain Length                                             ; 70                 ; 70                 ;
; Auto Carry Chains                                              ; On                 ; On                 ;
; Auto Open-Drain Pins                                           ; On                 ; On                 ;
; Perform WYSIWYG Primitive Resynthesis                          ; Off                ; Off                ;
; Auto ROM Replacement                                           ; On                 ; On                 ;
; Auto RAM Replacement                                           ; On                 ; On                 ;
; Auto Shift Register Replacement                                ; Auto               ; Auto               ;
; Auto Clock Enable Replacement                                  ; On                 ; On                 ;
; Strict RAM Replacement                                         ; Off                ; Off                ;
; Allow Synchronous Control Signals                              ; On                 ; On                 ;
; Force Use of Synchronous Clear Signals                         ; Off                ; Off                ;
; Auto RAM to Logic Cell Conversion                              ; Off                ; Off                ;
; Auto Resource Sharing                                          ; Off                ; Off                ;
; Allow Any RAM Size For Recognition                             ; Off                ; Off                ;
; Allow Any ROM Size For Recognition                             ; Off                ; Off                ;
; Allow Any Shift Register Size For Recognition                  ; Off                ; Off                ;
; Use LogicLock Constraints during Resource Balancing            ; On                 ; On                 ;
; Ignore translate_off and synthesis_off directives              ; Off                ; Off                ;
; Timing-Driven Synthesis                                        ; Off                ; Off                ;
; Show Parameter Settings Tables in Synthesis Report             ; On                 ; On                 ;
; Ignore Maximum Fan-Out Assignments                             ; Off                ; Off                ;
; Synchronization Register Chain Length                          ; 2                  ; 2                  ;
; PowerPlay Power Optimization                                   ; Normal compilation ; Normal compilation ;
; HDL message level                                              ; Level2             ; Level2             ;
; Suppress Register Optimization Related Messages                ; Off                ; Off                ;
; Number of Removed Registers Reported in Synthesis Report       ; 100                ; 100                ;
; Number of Inverted Registers Reported in Synthesis Report      ; 100                ; 100                ;
; Clock MUX Protection                                           ; On                 ; On                 ;
; Auto Gated Clock Conversion                                    ; Off                ; Off                ;
; Block Design Naming                                            ; Auto               ; Auto               ;
; SDC constraint protection                                      ; Off                ; Off                ;
; Synthesis Effort                                               ; Auto               ; Auto               ;
; Allows Asynchronous Clear Usage For Shift Register Replacement ; On                 ; On                 ;
; Analysis & Synthesis Message Level                             ; Medium             ; Medium             ;
+----------------------------------------------------------------+--------------------+--------------------+


+-----------------------------------------------------------------------------------------------------------------+
; Analysis & Synthesis Source Files Read                                                                          ;
+----------------------------------+-----------------+------------------------+-----------------------------------+
; File Name with User-Entered Path ; Used in Netlist ; File Type              ; File Name with Absolute Path      ;
+----------------------------------+-----------------+------------------------+-----------------------------------+
; oled.v                           ; yes             ; User Verilog HDL File  ; C:/Users/HEHE/Desktop/2048/oled.v ;
+----------------------------------+-----------------+------------------------+-----------------------------------+


+--------------------------------------------------------+
; Analysis & Synthesis Resource Usage Summary            ;
+---------------------------------------------+----------+
; Resource                                    ; Usage    ;
+---------------------------------------------+----------+
; Estimated Total logic elements              ; 2,911    ;
;                                             ;          ;
; Total combinational functions               ; 2908     ;
; Logic element usage by number of LUT inputs ;          ;
;     -- 4 input functions                    ; 2045     ;
;     -- 3 input functions                    ; 554      ;
;     -- <=2 input functions                  ; 309      ;
;                                             ;          ;
; Logic elements by mode                      ;          ;
;     -- normal mode                          ; 2829     ;
;     -- arithmetic mode                      ; 79       ;
;                                             ;          ;
; Total registers                             ; 92       ;
;     -- Dedicated logic registers            ; 92       ;
;     -- I/O registers                        ; 0        ;
;                                             ;          ;
; I/O pins                                    ; 86       ;
; Maximum fan-out node                        ; keyin[2] ;
; Maximum fan-out                             ; 201      ;
; Total fan-out                               ; 10840    ;
; Average fan-out                             ; 3.51     ;
+---------------------------------------------+----------+


+---------------------------------------------------------------------------------------------------------------------------------------------------------------------------------+
; Analysis & Synthesis Resource Utilization by Entity                                                                                                                             ;
+----------------------------+-------------------+--------------+-------------+--------------+---------+-----------+------+--------------+-------------------------+--------------+
; Compilation Hierarchy Node ; LC Combinationals ; LC Registers ; Memory Bits ; DSP Elements ; DSP 9x9 ; DSP 18x18 ; Pins ; Virtual Pins ; Full Hierarchy Name     ; Library Name ;
+----------------------------+-------------------+--------------+-------------+--------------+---------+-----------+------+--------------+-------------------------+--------------+
; |game                      ; 2908 (1937)       ; 92 (83)      ; 0           ; 0            ; 0       ; 0         ; 86   ; 0            ; |game                   ; work         ;
;    |gen:gd|                ; 9 (9)             ; 0 (0)        ; 0           ; 0            ; 0       ; 0         ; 0    ; 0            ; |game|gen:gd            ; work         ;
;    |gen:gl|                ; 9 (9)             ; 0 (0)        ; 0           ; 0            ; 0       ; 0         ; 0    ; 0            ; |game|gen:gl            ; work         ;
;    |gen:gr|                ; 15 (9)            ; 9 (0)        ; 0           ; 0            ; 0       ; 0         ; 0    ; 0            ; |game|gen:gr            ; work         ;
;       |random:ran|         ; 6 (6)             ; 9 (9)        ; 0           ; 0            ; 0       ; 0         ; 0    ; 0            ; |game|gen:gr|random:ran ; work         ;
;    |gen:gu|                ; 9 (9)             ; 0 (0)        ; 0           ; 0            ; 0       ; 0         ; 0    ; 0            ; |game|gen:gu            ; work         ;
;    |move:md0|              ; 44 (44)           ; 0 (0)        ; 0           ; 0            ; 0       ; 0         ; 0    ; 0            ; |game|move:md0          ; work         ;
;    |move:md1|              ; 56 (56)           ; 0 (0)        ; 0           ; 0            ; 0       ; 0         ; 0    ; 0            ; |game|move:md1          ; work         ;
;    |move:md2|              ; 41 (41)           ; 0 (0)        ; 0           ; 0            ; 0       ; 0         ; 0    ; 0            ; |game|move:md2          ; work         ;
;    |move:md3|              ; 43 (43)           ; 0 (0)        ; 0           ; 0            ; 0       ; 0         ; 0    ; 0            ; |game|move:md3          ; work         ;
;    |move:ml0|              ; 51 (51)           ; 0 (0)        ; 0           ; 0            ; 0       ; 0         ; 0    ; 0            ; |game|move:ml0          ; work         ;
;    |move:ml1|              ; 44 (44)           ; 0 (0)        ; 0           ; 0            ; 0       ; 0         ; 0    ; 0            ; |game|move:ml1          ; work         ;
;    |move:ml2|              ; 44 (44)           ; 0 (0)        ; 0           ; 0            ; 0       ; 0         ; 0    ; 0            ; |game|move:ml2          ; work         ;
;    |move:ml3|              ; 85 (85)           ; 0 (0)        ; 0           ; 0            ; 0       ; 0         ; 0    ; 0            ; |game|move:ml3          ; work         ;
;    |move:mr0|              ; 42 (42)           ; 0 (0)        ; 0           ; 0            ; 0       ; 0         ; 0    ; 0            ; |game|move:mr0          ; work         ;
;    |move:mr1|              ; 65 (65)           ; 0 (0)        ; 0           ; 0            ; 0       ; 0         ; 0    ; 0            ; |game|move:mr1          ; work         ;
;    |move:mr2|              ; 46 (46)           ; 0 (0)        ; 0           ; 0            ; 0       ; 0         ; 0    ; 0            ; |game|move:mr2          ; work         ;
;    |move:mr3|              ; 42 (42)           ; 0 (0)        ; 0           ; 0            ; 0       ; 0         ; 0    ; 0            ; |game|move:mr3          ; work         ;
;    |move:mu0|              ; 61 (61)           ; 0 (0)        ; 0           ; 0            ; 0       ; 0         ; 0    ; 0            ; |game|move:mu0          ; work         ;
;    |move:mu1|              ; 78 (78)           ; 0 (0)        ; 0           ; 0            ; 0       ; 0         ; 0    ; 0            ; |game|move:mu1          ; work         ;
;    |move:mu2|              ; 100 (100)         ; 0 (0)        ; 0           ; 0            ; 0       ; 0         ; 0    ; 0            ; |game|move:mu2          ; work         ;
;    |move:mu3|              ; 87 (87)           ; 0 (0)        ; 0           ; 0            ; 0       ; 0         ; 0    ; 0            ; |game|move:mu3          ; work         ;
+----------------------------+-------------------+--------------+-------------+--------------+---------+-----------+------+--------------+-------------------------+--------------+
Note: For table entries with two numbers listed, the numbers in parentheses indicate the number of resources of the given type used by the specific entity alone. The numbers listed outside of parentheses indicate the total resources of the given type used by the specific entity and all of its sub-entities in the hierarchy.


Encoding Type:  One-Hot
+------------------------------------------------------+
; State Machine - |game|state                          ;
+----------+----------+----------+----------+----------+
; Name     ; state.11 ; state.10 ; state.01 ; state.00 ;
+----------+----------+----------+----------+----------+
; state.00 ; 0        ; 0        ; 0        ; 0        ;
; state.01 ; 0        ; 0        ; 1        ; 1        ;
; state.10 ; 0        ; 1        ; 0        ; 1        ;
; state.11 ; 1        ; 0        ; 0        ; 1        ;
+----------+----------+----------+----------+----------+


+----------------------------------------------------------------------------------+
; Registers Removed During Synthesis                                               ;
+-----------------------------------------+----------------------------------------+
; Register name                           ; Reason for Removal                     ;
+-----------------------------------------+----------------------------------------+
; gen:gd|random:ran|ran2[7]               ; Merged with gen:gr|random:ran|ran2[7]  ;
; gen:gl|random:ran|ran2[7]               ; Merged with gen:gr|random:ran|ran2[7]  ;
; gen:gu|random:ran|ran2[7]               ; Merged with gen:gr|random:ran|ran2[7]  ;
; gen:gd|random:ran|ran2[6]               ; Merged with gen:gr|random:ran|ran2[6]  ;
; gen:gl|random:ran|ran2[6]               ; Merged with gen:gr|random:ran|ran2[6]  ;
; gen:gu|random:ran|ran2[6]               ; Merged with gen:gr|random:ran|ran2[6]  ;
; gen:gd|random:ran|ran2[5]               ; Merged with gen:gr|random:ran|ran2[5]  ;
; gen:gl|random:ran|ran2[5]               ; Merged with gen:gr|random:ran|ran2[5]  ;
; gen:gu|random:ran|ran2[5]               ; Merged with gen:gr|random:ran|ran2[5]  ;
; gen:gd|random:ran|ran2[4]               ; Merged with gen:gr|random:ran|ran2[4]  ;
; gen:gl|random:ran|ran2[4]               ; Merged with gen:gr|random:ran|ran2[4]  ;
; gen:gu|random:ran|ran2[4]               ; Merged with gen:gr|random:ran|ran2[4]  ;
; gen:gd|random:ran|ran2[3]               ; Merged with gen:gr|random:ran|ran2[3]  ;
; gen:gl|random:ran|ran2[3]               ; Merged with gen:gr|random:ran|ran2[3]  ;
; gen:gu|random:ran|ran2[3]               ; Merged with gen:gr|random:ran|ran2[3]  ;
; gen:gd|random:ran|ran2[2]               ; Merged with gen:gr|random:ran|ran2[2]  ;
; gen:gl|random:ran|ran2[2]               ; Merged with gen:gr|random:ran|ran2[2]  ;
; gen:gu|random:ran|ran2[2]               ; Merged with gen:gr|random:ran|ran2[2]  ;
; gen:gd|random:ran|ran2[1]               ; Merged with gen:gr|random:ran|ran2[1]  ;
; gen:gl|random:ran|ran2[1]               ; Merged with gen:gr|random:ran|ran2[1]  ;
; gen:gu|random:ran|ran2[1]               ; Merged with gen:gr|random:ran|ran2[1]  ;
; gen:gd|random:ran|ran2[0]               ; Merged with gen:gr|random:ran|ran2[0]  ;
; gen:gl|random:ran|ran2[0]               ; Merged with gen:gr|random:ran|ran2[0]  ;
; gen:gu|random:ran|ran2[0]               ; Merged with gen:gr|random:ran|ran2[0]  ;
; gen:gd|random:ran|ran3[11]              ; Merged with gen:gr|random:ran|ran3[11] ;
; gen:gl|random:ran|ran3[11]              ; Merged with gen:gr|random:ran|ran3[11] ;
; gen:gu|random:ran|ran3[11]              ; Merged with gen:gr|random:ran|ran3[11] ;
; gen:gd|random:ran|ran3[10]              ; Merged with gen:gr|random:ran|ran3[10] ;
; gen:gl|random:ran|ran3[10]              ; Merged with gen:gr|random:ran|ran3[10] ;
; gen:gu|random:ran|ran3[10]              ; Merged with gen:gr|random:ran|ran3[10] ;
; gen:gd|random:ran|ran3[9]               ; Merged with gen:gr|random:ran|ran3[9]  ;
; gen:gl|random:ran|ran3[9]               ; Merged with gen:gr|random:ran|ran3[9]  ;
; gen:gu|random:ran|ran3[9]               ; Merged with gen:gr|random:ran|ran3[9]  ;
; gen:gd|random:ran|ran3[8]               ; Merged with gen:gr|random:ran|ran3[8]  ;
; gen:gl|random:ran|ran3[8]               ; Merged with gen:gr|random:ran|ran3[8]  ;
; gen:gu|random:ran|ran3[8]               ; Merged with gen:gr|random:ran|ran3[8]  ;
; gen:gd|random:ran|ran3[7]               ; Merged with gen:gr|random:ran|ran3[7]  ;
; gen:gl|random:ran|ran3[7]               ; Merged with gen:gr|random:ran|ran3[7]  ;
; gen:gu|random:ran|ran3[7]               ; Merged with gen:gr|random:ran|ran3[7]  ;
; gen:gd|random:ran|ran3[6]               ; Merged with gen:gr|random:ran|ran3[6]  ;
; gen:gl|random:ran|ran3[6]               ; Merged with gen:gr|random:ran|ran3[6]  ;
; gen:gu|random:ran|ran3[6]               ; Merged with gen:gr|random:ran|ran3[6]  ;
; gen:gd|random:ran|ran3[5]               ; Merged with gen:gr|random:ran|ran3[5]  ;
; gen:gl|random:ran|ran3[5]               ; Merged with gen:gr|random:ran|ran3[5]  ;
; gen:gu|random:ran|ran3[5]               ; Merged with gen:gr|random:ran|ran3[5]  ;
; gen:gd|random:ran|ran3[4]               ; Merged with gen:gr|random:ran|ran3[4]  ;
; gen:gl|random:ran|ran3[4]               ; Merged with gen:gr|random:ran|ran3[4]  ;
; gen:gu|random:ran|ran3[4]               ; Merged with gen:gr|random:ran|ran3[4]  ;
; gen:gd|random:ran|ran3[3]               ; Merged with gen:gr|random:ran|ran3[3]  ;
; gen:gl|random:ran|ran3[3]               ; Merged with gen:gr|random:ran|ran3[3]  ;
; gen:gu|random:ran|ran3[3]               ; Merged with gen:gr|random:ran|ran3[3]  ;
; gen:gd|random:ran|ran3[2]               ; Merged with gen:gr|random:ran|ran3[2]  ;
; gen:gl|random:ran|ran3[2]               ; Merged with gen:gr|random:ran|ran3[2]  ;
; gen:gu|random:ran|ran3[2]               ; Merged with gen:gr|random:ran|ran3[2]  ;
; gen:gd|random:ran|ran3[1]               ; Merged with gen:gr|random:ran|ran3[1]  ;
; gen:gl|random:ran|ran3[1]               ; Merged with gen:gr|random:ran|ran3[1]  ;
; gen:gu|random:ran|ran3[1]               ; Merged with gen:gr|random:ran|ran3[1]  ;
; gen:gd|random:ran|ran3[0]               ; Merged with gen:gr|random:ran|ran3[0]  ;
; gen:gl|random:ran|ran3[0]               ; Merged with gen:gr|random:ran|ran3[0]  ;
; gen:gu|random:ran|ran3[0]               ; Merged with gen:gr|random:ran|ran3[0]  ;
; gen:gd|random:ran|ran4[15]              ; Merged with gen:gr|random:ran|ran4[15] ;
; gen:gl|random:ran|ran4[15]              ; Merged with gen:gr|random:ran|ran4[15] ;
; gen:gu|random:ran|ran4[15]              ; Merged with gen:gr|random:ran|ran4[15] ;
; gen:gd|random:ran|ran4[14]              ; Merged with gen:gr|random:ran|ran4[14] ;
; gen:gl|random:ran|ran4[14]              ; Merged with gen:gr|random:ran|ran4[14] ;
; gen:gu|random:ran|ran4[14]              ; Merged with gen:gr|random:ran|ran4[14] ;
; gen:gd|random:ran|ran4[13]              ; Merged with gen:gr|random:ran|ran4[13] ;
; gen:gl|random:ran|ran4[13]              ; Merged with gen:gr|random:ran|ran4[13] ;
; gen:gu|random:ran|ran4[13]              ; Merged with gen:gr|random:ran|ran4[13] ;
; gen:gd|random:ran|ran4[12]              ; Merged with gen:gr|random:ran|ran4[12] ;
; gen:gl|random:ran|ran4[12]              ; Merged with gen:gr|random:ran|ran4[12] ;
; gen:gu|random:ran|ran4[12]              ; Merged with gen:gr|random:ran|ran4[12] ;
; gen:gd|random:ran|ran4[11]              ; Merged with gen:gr|random:ran|ran4[11] ;
; gen:gl|random:ran|ran4[11]              ; Merged with gen:gr|random:ran|ran4[11] ;
; gen:gu|random:ran|ran4[11]              ; Merged with gen:gr|random:ran|ran4[11] ;
; gen:gd|random:ran|ran4[10]              ; Merged with gen:gr|random:ran|ran4[10] ;
; gen:gl|random:ran|ran4[10]              ; Merged with gen:gr|random:ran|ran4[10] ;
; gen:gu|random:ran|ran4[10]              ; Merged with gen:gr|random:ran|ran4[10] ;
; gen:gd|random:ran|ran4[9]               ; Merged with gen:gr|random:ran|ran4[9]  ;
; gen:gl|random:ran|ran4[9]               ; Merged with gen:gr|random:ran|ran4[9]  ;
; gen:gu|random:ran|ran4[9]               ; Merged with gen:gr|random:ran|ran4[9]  ;
; gen:gd|random:ran|ran4[8]               ; Merged with gen:gr|random:ran|ran4[8]  ;
; gen:gl|random:ran|ran4[8]               ; Merged with gen:gr|random:ran|ran4[8]  ;
; gen:gu|random:ran|ran4[8]               ; Merged with gen:gr|random:ran|ran4[8]  ;
; gen:gd|random:ran|ran4[7]               ; Merged with gen:gr|random:ran|ran4[7]  ;
; gen:gl|random:ran|ran4[7]               ; Merged with gen:gr|random:ran|ran4[7]  ;
; gen:gu|random:ran|ran4[7]               ; Merged with gen:gr|random:ran|ran4[7]  ;
; gen:gd|random:ran|ran4[6]               ; Merged with gen:gr|random:ran|ran4[6]  ;
; gen:gl|random:ran|ran4[6]               ; Merged with gen:gr|random:ran|ran4[6]  ;
; gen:gu|random:ran|ran4[6]               ; Merged with gen:gr|random:ran|ran4[6]  ;
; gen:gd|random:ran|ran4[5]               ; Merged with gen:gr|random:ran|ran4[5]  ;
; gen:gl|random:ran|ran4[5]               ; Merged with gen:gr|random:ran|ran4[5]  ;
; gen:gu|random:ran|ran4[5]               ; Merged with gen:gr|random:ran|ran4[5]  ;
; gen:gd|random:ran|ran4[4]               ; Merged with gen:gr|random:ran|ran4[4]  ;
; gen:gl|random:ran|ran4[4]               ; Merged with gen:gr|random:ran|ran4[4]  ;
; gen:gu|random:ran|ran4[4]               ; Merged with gen:gr|random:ran|ran4[4]  ;
; gen:gd|random:ran|ran4[3]               ; Merged with gen:gr|random:ran|ran4[3]  ;
; gen:gl|random:ran|ran4[3]               ; Merged with gen:gr|random:ran|ran4[3]  ;
; gen:gu|random:ran|ran4[3]               ; Merged with gen:gr|random:ran|ran4[3]  ;
; gen:gd|random:ran|ran4[2]               ; Merged with gen:gr|random:ran|ran4[2]  ;
; Total Number of Removed Registers = 138 ;                                        ;
+-----------------------------------------+----------------------------------------+
* Table truncated at 100 items. To change the number of removed registers reported, set the "Number of Removed Registers Reported" option under Assignments->Settings->Analysis and Synthesis Settings->More Settings


+-------------------------------------------------------------------------------------------------------------------------------------------+
; Removed Registers Triggering Further Register Optimizations                                                                               ;
+---------------------------+---------------------------+-----------------------------------------------------------------------------------+
; Register name             ; Reason for Removal        ; Registers Removed due to This Register                                            ;
+---------------------------+---------------------------+-----------------------------------------------------------------------------------+
; gen:gr|random:ran|ran4[3] ; Stuck at GND              ; gen:gr|random:ran|ran4[7], gen:gr|random:ran|ran4[11], gen:gr|random:ran|ran4[15] ;
;                           ; due to stuck port data_in ;                                                                                   ;
; gen:gr|random:ran|ran4[2] ; Stuck at GND              ; gen:gr|random:ran|ran4[6], gen:gr|random:ran|ran4[10], gen:gr|random:ran|ran4[14] ;
;                           ; due to stuck port data_in ;                                                                                   ;
; gen:gr|random:ran|ran4[1] ; Stuck at GND              ; gen:gr|random:ran|ran4[5], gen:gr|random:ran|ran4[9], gen:gr|random:ran|ran4[13]  ;
;                           ; due to stuck port data_in ;                                                                                   ;
+---------------------------+---------------------------+-----------------------------------------------------------------------------------+


+------------------------------------------------------+
; General Register Statistics                          ;
+----------------------------------------------+-------+
; Statistic                                    ; Value ;
+----------------------------------------------+-------+
; Total registers                              ; 92    ;
; Number of registers using Synchronous Clear  ; 0     ;
; Number of registers using Synchronous Load   ; 12    ;
; Number of registers using Asynchronous Clear ; 92    ;
; Number of registers using Asynchronous Load  ; 0     ;
; Number of registers using Clock Enable       ; 36    ;
; Number of registers using Preset             ; 0     ;
+----------------------------------------------+-------+


+---------------------------------------------------+
; Inverted Register Statistics                      ;
+-----------------------------------------+---------+
; Inverted Register                       ; Fan out ;
+-----------------------------------------+---------+
; s14[1]~reg0                             ; 38      ;
; s10[0]~reg0                             ; 57      ;
; s5[1]~reg0                              ; 38      ;
; s4[0]~reg0                              ; 47      ;
; s3[1]~reg0                              ; 27      ;
; s2[0]~reg0                              ; 45      ;
; s1[0]~reg0                              ; 47      ;
; gen:gr|random:ran|ran2[0]               ; 12      ;
; gen:gr|random:ran|ran3[0]               ; 8       ;
; gen:gr|random:ran|ran4[0]               ; 4       ;
; Total number of inverted registers = 10 ;         ;
+-----------------------------------------+---------+


+------------------------------------------------------------------------------------------------------------------------------------------+
; Multiplexer Restructuring Statistics (Restructuring Performed)                                                                           ;
+--------------------+-----------+---------------+----------------------+------------------------+------------+----------------------------+
; Multiplexer Inputs ; Bus Width ; Baseline Area ; Area if Restructured ; Saving if Restructured ; Registered ; Example Multiplexer Output ;
+--------------------+-----------+---------------+----------------------+------------------------+------------+----------------------------+
; 62:1               ; 3 bits    ; 123 LEs       ; 30 LEs               ; 93 LEs                 ; Yes        ; |game|s0[2]~reg0           ;
; 62:1               ; 2 bits    ; 82 LEs        ; 20 LEs               ; 62 LEs                 ; Yes        ; |game|s3[3]~reg0           ;
; 62:1               ; 3 bits    ; 123 LEs       ; 30 LEs               ; 93 LEs                 ; Yes        ; |game|s12[1]~reg0          ;
; 62:1               ; 3 bits    ; 123 LEs       ; 30 LEs               ; 93 LEs                 ; Yes        ; |game|s15[1]~reg0          ;
; 92:1               ; 2 bits    ; 122 LEs       ; 28 LEs               ; 94 LEs                 ; Yes        ; |game|s14[3]~reg0          ;
; 92:1               ; 3 bits    ; 183 LEs       ; 42 LEs               ; 141 LEs                ; Yes        ; |game|s11[2]~reg0          ;
; 92:1               ; 3 bits    ; 183 LEs       ; 39 LEs               ; 144 LEs                ; Yes        ; |game|s4[2]~reg0           ;
; 92:1               ; 3 bits    ; 183 LEs       ; 42 LEs               ; 141 LEs                ; Yes        ; |game|s1[3]~reg0           ;
; 93:1               ; 3 bits    ; 186 LEs       ; 39 LEs               ; 147 LEs                ; Yes        ; |game|s2[1]~reg0           ;
; 93:1               ; 3 bits    ; 186 LEs       ; 39 LEs               ; 147 LEs                ; Yes        ; |game|s7[1]~reg0           ;
; 93:1               ; 3 bits    ; 186 LEs       ; 39 LEs               ; 147 LEs                ; Yes        ; |game|s8[3]~reg0           ;
; 93:1               ; 3 bits    ; 186 LEs       ; 42 LEs               ; 144 LEs                ; Yes        ; |game|s13[1]~reg0          ;
; 118:1              ; 3 bits    ; 234 LEs       ; 57 LEs               ; 177 LEs                ; Yes        ; |game|s9[3]~reg0           ;
; 118:1              ; 3 bits    ; 234 LEs       ; 57 LEs               ; 177 LEs                ; Yes        ; |game|s10[3]~reg0          ;
; 118:1              ; 2 bits    ; 156 LEs       ; 38 LEs               ; 118 LEs                ; Yes        ; |game|s5[2]~reg0           ;
; 118:1              ; 3 bits    ; 234 LEs       ; 57 LEs               ; 177 LEs                ; Yes        ; |game|s6[2]~reg0           ;
; 3:1                ; 3 bits    ; 6 LEs         ; 6 LEs                ; 0 LEs                  ; No         ; |game|state~5              ;
+--------------------+-----------+---------------+----------------------+------------------------+------------+----------------------------+


+-------------------------------+
; Analysis & Synthesis Messages ;
+-------------------------------+
Info: *******************************************************************
Info: Running Quartus II Analysis & Synthesis
    Info: Version 9.0 Build 132 02/25/2009 SJ Full Version
    Info: Processing started: Tue Feb 28 01:17:14 2017
Info: Command: quartus_map --read_settings_files=on --write_settings_files=off top2048 -c top2048
Info: Found 5 design units, including 5 entities, in source file oled.v
    Info: Found entity 1: game
    Info: Found entity 2: seg
    Info: Found entity 3: move
    Info: Found entity 4: gen
    Info: Found entity 5: random
Info: Elaborating entity "game" for the top level hierarchy
Info (10264): Verilog HDL Case Statement information at oled.v(56): all case item expressions in this case statement are onehot
Info: Elaborating entity "move" for hierarchy "move:mu3"
Warning (10230): Verilog HDL assignment warning at oled.v(120): truncated value with size 44 to match size of target (16)
Warning (10230): Verilog HDL assignment warning at oled.v(123): truncated value with size 44 to match size of target (16)
Warning (10230): Verilog HDL assignment warning at oled.v(125): truncated value with size 44 to match size of target (16)
Warning (10230): Verilog HDL assignment warning at oled.v(127): truncated value with size 44 to match size of target (16)
Warning (10230): Verilog HDL assignment warning at oled.v(128): truncated value with size 44 to match size of target (16)
Warning (10230): Verilog HDL assignment warning at oled.v(131): truncated value with size 44 to match size of target (16)
Warning (10230): Verilog HDL assignment warning at oled.v(133): truncated value with size 44 to match size of target (16)
Warning (10230): Verilog HDL assignment warning at oled.v(135): truncated value with size 44 to match size of target (16)
Warning (10230): Verilog HDL assignment warning at oled.v(136): truncated value with size 44 to match size of target (16)
Warning (10230): Verilog HDL assignment warning at oled.v(138): truncated value with size 44 to match size of target (16)
Warning (10230): Verilog HDL assignment warning at oled.v(140): truncated value with size 44 to match size of target (16)
Warning (10230): Verilog HDL assignment warning at oled.v(141): truncated value with size 44 to match size of target (16)
Warning (10230): Verilog HDL assignment warning at oled.v(143): truncated value with size 44 to match size of target (16)
Warning (10230): Verilog HDL assignment warning at oled.v(144): truncated value with size 44 to match size of target (16)
Warning (10230): Verilog HDL assignment warning at oled.v(146): truncated value with size 72 to match size of target (16)
Warning (10230): Verilog HDL assignment warning at oled.v(147): truncated value with size 44 to match size of target (16)
Warning (10230): Verilog HDL assignment warning at oled.v(148): truncated value with size 44 to match size of target (16)
Warning (10230): Verilog HDL assignment warning at oled.v(149): truncated value with size 44 to match size of target (16)
Info: Elaborating entity "gen" for hierarchy "gen:gu"
Warning (10235): Verilog HDL Always Construct warning at oled.v(174): variable "ran4" is read inside the Always Construct but isn't in the Always Construct's Event Control
Warning (10235): Verilog HDL Always Construct warning at oled.v(175): variable "ran3" is read inside the Always Construct but isn't in the Always Construct's Event Control
Warning (10235): Verilog HDL Always Construct warning at oled.v(176): variable "ran3" is read inside the Always Construct but isn't in the Always Construct's Event Control
Warning (10235): Verilog HDL Always Construct warning at oled.v(177): variable "ran2" is read inside the Always Construct but isn't in the Always Construct's Event Control
Warning (10235): Verilog HDL Always Construct warning at oled.v(178): variable "ran3" is read inside the Always Construct but isn't in the Always Construct's Event Control
Warning (10235): Verilog HDL Always Construct warning at oled.v(179): variable "ran2" is read inside the Always Construct but isn't in the Always Construct's Event Control
Warning (10235): Verilog HDL Always Construct warning at oled.v(180): variable "ran2" is read inside the Always Construct but isn't in the Always Construct's Event Control
Warning (10235): Verilog HDL Always Construct warning at oled.v(182): variable "ran3" is read inside the Always Construct but isn't in the Always Construct's Event Control
Warning (10235): Verilog HDL Always Construct warning at oled.v(183): variable "ran2" is read inside the Always Construct but isn't in the Always Construct's Event Control
Warning (10235): Verilog HDL Always Construct warning at oled.v(184): variable "ran2" is read inside the Always Construct but isn't in the Always Construct's Event Control
Warning (10235): Verilog HDL Always Construct warning at oled.v(186): variable "ran2" is read inside the Always Construct but isn't in the Always Construct's Event Control
Info: Elaborating entity "random" for hierarchy "gen:gu|random:ran"
Info: Registers with preset signals will power-up high
Info: DEV_CLRn pin will set, and not reset, register with preset signal due to NOT Gate Push-Back
Info: 3 registers lost all their fanouts during netlist optimizations. The first 3 are displayed below.
    Info: Register "state~25" lost all its fanouts during netlist optimizations.
    Info: Register "state~26" lost all its fanouts during netlist optimizations.
    Info: Register "state.11" lost all its fanouts during netlist optimizations.
Info: Implemented 2997 device resources after synthesis - the final resource count might be different
    Info: Implemented 6 input pins
    Info: Implemented 80 output pins
    Info: Implemented 2911 logic cells
Info: Quartus II Analysis & Synthesis was successful. 0 errors, 29 warnings
    Info: Peak virtual memory: 233 megabytes
    Info: Processing ended: Tue Feb 28 01:17:41 2017
    Info: Elapsed time: 00:00:27
    Info: Total CPU time (on all processors): 00:00:27


