
*** Running vivado
    with args -log top.vdi -applog -m64 -product Vivado -messageDb vivado.pb -mode batch -source top.tcl -notrace


****** Vivado v2018.3 (64-bit)
  **** SW Build 2405991 on Thu Dec  6 23:38:27 MST 2018
  **** IP Build 2404404 on Fri Dec  7 01:43:56 MST 2018
    ** Copyright 1986-2018 Xilinx, Inc. All Rights Reserved.

Sourcing tcl script 'C:/Xilinx/Vivado/2018.3/scripts/Vivado_init.tcl'
source top.tcl -notrace
Command: link_design -top top -part xc7z020clg484-1
Design is defaulting to srcset: sources_1
Design is defaulting to constrset: constrs_1
INFO: [Project 1-454] Reading design checkpoint 'c:/Users/Administrator/Desktop/yafpgatetris/fpgatetrisV3/fpgatetris.srcs/sources_1/ip/clk_wiz/clk_wiz.dcp' for cell 'clk_wiz_inst'
INFO: [Project 1-454] Reading design checkpoint 'c:/Users/Administrator/Desktop/yafpgatetris/fpgatetrisV3/fpgatetris.srcs/sources_1/ip/string_rom/string_rom.dcp' for cell 'draw_tetris/draw_strings/font_rom'
INFO: [Project 1-454] Reading design checkpoint 'c:/Users/Administrator/Desktop/yafpgatetris/fpgatetrisV3/fpgatetris.srcs/sources_1/ip/string_rom_gameover/string_rom_gameover.dcp' for cell 'draw_tetris/draw_strings/draw_game_over/string_rom_gameover_inst'
INFO: [Project 1-454] Reading design checkpoint 'c:/Users/Administrator/Desktop/yafpgatetris/fpgatetrisV3/fpgatetris.srcs/sources_1/ip/string_rom_head/string_rom_head.dcp' for cell 'draw_tetris/draw_strings/draw_head/string_rom_head_inst'
INFO: [Project 1-454] Reading design checkpoint 'c:/Users/Administrator/Desktop/yafpgatetris/fpgatetrisV3/fpgatetris.srcs/sources_1/ip/ila_0/ila_0.dcp' for cell 'user_input/user_input_fifo'
INFO: [Netlist 29-17] Analyzing 6038 Unisim elements for replacement
INFO: [Netlist 29-28] Unisim Transformation completed in 2 CPU seconds
INFO: [Project 1-479] Netlist was created with Vivado 2018.3
INFO: [Device 21-403] Loading part xc7z020clg484-1
INFO: [Project 1-570] Preparing netlist for logic optimization
INFO: [Chipscope 16-324] Core: user_input/user_input_fifo UUID: 338c5f59-031c-59af-929d-e1fa5b9f6f56 
Parsing XDC File [c:/Users/Administrator/Desktop/yafpgatetris/fpgatetrisV3/fpgatetris.srcs/sources_1/ip/clk_wiz/clk_wiz_board.xdc] for cell 'clk_wiz_inst/inst'
Finished Parsing XDC File [c:/Users/Administrator/Desktop/yafpgatetris/fpgatetrisV3/fpgatetris.srcs/sources_1/ip/clk_wiz/clk_wiz_board.xdc] for cell 'clk_wiz_inst/inst'
Parsing XDC File [c:/Users/Administrator/Desktop/yafpgatetris/fpgatetrisV3/fpgatetris.srcs/sources_1/ip/clk_wiz/clk_wiz.xdc] for cell 'clk_wiz_inst/inst'
INFO: [Timing 38-35] Done setting XDC timing constraints. [c:/Users/Administrator/Desktop/yafpgatetris/fpgatetrisV3/fpgatetris.srcs/sources_1/ip/clk_wiz/clk_wiz.xdc:57]
INFO: [Timing 38-2] Deriving generated clocks [c:/Users/Administrator/Desktop/yafpgatetris/fpgatetrisV3/fpgatetris.srcs/sources_1/ip/clk_wiz/clk_wiz.xdc:57]
get_clocks: Time (s): cpu = 00:00:12 ; elapsed = 00:00:10 . Memory (MB): peak = 1490.797 ; gain = 600.430
Finished Parsing XDC File [c:/Users/Administrator/Desktop/yafpgatetris/fpgatetrisV3/fpgatetris.srcs/sources_1/ip/clk_wiz/clk_wiz.xdc] for cell 'clk_wiz_inst/inst'
Parsing XDC File [c:/Users/Administrator/Desktop/yafpgatetris/fpgatetrisV3/fpgatetris.srcs/sources_1/ip/ila_0/ila_v6_2/constraints/ila_impl.xdc] for cell 'user_input/user_input_fifo/inst'
Finished Parsing XDC File [c:/Users/Administrator/Desktop/yafpgatetris/fpgatetrisV3/fpgatetris.srcs/sources_1/ip/ila_0/ila_v6_2/constraints/ila_impl.xdc] for cell 'user_input/user_input_fifo/inst'
Parsing XDC File [c:/Users/Administrator/Desktop/yafpgatetris/fpgatetrisV3/fpgatetris.srcs/sources_1/ip/ila_0/ila_v6_2/constraints/ila.xdc] for cell 'user_input/user_input_fifo/inst'
Finished Parsing XDC File [c:/Users/Administrator/Desktop/yafpgatetris/fpgatetrisV3/fpgatetris.srcs/sources_1/ip/ila_0/ila_v6_2/constraints/ila.xdc] for cell 'user_input/user_input_fifo/inst'
Parsing XDC File [C:/Users/Administrator/Desktop/yafpgatetris/fpgatetrisV3/fpgatetris.srcs/constrs_1/new/pin.xdc]
WARNING: [Vivado 12-584] No ports matched 'AC_ADR0'. [C:/Users/Administrator/Desktop/yafpgatetris/fpgatetrisV3/fpgatetris.srcs/constrs_1/new/pin.xdc:69]
CRITICAL WARNING: [Common 17-55] 'set_property' expects at least one object. [C:/Users/Administrator/Desktop/yafpgatetris/fpgatetrisV3/fpgatetris.srcs/constrs_1/new/pin.xdc:69]
Resolution: If [get_<value>] was used to populate the object, check to make sure this command returns at least one valid object.
WARNING: [Vivado 12-584] No ports matched 'AC_ADR1'. [C:/Users/Administrator/Desktop/yafpgatetris/fpgatetrisV3/fpgatetris.srcs/constrs_1/new/pin.xdc:70]
CRITICAL WARNING: [Common 17-55] 'set_property' expects at least one object. [C:/Users/Administrator/Desktop/yafpgatetris/fpgatetrisV3/fpgatetris.srcs/constrs_1/new/pin.xdc:70]
Resolution: If [get_<value>] was used to populate the object, check to make sure this command returns at least one valid object.
WARNING: [Vivado 12-584] No ports matched 'AC_GPIO0'. [C:/Users/Administrator/Desktop/yafpgatetris/fpgatetrisV3/fpgatetris.srcs/constrs_1/new/pin.xdc:71]
CRITICAL WARNING: [Common 17-55] 'set_property' expects at least one object. [C:/Users/Administrator/Desktop/yafpgatetris/fpgatetrisV3/fpgatetris.srcs/constrs_1/new/pin.xdc:71]
Resolution: If [get_<value>] was used to populate the object, check to make sure this command returns at least one valid object.
WARNING: [Vivado 12-584] No ports matched 'AC_GPIO1'. [C:/Users/Administrator/Desktop/yafpgatetris/fpgatetrisV3/fpgatetris.srcs/constrs_1/new/pin.xdc:72]
CRITICAL WARNING: [Common 17-55] 'set_property' expects at least one object. [C:/Users/Administrator/Desktop/yafpgatetris/fpgatetrisV3/fpgatetris.srcs/constrs_1/new/pin.xdc:72]
Resolution: If [get_<value>] was used to populate the object, check to make sure this command returns at least one valid object.
WARNING: [Vivado 12-584] No ports matched 'AC_GPIO2'. [C:/Users/Administrator/Desktop/yafpgatetris/fpgatetrisV3/fpgatetris.srcs/constrs_1/new/pin.xdc:73]
CRITICAL WARNING: [Common 17-55] 'set_property' expects at least one object. [C:/Users/Administrator/Desktop/yafpgatetris/fpgatetrisV3/fpgatetris.srcs/constrs_1/new/pin.xdc:73]
Resolution: If [get_<value>] was used to populate the object, check to make sure this command returns at least one valid object.
WARNING: [Vivado 12-584] No ports matched 'AC_GPIO3'. [C:/Users/Administrator/Desktop/yafpgatetris/fpgatetrisV3/fpgatetris.srcs/constrs_1/new/pin.xdc:74]
CRITICAL WARNING: [Common 17-55] 'set_property' expects at least one object. [C:/Users/Administrator/Desktop/yafpgatetris/fpgatetrisV3/fpgatetris.srcs/constrs_1/new/pin.xdc:74]
Resolution: If [get_<value>] was used to populate the object, check to make sure this command returns at least one valid object.
WARNING: [Vivado 12-584] No ports matched 'AC_MCLK'. [C:/Users/Administrator/Desktop/yafpgatetris/fpgatetrisV3/fpgatetris.srcs/constrs_1/new/pin.xdc:75]
CRITICAL WARNING: [Common 17-55] 'set_property' expects at least one object. [C:/Users/Administrator/Desktop/yafpgatetris/fpgatetrisV3/fpgatetris.srcs/constrs_1/new/pin.xdc:75]
Resolution: If [get_<value>] was used to populate the object, check to make sure this command returns at least one valid object.
WARNING: [Vivado 12-584] No ports matched 'AC_SCK'. [C:/Users/Administrator/Desktop/yafpgatetris/fpgatetrisV3/fpgatetris.srcs/constrs_1/new/pin.xdc:76]
CRITICAL WARNING: [Common 17-55] 'set_property' expects at least one object. [C:/Users/Administrator/Desktop/yafpgatetris/fpgatetrisV3/fpgatetris.srcs/constrs_1/new/pin.xdc:76]
Resolution: If [get_<value>] was used to populate the object, check to make sure this command returns at least one valid object.
WARNING: [Vivado 12-584] No ports matched 'AC_SDA'. [C:/Users/Administrator/Desktop/yafpgatetris/fpgatetrisV3/fpgatetris.srcs/constrs_1/new/pin.xdc:77]
CRITICAL WARNING: [Common 17-55] 'set_property' expects at least one object. [C:/Users/Administrator/Desktop/yafpgatetris/fpgatetrisV3/fpgatetris.srcs/constrs_1/new/pin.xdc:77]
Resolution: If [get_<value>] was used to populate the object, check to make sure this command returns at least one valid object.
WARNING: [Vivado 12-584] No ports matched 'JA1'. [C:/Users/Administrator/Desktop/yafpgatetris/fpgatetrisV3/fpgatetris.srcs/constrs_1/new/pin.xdc:87]
CRITICAL WARNING: [Common 17-55] 'set_property' expects at least one object. [C:/Users/Administrator/Desktop/yafpgatetris/fpgatetrisV3/fpgatetris.srcs/constrs_1/new/pin.xdc:87]
Resolution: If [get_<value>] was used to populate the object, check to make sure this command returns at least one valid object.
WARNING: [Vivado 12-584] No ports matched 'JA10'. [C:/Users/Administrator/Desktop/yafpgatetris/fpgatetrisV3/fpgatetris.srcs/constrs_1/new/pin.xdc:88]
CRITICAL WARNING: [Common 17-55] 'set_property' expects at least one object. [C:/Users/Administrator/Desktop/yafpgatetris/fpgatetrisV3/fpgatetris.srcs/constrs_1/new/pin.xdc:88]
Resolution: If [get_<value>] was used to populate the object, check to make sure this command returns at least one valid object.
WARNING: [Vivado 12-584] No ports matched 'JA2'. [C:/Users/Administrator/Desktop/yafpgatetris/fpgatetrisV3/fpgatetris.srcs/constrs_1/new/pin.xdc:89]
CRITICAL WARNING: [Common 17-55] 'set_property' expects at least one object. [C:/Users/Administrator/Desktop/yafpgatetris/fpgatetrisV3/fpgatetris.srcs/constrs_1/new/pin.xdc:89]
Resolution: If [get_<value>] was used to populate the object, check to make sure this command returns at least one valid object.
WARNING: [Vivado 12-584] No ports matched 'JA3'. [C:/Users/Administrator/Desktop/yafpgatetris/fpgatetrisV3/fpgatetris.srcs/constrs_1/new/pin.xdc:90]
CRITICAL WARNING: [Common 17-55] 'set_property' expects at least one object. [C:/Users/Administrator/Desktop/yafpgatetris/fpgatetrisV3/fpgatetris.srcs/constrs_1/new/pin.xdc:90]
Resolution: If [get_<value>] was used to populate the object, check to make sure this command returns at least one valid object.
WARNING: [Vivado 12-584] No ports matched 'JA4'. [C:/Users/Administrator/Desktop/yafpgatetris/fpgatetrisV3/fpgatetris.srcs/constrs_1/new/pin.xdc:91]
CRITICAL WARNING: [Common 17-55] 'set_property' expects at least one object. [C:/Users/Administrator/Desktop/yafpgatetris/fpgatetrisV3/fpgatetris.srcs/constrs_1/new/pin.xdc:91]
Resolution: If [get_<value>] was used to populate the object, check to make sure this command returns at least one valid object.
WARNING: [Vivado 12-584] No ports matched 'JA7'. [C:/Users/Administrator/Desktop/yafpgatetris/fpgatetrisV3/fpgatetris.srcs/constrs_1/new/pin.xdc:92]
CRITICAL WARNING: [Common 17-55] 'set_property' expects at least one object. [C:/Users/Administrator/Desktop/yafpgatetris/fpgatetrisV3/fpgatetris.srcs/constrs_1/new/pin.xdc:92]
Resolution: If [get_<value>] was used to populate the object, check to make sure this command returns at least one valid object.
WARNING: [Vivado 12-584] No ports matched 'JA8'. [C:/Users/Administrator/Desktop/yafpgatetris/fpgatetrisV3/fpgatetris.srcs/constrs_1/new/pin.xdc:93]
CRITICAL WARNING: [Common 17-55] 'set_property' expects at least one object. [C:/Users/Administrator/Desktop/yafpgatetris/fpgatetrisV3/fpgatetris.srcs/constrs_1/new/pin.xdc:93]
Resolution: If [get_<value>] was used to populate the object, check to make sure this command returns at least one valid object.
WARNING: [Vivado 12-584] No ports matched 'JA9'. [C:/Users/Administrator/Desktop/yafpgatetris/fpgatetrisV3/fpgatetris.srcs/constrs_1/new/pin.xdc:94]
CRITICAL WARNING: [Common 17-55] 'set_property' expects at least one object. [C:/Users/Administrator/Desktop/yafpgatetris/fpgatetrisV3/fpgatetris.srcs/constrs_1/new/pin.xdc:94]
Resolution: If [get_<value>] was used to populate the object, check to make sure this command returns at least one valid object.
WARNING: [Vivado 12-584] No ports matched 'JB1'. [C:/Users/Administrator/Desktop/yafpgatetris/fpgatetrisV3/fpgatetris.srcs/constrs_1/new/pin.xdc:100]
CRITICAL WARNING: [Common 17-55] 'set_property' expects at least one object. [C:/Users/Administrator/Desktop/yafpgatetris/fpgatetrisV3/fpgatetris.srcs/constrs_1/new/pin.xdc:100]
Resolution: If [get_<value>] was used to populate the object, check to make sure this command returns at least one valid object.
WARNING: [Vivado 12-584] No ports matched 'JB10'. [C:/Users/Administrator/Desktop/yafpgatetris/fpgatetrisV3/fpgatetris.srcs/constrs_1/new/pin.xdc:101]
CRITICAL WARNING: [Common 17-55] 'set_property' expects at least one object. [C:/Users/Administrator/Desktop/yafpgatetris/fpgatetrisV3/fpgatetris.srcs/constrs_1/new/pin.xdc:101]
Resolution: If [get_<value>] was used to populate the object, check to make sure this command returns at least one valid object.
WARNING: [Vivado 12-584] No ports matched 'JB2'. [C:/Users/Administrator/Desktop/yafpgatetris/fpgatetrisV3/fpgatetris.srcs/constrs_1/new/pin.xdc:102]
CRITICAL WARNING: [Common 17-55] 'set_property' expects at least one object. [C:/Users/Administrator/Desktop/yafpgatetris/fpgatetrisV3/fpgatetris.srcs/constrs_1/new/pin.xdc:102]
Resolution: If [get_<value>] was used to populate the object, check to make sure this command returns at least one valid object.
WARNING: [Vivado 12-584] No ports matched 'JB3'. [C:/Users/Administrator/Desktop/yafpgatetris/fpgatetrisV3/fpgatetris.srcs/constrs_1/new/pin.xdc:103]
CRITICAL WARNING: [Common 17-55] 'set_property' expects at least one object. [C:/Users/Administrator/Desktop/yafpgatetris/fpgatetrisV3/fpgatetris.srcs/constrs_1/new/pin.xdc:103]
Resolution: If [get_<value>] was used to populate the object, check to make sure this command returns at least one valid object.
WARNING: [Vivado 12-584] No ports matched 'JB4'. [C:/Users/Administrator/Desktop/yafpgatetris/fpgatetrisV3/fpgatetris.srcs/constrs_1/new/pin.xdc:104]
CRITICAL WARNING: [Common 17-55] 'set_property' expects at least one object. [C:/Users/Administrator/Desktop/yafpgatetris/fpgatetrisV3/fpgatetris.srcs/constrs_1/new/pin.xdc:104]
Resolution: If [get_<value>] was used to populate the object, check to make sure this command returns at least one valid object.
WARNING: [Vivado 12-584] No ports matched 'JB7'. [C:/Users/Administrator/Desktop/yafpgatetris/fpgatetrisV3/fpgatetris.srcs/constrs_1/new/pin.xdc:105]
CRITICAL WARNING: [Common 17-55] 'set_property' expects at least one object. [C:/Users/Administrator/Desktop/yafpgatetris/fpgatetrisV3/fpgatetris.srcs/constrs_1/new/pin.xdc:105]
Resolution: If [get_<value>] was used to populate the object, check to make sure this command returns at least one valid object.
WARNING: [Vivado 12-584] No ports matched 'JB8'. [C:/Users/Administrator/Desktop/yafpgatetris/fpgatetrisV3/fpgatetris.srcs/constrs_1/new/pin.xdc:106]
CRITICAL WARNING: [Common 17-55] 'set_property' expects at least one object. [C:/Users/Administrator/Desktop/yafpgatetris/fpgatetrisV3/fpgatetris.srcs/constrs_1/new/pin.xdc:106]
Resolution: If [get_<value>] was used to populate the object, check to make sure this command returns at least one valid object.
WARNING: [Vivado 12-584] No ports matched 'JB9'. [C:/Users/Administrator/Desktop/yafpgatetris/fpgatetrisV3/fpgatetris.srcs/constrs_1/new/pin.xdc:107]
CRITICAL WARNING: [Common 17-55] 'set_property' expects at least one object. [C:/Users/Administrator/Desktop/yafpgatetris/fpgatetrisV3/fpgatetris.srcs/constrs_1/new/pin.xdc:107]
Resolution: If [get_<value>] was used to populate the object, check to make sure this command returns at least one valid object.
WARNING: [Vivado 12-584] No ports matched 'JC1_N'. [C:/Users/Administrator/Desktop/yafpgatetris/fpgatetrisV3/fpgatetris.srcs/constrs_1/new/pin.xdc:112]
CRITICAL WARNING: [Common 17-55] 'set_property' expects at least one object. [C:/Users/Administrator/Desktop/yafpgatetris/fpgatetrisV3/fpgatetris.srcs/constrs_1/new/pin.xdc:112]
Resolution: If [get_<value>] was used to populate the object, check to make sure this command returns at least one valid object.
WARNING: [Vivado 12-584] No ports matched 'JC2_N'. [C:/Users/Administrator/Desktop/yafpgatetris/fpgatetrisV3/fpgatetris.srcs/constrs_1/new/pin.xdc:114]
CRITICAL WARNING: [Common 17-55] 'set_property' expects at least one object. [C:/Users/Administrator/Desktop/yafpgatetris/fpgatetrisV3/fpgatetris.srcs/constrs_1/new/pin.xdc:114]
Resolution: If [get_<value>] was used to populate the object, check to make sure this command returns at least one valid object.
WARNING: [Vivado 12-584] No ports matched 'JC2_P'. [C:/Users/Administrator/Desktop/yafpgatetris/fpgatetrisV3/fpgatetris.srcs/constrs_1/new/pin.xdc:115]
CRITICAL WARNING: [Common 17-55] 'set_property' expects at least one object. [C:/Users/Administrator/Desktop/yafpgatetris/fpgatetrisV3/fpgatetris.srcs/constrs_1/new/pin.xdc:115]
Resolution: If [get_<value>] was used to populate the object, check to make sure this command returns at least one valid object.
WARNING: [Vivado 12-584] No ports matched 'JC3_N'. [C:/Users/Administrator/Desktop/yafpgatetris/fpgatetrisV3/fpgatetris.srcs/constrs_1/new/pin.xdc:116]
CRITICAL WARNING: [Common 17-55] 'set_property' expects at least one object. [C:/Users/Administrator/Desktop/yafpgatetris/fpgatetrisV3/fpgatetris.srcs/constrs_1/new/pin.xdc:116]
Resolution: If [get_<value>] was used to populate the object, check to make sure this command returns at least one valid object.
WARNING: [Vivado 12-584] No ports matched 'JC4_N'. [C:/Users/Administrator/Desktop/yafpgatetris/fpgatetrisV3/fpgatetris.srcs/constrs_1/new/pin.xdc:118]
CRITICAL WARNING: [Common 17-55] 'set_property' expects at least one object. [C:/Users/Administrator/Desktop/yafpgatetris/fpgatetrisV3/fpgatetris.srcs/constrs_1/new/pin.xdc:118]
Resolution: If [get_<value>] was used to populate the object, check to make sure this command returns at least one valid object.
WARNING: [Vivado 12-584] No ports matched 'JC4_P'. [C:/Users/Administrator/Desktop/yafpgatetris/fpgatetrisV3/fpgatetris.srcs/constrs_1/new/pin.xdc:119]
CRITICAL WARNING: [Common 17-55] 'set_property' expects at least one object. [C:/Users/Administrator/Desktop/yafpgatetris/fpgatetrisV3/fpgatetris.srcs/constrs_1/new/pin.xdc:119]
Resolution: If [get_<value>] was used to populate the object, check to make sure this command returns at least one valid object.
WARNING: [Vivado 12-584] No ports matched 'JD1_N'. [C:/Users/Administrator/Desktop/yafpgatetris/fpgatetrisV3/fpgatetris.srcs/constrs_1/new/pin.xdc:124]
CRITICAL WARNING: [Common 17-55] 'set_property' expects at least one object. [C:/Users/Administrator/Desktop/yafpgatetris/fpgatetrisV3/fpgatetris.srcs/constrs_1/new/pin.xdc:124]
Resolution: If [get_<value>] was used to populate the object, check to make sure this command returns at least one valid object.
WARNING: [Vivado 12-584] No ports matched 'JD1_P'. [C:/Users/Administrator/Desktop/yafpgatetris/fpgatetrisV3/fpgatetris.srcs/constrs_1/new/pin.xdc:125]
CRITICAL WARNING: [Common 17-55] 'set_property' expects at least one object. [C:/Users/Administrator/Desktop/yafpgatetris/fpgatetrisV3/fpgatetris.srcs/constrs_1/new/pin.xdc:125]
Resolution: If [get_<value>] was used to populate the object, check to make sure this command returns at least one valid object.
WARNING: [Vivado 12-584] No ports matched 'JD2_N'. [C:/Users/Administrator/Desktop/yafpgatetris/fpgatetrisV3/fpgatetris.srcs/constrs_1/new/pin.xdc:126]
CRITICAL WARNING: [Common 17-55] 'set_property' expects at least one object. [C:/Users/Administrator/Desktop/yafpgatetris/fpgatetrisV3/fpgatetris.srcs/constrs_1/new/pin.xdc:126]
Resolution: If [get_<value>] was used to populate the object, check to make sure this command returns at least one valid object.
WARNING: [Vivado 12-584] No ports matched 'JD2_P'. [C:/Users/Administrator/Desktop/yafpgatetris/fpgatetrisV3/fpgatetris.srcs/constrs_1/new/pin.xdc:127]
CRITICAL WARNING: [Common 17-55] 'set_property' expects at least one object. [C:/Users/Administrator/Desktop/yafpgatetris/fpgatetrisV3/fpgatetris.srcs/constrs_1/new/pin.xdc:127]
Resolution: If [get_<value>] was used to populate the object, check to make sure this command returns at least one valid object.
WARNING: [Vivado 12-584] No ports matched 'JD3_N'. [C:/Users/Administrator/Desktop/yafpgatetris/fpgatetrisV3/fpgatetris.srcs/constrs_1/new/pin.xdc:128]
CRITICAL WARNING: [Common 17-55] 'set_property' expects at least one object. [C:/Users/Administrator/Desktop/yafpgatetris/fpgatetrisV3/fpgatetris.srcs/constrs_1/new/pin.xdc:128]
Resolution: If [get_<value>] was used to populate the object, check to make sure this command returns at least one valid object.
WARNING: [Vivado 12-584] No ports matched 'JD3_P'. [C:/Users/Administrator/Desktop/yafpgatetris/fpgatetrisV3/fpgatetris.srcs/constrs_1/new/pin.xdc:129]
CRITICAL WARNING: [Common 17-55] 'set_property' expects at least one object. [C:/Users/Administrator/Desktop/yafpgatetris/fpgatetrisV3/fpgatetris.srcs/constrs_1/new/pin.xdc:129]
Resolution: If [get_<value>] was used to populate the object, check to make sure this command returns at least one valid object.
WARNING: [Vivado 12-584] No ports matched 'JD4_N'. [C:/Users/Administrator/Desktop/yafpgatetris/fpgatetrisV3/fpgatetris.srcs/constrs_1/new/pin.xdc:130]
CRITICAL WARNING: [Common 17-55] 'set_property' expects at least one object. [C:/Users/Administrator/Desktop/yafpgatetris/fpgatetrisV3/fpgatetris.srcs/constrs_1/new/pin.xdc:130]
Resolution: If [get_<value>] was used to populate the object, check to make sure this command returns at least one valid object.
WARNING: [Vivado 12-584] No ports matched 'JD4_P'. [C:/Users/Administrator/Desktop/yafpgatetris/fpgatetrisV3/fpgatetris.srcs/constrs_1/new/pin.xdc:131]
CRITICAL WARNING: [Common 17-55] 'set_property' expects at least one object. [C:/Users/Administrator/Desktop/yafpgatetris/fpgatetrisV3/fpgatetris.srcs/constrs_1/new/pin.xdc:131]
Resolution: If [get_<value>] was used to populate the object, check to make sure this command returns at least one valid object.
WARNING: [Vivado 12-584] No ports matched 'OLED_DC'. [C:/Users/Administrator/Desktop/yafpgatetris/fpgatetrisV3/fpgatetris.srcs/constrs_1/new/pin.xdc:136]
CRITICAL WARNING: [Common 17-55] 'set_property' expects at least one object. [C:/Users/Administrator/Desktop/yafpgatetris/fpgatetrisV3/fpgatetris.srcs/constrs_1/new/pin.xdc:136]
Resolution: If [get_<value>] was used to populate the object, check to make sure this command returns at least one valid object.
WARNING: [Vivado 12-584] No ports matched 'OLED_RES'. [C:/Users/Administrator/Desktop/yafpgatetris/fpgatetrisV3/fpgatetris.srcs/constrs_1/new/pin.xdc:137]
CRITICAL WARNING: [Common 17-55] 'set_property' expects at least one object. [C:/Users/Administrator/Desktop/yafpgatetris/fpgatetrisV3/fpgatetris.srcs/constrs_1/new/pin.xdc:137]
Resolution: If [get_<value>] was used to populate the object, check to make sure this command returns at least one valid object.
WARNING: [Vivado 12-584] No ports matched 'OLED_SCLK'. [C:/Users/Administrator/Desktop/yafpgatetris/fpgatetrisV3/fpgatetris.srcs/constrs_1/new/pin.xdc:138]
CRITICAL WARNING: [Common 17-55] 'set_property' expects at least one object. [C:/Users/Administrator/Desktop/yafpgatetris/fpgatetrisV3/fpgatetris.srcs/constrs_1/new/pin.xdc:138]
Resolution: If [get_<value>] was used to populate the object, check to make sure this command returns at least one valid object.
WARNING: [Vivado 12-584] No ports matched 'OLED_SDIN'. [C:/Users/Administrator/Desktop/yafpgatetris/fpgatetrisV3/fpgatetris.srcs/constrs_1/new/pin.xdc:139]
CRITICAL WARNING: [Common 17-55] 'set_property' expects at least one object. [C:/Users/Administrator/Desktop/yafpgatetris/fpgatetrisV3/fpgatetris.srcs/constrs_1/new/pin.xdc:139]
Resolution: If [get_<value>] was used to populate the object, check to make sure this command returns at least one valid object.
WARNING: [Vivado 12-584] No ports matched 'OLED_VBAT'. [C:/Users/Administrator/Desktop/yafpgatetris/fpgatetrisV3/fpgatetris.srcs/constrs_1/new/pin.xdc:140]
CRITICAL WARNING: [Common 17-55] 'set_property' expects at least one object. [C:/Users/Administrator/Desktop/yafpgatetris/fpgatetrisV3/fpgatetris.srcs/constrs_1/new/pin.xdc:140]
Resolution: If [get_<value>] was used to populate the object, check to make sure this command returns at least one valid object.
WARNING: [Vivado 12-584] No ports matched 'OLED_VDD'. [C:/Users/Administrator/Desktop/yafpgatetris/fpgatetrisV3/fpgatetris.srcs/constrs_1/new/pin.xdc:141]
CRITICAL WARNING: [Common 17-55] 'set_property' expects at least one object. [C:/Users/Administrator/Desktop/yafpgatetris/fpgatetrisV3/fpgatetris.srcs/constrs_1/new/pin.xdc:141]
Resolution: If [get_<value>] was used to populate the object, check to make sure this command returns at least one valid object.
WARNING: [Vivado 12-584] No ports matched 'HD_CLK'. [C:/Users/Administrator/Desktop/yafpgatetris/fpgatetrisV3/fpgatetris.srcs/constrs_1/new/pin.xdc:146]
CRITICAL WARNING: [Common 17-55] 'set_property' expects at least one object. [C:/Users/Administrator/Desktop/yafpgatetris/fpgatetrisV3/fpgatetris.srcs/constrs_1/new/pin.xdc:146]
Resolution: If [get_<value>] was used to populate the object, check to make sure this command returns at least one valid object.
WARNING: [Vivado 12-584] No ports matched 'HD_D0'. [C:/Users/Administrator/Desktop/yafpgatetris/fpgatetrisV3/fpgatetris.srcs/constrs_1/new/pin.xdc:147]
CRITICAL WARNING: [Common 17-55] 'set_property' expects at least one object. [C:/Users/Administrator/Desktop/yafpgatetris/fpgatetrisV3/fpgatetris.srcs/constrs_1/new/pin.xdc:147]
Resolution: If [get_<value>] was used to populate the object, check to make sure this command returns at least one valid object.
WARNING: [Vivado 12-584] No ports matched 'HD_D1'. [C:/Users/Administrator/Desktop/yafpgatetris/fpgatetrisV3/fpgatetris.srcs/constrs_1/new/pin.xdc:148]
CRITICAL WARNING: [Common 17-55] 'set_property' expects at least one object. [C:/Users/Administrator/Desktop/yafpgatetris/fpgatetrisV3/fpgatetris.srcs/constrs_1/new/pin.xdc:148]
Resolution: If [get_<value>] was used to populate the object, check to make sure this command returns at least one valid object.
WARNING: [Vivado 12-584] No ports matched 'HD_D10'. [C:/Users/Administrator/Desktop/yafpgatetris/fpgatetrisV3/fpgatetris.srcs/constrs_1/new/pin.xdc:149]
CRITICAL WARNING: [Common 17-55] 'set_property' expects at least one object. [C:/Users/Administrator/Desktop/yafpgatetris/fpgatetrisV3/fpgatetris.srcs/constrs_1/new/pin.xdc:149]
Resolution: If [get_<value>] was used to populate the object, check to make sure this command returns at least one valid object.
WARNING: [Vivado 12-584] No ports matched 'HD_D11'. [C:/Users/Administrator/Desktop/yafpgatetris/fpgatetrisV3/fpgatetris.srcs/constrs_1/new/pin.xdc:150]
CRITICAL WARNING: [Common 17-55] 'set_property' expects at least one object. [C:/Users/Administrator/Desktop/yafpgatetris/fpgatetrisV3/fpgatetris.srcs/constrs_1/new/pin.xdc:150]
Resolution: If [get_<value>] was used to populate the object, check to make sure this command returns at least one valid object.
WARNING: [Vivado 12-584] No ports matched 'HD_D12'. [C:/Users/Administrator/Desktop/yafpgatetris/fpgatetrisV3/fpgatetris.srcs/constrs_1/new/pin.xdc:151]
CRITICAL WARNING: [Common 17-55] 'set_property' expects at least one object. [C:/Users/Administrator/Desktop/yafpgatetris/fpgatetrisV3/fpgatetris.srcs/constrs_1/new/pin.xdc:151]
Resolution: If [get_<value>] was used to populate the object, check to make sure this command returns at least one valid object.
WARNING: [Vivado 12-584] No ports matched 'HD_D13'. [C:/Users/Administrator/Desktop/yafpgatetris/fpgatetrisV3/fpgatetris.srcs/constrs_1/new/pin.xdc:152]
CRITICAL WARNING: [Common 17-55] 'set_property' expects at least one object. [C:/Users/Administrator/Desktop/yafpgatetris/fpgatetrisV3/fpgatetris.srcs/constrs_1/new/pin.xdc:152]
Resolution: If [get_<value>] was used to populate the object, check to make sure this command returns at least one valid object.
WARNING: [Vivado 12-584] No ports matched 'HD_D14'. [C:/Users/Administrator/Desktop/yafpgatetris/fpgatetrisV3/fpgatetris.srcs/constrs_1/new/pin.xdc:153]
CRITICAL WARNING: [Common 17-55] 'set_property' expects at least one object. [C:/Users/Administrator/Desktop/yafpgatetris/fpgatetrisV3/fpgatetris.srcs/constrs_1/new/pin.xdc:153]
Resolution: If [get_<value>] was used to populate the object, check to make sure this command returns at least one valid object.
WARNING: [Vivado 12-584] No ports matched 'HS_D15'. [C:/Users/Administrator/Desktop/yafpgatetris/fpgatetrisV3/fpgatetris.srcs/constrs_1/new/pin.xdc:154]
CRITICAL WARNING: [Common 17-55] 'set_property' expects at least one object. [C:/Users/Administrator/Desktop/yafpgatetris/fpgatetrisV3/fpgatetris.srcs/constrs_1/new/pin.xdc:154]
Resolution: If [get_<value>] was used to populate the object, check to make sure this command returns at least one valid object.
WARNING: [Vivado 12-584] No ports matched 'HD_D2'. [C:/Users/Administrator/Desktop/yafpgatetris/fpgatetrisV3/fpgatetris.srcs/constrs_1/new/pin.xdc:155]
CRITICAL WARNING: [Common 17-55] 'set_property' expects at least one object. [C:/Users/Administrator/Desktop/yafpgatetris/fpgatetrisV3/fpgatetris.srcs/constrs_1/new/pin.xdc:155]
Resolution: If [get_<value>] was used to populate the object, check to make sure this command returns at least one valid object.
WARNING: [Vivado 12-584] No ports matched 'HD_D3'. [C:/Users/Administrator/Desktop/yafpgatetris/fpgatetrisV3/fpgatetris.srcs/constrs_1/new/pin.xdc:156]
CRITICAL WARNING: [Common 17-55] 'set_property' expects at least one object. [C:/Users/Administrator/Desktop/yafpgatetris/fpgatetrisV3/fpgatetris.srcs/constrs_1/new/pin.xdc:156]
Resolution: If [get_<value>] was used to populate the object, check to make sure this command returns at least one valid object.
WARNING: [Vivado 12-584] No ports matched 'HD_D4'. [C:/Users/Administrator/Desktop/yafpgatetris/fpgatetrisV3/fpgatetris.srcs/constrs_1/new/pin.xdc:157]
CRITICAL WARNING: [Common 17-55] 'set_property' expects at least one object. [C:/Users/Administrator/Desktop/yafpgatetris/fpgatetrisV3/fpgatetris.srcs/constrs_1/new/pin.xdc:157]
Resolution: If [get_<value>] was used to populate the object, check to make sure this command returns at least one valid object.
WARNING: [Vivado 12-584] No ports matched 'HD_D5'. [C:/Users/Administrator/Desktop/yafpgatetris/fpgatetrisV3/fpgatetris.srcs/constrs_1/new/pin.xdc:158]
CRITICAL WARNING: [Common 17-55] 'set_property' expects at least one object. [C:/Users/Administrator/Desktop/yafpgatetris/fpgatetrisV3/fpgatetris.srcs/constrs_1/new/pin.xdc:158]
Resolution: If [get_<value>] was used to populate the object, check to make sure this command returns at least one valid object.
WARNING: [Vivado 12-584] No ports matched 'HD_D6'. [C:/Users/Administrator/Desktop/yafpgatetris/fpgatetrisV3/fpgatetris.srcs/constrs_1/new/pin.xdc:159]
CRITICAL WARNING: [Common 17-55] 'set_property' expects at least one object. [C:/Users/Administrator/Desktop/yafpgatetris/fpgatetrisV3/fpgatetris.srcs/constrs_1/new/pin.xdc:159]
Resolution: If [get_<value>] was used to populate the object, check to make sure this command returns at least one valid object.
WARNING: [Vivado 12-584] No ports matched 'HD_D7'. [C:/Users/Administrator/Desktop/yafpgatetris/fpgatetrisV3/fpgatetris.srcs/constrs_1/new/pin.xdc:160]
CRITICAL WARNING: [Common 17-55] 'set_property' expects at least one object. [C:/Users/Administrator/Desktop/yafpgatetris/fpgatetrisV3/fpgatetris.srcs/constrs_1/new/pin.xdc:160]
Resolution: If [get_<value>] was used to populate the object, check to make sure this command returns at least one valid object.
WARNING: [Vivado 12-584] No ports matched 'HD_D8'. [C:/Users/Administrator/Desktop/yafpgatetris/fpgatetrisV3/fpgatetris.srcs/constrs_1/new/pin.xdc:161]
CRITICAL WARNING: [Common 17-55] 'set_property' expects at least one object. [C:/Users/Administrator/Desktop/yafpgatetris/fpgatetrisV3/fpgatetris.srcs/constrs_1/new/pin.xdc:161]
Resolution: If [get_<value>] was used to populate the object, check to make sure this command returns at least one valid object.
WARNING: [Vivado 12-584] No ports matched 'HD_D9'. [C:/Users/Administrator/Desktop/yafpgatetris/fpgatetrisV3/fpgatetris.srcs/constrs_1/new/pin.xdc:162]
CRITICAL WARNING: [Common 17-55] 'set_property' expects at least one object. [C:/Users/Administrator/Desktop/yafpgatetris/fpgatetrisV3/fpgatetris.srcs/constrs_1/new/pin.xdc:162]
Resolution: If [get_<value>] was used to populate the object, check to make sure this command returns at least one valid object.
WARNING: [Vivado 12-584] No ports matched 'HD_DE'. [C:/Users/Administrator/Desktop/yafpgatetris/fpgatetrisV3/fpgatetris.srcs/constrs_1/new/pin.xdc:163]
CRITICAL WARNING: [Common 17-55] 'set_property' expects at least one object. [C:/Users/Administrator/Desktop/yafpgatetris/fpgatetrisV3/fpgatetris.srcs/constrs_1/new/pin.xdc:163]
Resolution: If [get_<value>] was used to populate the object, check to make sure this command returns at least one valid object.
WARNING: [Vivado 12-584] No ports matched 'HD_HSYNC'. [C:/Users/Administrator/Desktop/yafpgatetris/fpgatetrisV3/fpgatetris.srcs/constrs_1/new/pin.xdc:164]
CRITICAL WARNING: [Common 17-55] 'set_property' expects at least one object. [C:/Users/Administrator/Desktop/yafpgatetris/fpgatetrisV3/fpgatetris.srcs/constrs_1/new/pin.xdc:164]
Resolution: If [get_<value>] was used to populate the object, check to make sure this command returns at least one valid object.
WARNING: [Vivado 12-584] No ports matched 'HD_INT'. [C:/Users/Administrator/Desktop/yafpgatetris/fpgatetrisV3/fpgatetris.srcs/constrs_1/new/pin.xdc:165]
CRITICAL WARNING: [Common 17-55] 'set_property' expects at least one object. [C:/Users/Administrator/Desktop/yafpgatetris/fpgatetrisV3/fpgatetris.srcs/constrs_1/new/pin.xdc:165]
Resolution: If [get_<value>] was used to populate the object, check to make sure this command returns at least one valid object.
WARNING: [Vivado 12-584] No ports matched 'HD_SCL'. [C:/Users/Administrator/Desktop/yafpgatetris/fpgatetrisV3/fpgatetris.srcs/constrs_1/new/pin.xdc:166]
CRITICAL WARNING: [Common 17-55] 'set_property' expects at least one object. [C:/Users/Administrator/Desktop/yafpgatetris/fpgatetrisV3/fpgatetris.srcs/constrs_1/new/pin.xdc:166]
Resolution: If [get_<value>] was used to populate the object, check to make sure this command returns at least one valid object.
WARNING: [Vivado 12-584] No ports matched 'HD_SDA'. [C:/Users/Administrator/Desktop/yafpgatetris/fpgatetrisV3/fpgatetris.srcs/constrs_1/new/pin.xdc:167]
CRITICAL WARNING: [Common 17-55] 'set_property' expects at least one object. [C:/Users/Administrator/Desktop/yafpgatetris/fpgatetrisV3/fpgatetris.srcs/constrs_1/new/pin.xdc:167]
Resolution: If [get_<value>] was used to populate the object, check to make sure this command returns at least one valid object.
WARNING: [Vivado 12-584] No ports matched 'HD_SPDIF'. [C:/Users/Administrator/Desktop/yafpgatetris/fpgatetrisV3/fpgatetris.srcs/constrs_1/new/pin.xdc:168]
CRITICAL WARNING: [Common 17-55] 'set_property' expects at least one object. [C:/Users/Administrator/Desktop/yafpgatetris/fpgatetrisV3/fpgatetris.srcs/constrs_1/new/pin.xdc:168]
Resolution: If [get_<value>] was used to populate the object, check to make sure this command returns at least one valid object.
WARNING: [Vivado 12-584] No ports matched 'HD_SPDIFO'. [C:/Users/Administrator/Desktop/yafpgatetris/fpgatetrisV3/fpgatetris.srcs/constrs_1/new/pin.xdc:169]
CRITICAL WARNING: [Common 17-55] 'set_property' expects at least one object. [C:/Users/Administrator/Desktop/yafpgatetris/fpgatetrisV3/fpgatetris.srcs/constrs_1/new/pin.xdc:169]
Resolution: If [get_<value>] was used to populate the object, check to make sure this command returns at least one valid object.
WARNING: [Vivado 12-584] No ports matched 'HD_VSYNC'. [C:/Users/Administrator/Desktop/yafpgatetris/fpgatetrisV3/fpgatetris.srcs/constrs_1/new/pin.xdc:170]
CRITICAL WARNING: [Common 17-55] 'set_property' expects at least one object. [C:/Users/Administrator/Desktop/yafpgatetris/fpgatetrisV3/fpgatetris.srcs/constrs_1/new/pin.xdc:170]
Resolution: If [get_<value>] was used to populate the object, check to make sure this command returns at least one valid object.
WARNING: [Vivado 12-584] No ports matched 'LD0'. [C:/Users/Administrator/Desktop/yafpgatetris/fpgatetrisV3/fpgatetris.srcs/constrs_1/new/pin.xdc:175]
CRITICAL WARNING: [Common 17-55] 'set_property' expects at least one object. [C:/Users/Administrator/Desktop/yafpgatetris/fpgatetrisV3/fpgatetris.srcs/constrs_1/new/pin.xdc:175]
Resolution: If [get_<value>] was used to populate the object, check to make sure this command returns at least one valid object.
WARNING: [Vivado 12-584] No ports matched 'LD1'. [C:/Users/Administrator/Desktop/yafpgatetris/fpgatetrisV3/fpgatetris.srcs/constrs_1/new/pin.xdc:176]
CRITICAL WARNING: [Common 17-55] 'set_property' expects at least one object. [C:/Users/Administrator/Desktop/yafpgatetris/fpgatetrisV3/fpgatetris.srcs/constrs_1/new/pin.xdc:176]
Resolution: If [get_<value>] was used to populate the object, check to make sure this command returns at least one valid object.
WARNING: [Vivado 12-584] No ports matched 'LD2'. [C:/Users/Administrator/Desktop/yafpgatetris/fpgatetrisV3/fpgatetris.srcs/constrs_1/new/pin.xdc:177]
CRITICAL WARNING: [Common 17-55] 'set_property' expects at least one object. [C:/Users/Administrator/Desktop/yafpgatetris/fpgatetrisV3/fpgatetris.srcs/constrs_1/new/pin.xdc:177]
Resolution: If [get_<value>] was used to populate the object, check to make sure this command returns at least one valid object.
WARNING: [Vivado 12-584] No ports matched 'LD3'. [C:/Users/Administrator/Desktop/yafpgatetris/fpgatetrisV3/fpgatetris.srcs/constrs_1/new/pin.xdc:178]
CRITICAL WARNING: [Common 17-55] 'set_property' expects at least one object. [C:/Users/Administrator/Desktop/yafpgatetris/fpgatetrisV3/fpgatetris.srcs/constrs_1/new/pin.xdc:178]
Resolution: If [get_<value>] was used to populate the object, check to make sure this command returns at least one valid object.
WARNING: [Vivado 12-584] No ports matched 'LD4'. [C:/Users/Administrator/Desktop/yafpgatetris/fpgatetrisV3/fpgatetris.srcs/constrs_1/new/pin.xdc:179]
CRITICAL WARNING: [Common 17-55] 'set_property' expects at least one object. [C:/Users/Administrator/Desktop/yafpgatetris/fpgatetrisV3/fpgatetris.srcs/constrs_1/new/pin.xdc:179]
Resolution: If [get_<value>] was used to populate the object, check to make sure this command returns at least one valid object.
WARNING: [Vivado 12-584] No ports matched 'LD5'. [C:/Users/Administrator/Desktop/yafpgatetris/fpgatetrisV3/fpgatetris.srcs/constrs_1/new/pin.xdc:180]
CRITICAL WARNING: [Common 17-55] 'set_property' expects at least one object. [C:/Users/Administrator/Desktop/yafpgatetris/fpgatetrisV3/fpgatetris.srcs/constrs_1/new/pin.xdc:180]
Resolution: If [get_<value>] was used to populate the object, check to make sure this command returns at least one valid object.
WARNING: [Vivado 12-584] No ports matched 'LD6'. [C:/Users/Administrator/Desktop/yafpgatetris/fpgatetrisV3/fpgatetris.srcs/constrs_1/new/pin.xdc:181]
CRITICAL WARNING: [Common 17-55] 'set_property' expects at least one object. [C:/Users/Administrator/Desktop/yafpgatetris/fpgatetrisV3/fpgatetris.srcs/constrs_1/new/pin.xdc:181]
Resolution: If [get_<value>] was used to populate the object, check to make sure this command returns at least one valid object.
WARNING: [Vivado 12-584] No ports matched 'LD7'. [C:/Users/Administrator/Desktop/yafpgatetris/fpgatetrisV3/fpgatetris.srcs/constrs_1/new/pin.xdc:182]
CRITICAL WARNING: [Common 17-55] 'set_property' expects at least one object. [C:/Users/Administrator/Desktop/yafpgatetris/fpgatetrisV3/fpgatetris.srcs/constrs_1/new/pin.xdc:182]
Resolution: If [get_<value>] was used to populate the object, check to make sure this command returns at least one valid object.
WARNING: [Vivado 12-584] No ports matched 'BTNC'. [C:/Users/Administrator/Desktop/yafpgatetris/fpgatetrisV3/fpgatetris.srcs/constrs_1/new/pin.xdc:205]
CRITICAL WARNING: [Common 17-55] 'set_property' expects at least one object. [C:/Users/Administrator/Desktop/yafpgatetris/fpgatetrisV3/fpgatetris.srcs/constrs_1/new/pin.xdc:205]
Resolution: If [get_<value>] was used to populate the object, check to make sure this command returns at least one valid object.
WARNING: [Vivado 12-584] No ports matched 'BTND'. [C:/Users/Administrator/Desktop/yafpgatetris/fpgatetrisV3/fpgatetris.srcs/constrs_1/new/pin.xdc:206]
CRITICAL WARNING: [Common 17-55] 'set_property' expects at least one object. [C:/Users/Administrator/Desktop/yafpgatetris/fpgatetrisV3/fpgatetris.srcs/constrs_1/new/pin.xdc:206]
Resolution: If [get_<value>] was used to populate the object, check to make sure this command returns at least one valid object.
WARNING: [Vivado 12-584] No ports matched 'BTNL'. [C:/Users/Administrator/Desktop/yafpgatetris/fpgatetrisV3/fpgatetris.srcs/constrs_1/new/pin.xdc:207]
CRITICAL WARNING: [Common 17-55] 'set_property' expects at least one object. [C:/Users/Administrator/Desktop/yafpgatetris/fpgatetrisV3/fpgatetris.srcs/constrs_1/new/pin.xdc:207]
Resolution: If [get_<value>] was used to populate the object, check to make sure this command returns at least one valid object.
WARNING: [Vivado 12-584] No ports matched 'BTNR'. [C:/Users/Administrator/Desktop/yafpgatetris/fpgatetrisV3/fpgatetris.srcs/constrs_1/new/pin.xdc:208]
CRITICAL WARNING: [Common 17-55] 'set_property' expects at least one object. [C:/Users/Administrator/Desktop/yafpgatetris/fpgatetrisV3/fpgatetris.srcs/constrs_1/new/pin.xdc:208]
Resolution: If [get_<value>] was used to populate the object, check to make sure this command returns at least one valid object.
WARNING: [Vivado 12-584] No ports matched 'BTNU'. [C:/Users/Administrator/Desktop/yafpgatetris/fpgatetrisV3/fpgatetris.srcs/constrs_1/new/pin.xdc:209]
CRITICAL WARNING: [Common 17-55] 'set_property' expects at least one object. [C:/Users/Administrator/Desktop/yafpgatetris/fpgatetrisV3/fpgatetris.srcs/constrs_1/new/pin.xdc:209]
Resolution: If [get_<value>] was used to populate the object, check to make sure this command returns at least one valid object.
WARNING: [Vivado 12-584] No ports matched 'OTG_VBUSOC'. [C:/Users/Administrator/Desktop/yafpgatetris/fpgatetrisV3/fpgatetris.srcs/constrs_1/new/pin.xdc:214]
CRITICAL WARNING: [Common 17-55] 'set_property' expects at least one object. [C:/Users/Administrator/Desktop/yafpgatetris/fpgatetrisV3/fpgatetris.srcs/constrs_1/new/pin.xdc:214]
Resolution: If [get_<value>] was used to populate the object, check to make sure this command returns at least one valid object.
WARNING: [Vivado 12-584] No ports matched 'XADC_GIO0'. [C:/Users/Administrator/Desktop/yafpgatetris/fpgatetrisV3/fpgatetris.srcs/constrs_1/new/pin.xdc:219]
CRITICAL WARNING: [Common 17-55] 'set_property' expects at least one object. [C:/Users/Administrator/Desktop/yafpgatetris/fpgatetrisV3/fpgatetris.srcs/constrs_1/new/pin.xdc:219]
Resolution: If [get_<value>] was used to populate the object, check to make sure this command returns at least one valid object.
WARNING: [Vivado 12-584] No ports matched 'XADC_GIO1'. [C:/Users/Administrator/Desktop/yafpgatetris/fpgatetrisV3/fpgatetris.srcs/constrs_1/new/pin.xdc:220]
CRITICAL WARNING: [Common 17-55] 'set_property' expects at least one object. [C:/Users/Administrator/Desktop/yafpgatetris/fpgatetrisV3/fpgatetris.srcs/constrs_1/new/pin.xdc:220]
Resolution: If [get_<value>] was used to populate the object, check to make sure this command returns at least one valid object.
WARNING: [Vivado 12-584] No ports matched 'XADC_GIO2'. [C:/Users/Administrator/Desktop/yafpgatetris/fpgatetrisV3/fpgatetris.srcs/constrs_1/new/pin.xdc:221]
CRITICAL WARNING: [Common 17-55] 'set_property' expects at least one object. [C:/Users/Administrator/Desktop/yafpgatetris/fpgatetrisV3/fpgatetris.srcs/constrs_1/new/pin.xdc:221]
Resolution: If [get_<value>] was used to populate the object, check to make sure this command returns at least one valid object.
WARNING: [Vivado 12-584] No ports matched 'XADC_GIO3'. [C:/Users/Administrator/Desktop/yafpgatetris/fpgatetrisV3/fpgatetris.srcs/constrs_1/new/pin.xdc:222]
CRITICAL WARNING: [Common 17-55] 'set_property' expects at least one object. [C:/Users/Administrator/Desktop/yafpgatetris/fpgatetrisV3/fpgatetris.srcs/constrs_1/new/pin.xdc:222]
Resolution: If [get_<value>] was used to populate the object, check to make sure this command returns at least one valid object.
WARNING: [Vivado 12-584] No ports matched 'PUDC_B'. [C:/Users/Administrator/Desktop/yafpgatetris/fpgatetrisV3/fpgatetris.srcs/constrs_1/new/pin.xdc:227]
CRITICAL WARNING: [Common 17-55] 'set_property' expects at least one object. [C:/Users/Administrator/Desktop/yafpgatetris/fpgatetrisV3/fpgatetris.srcs/constrs_1/new/pin.xdc:227]
Resolution: If [get_<value>] was used to populate the object, check to make sure this command returns at least one valid object.
WARNING: [Vivado 12-584] No ports matched 'OTG_RESETN'. [C:/Users/Administrator/Desktop/yafpgatetris/fpgatetrisV3/fpgatetris.srcs/constrs_1/new/pin.xdc:232]
CRITICAL WARNING: [Common 17-55] 'set_property' expects at least one object. [C:/Users/Administrator/Desktop/yafpgatetris/fpgatetrisV3/fpgatetris.srcs/constrs_1/new/pin.xdc:232]
Resolution: If [get_<value>] was used to populate the object, check to make sure this command returns at least one valid object.
WARNING: [Vivado 12-584] No ports matched 'AD0N_R'. [C:/Users/Administrator/Desktop/yafpgatetris/fpgatetrisV3/fpgatetris.srcs/constrs_1/new/pin.xdc:249]
CRITICAL WARNING: [Common 17-55] 'set_property' expects at least one object. [C:/Users/Administrator/Desktop/yafpgatetris/fpgatetrisV3/fpgatetris.srcs/constrs_1/new/pin.xdc:249]
Resolution: If [get_<value>] was used to populate the object, check to make sure this command returns at least one valid object.
WARNING: [Vivado 12-584] No ports matched 'AD0P_R'. [C:/Users/Administrator/Desktop/yafpgatetris/fpgatetrisV3/fpgatetris.srcs/constrs_1/new/pin.xdc:250]
CRITICAL WARNING: [Common 17-55] 'set_property' expects at least one object. [C:/Users/Administrator/Desktop/yafpgatetris/fpgatetrisV3/fpgatetris.srcs/constrs_1/new/pin.xdc:250]
Resolution: If [get_<value>] was used to populate the object, check to make sure this command returns at least one valid object.
WARNING: [Vivado 12-584] No ports matched 'AD8N_N'. [C:/Users/Administrator/Desktop/yafpgatetris/fpgatetrisV3/fpgatetris.srcs/constrs_1/new/pin.xdc:251]
CRITICAL WARNING: [Common 17-55] 'set_property' expects at least one object. [C:/Users/Administrator/Desktop/yafpgatetris/fpgatetrisV3/fpgatetris.srcs/constrs_1/new/pin.xdc:251]
Resolution: If [get_<value>] was used to populate the object, check to make sure this command returns at least one valid object.
WARNING: [Vivado 12-584] No ports matched 'AD8P_R'. [C:/Users/Administrator/Desktop/yafpgatetris/fpgatetrisV3/fpgatetris.srcs/constrs_1/new/pin.xdc:252]
CRITICAL WARNING: [Common 17-55] 'set_property' expects at least one object. [C:/Users/Administrator/Desktop/yafpgatetris/fpgatetrisV3/fpgatetris.srcs/constrs_1/new/pin.xdc:252]
Resolution: If [get_<value>] was used to populate the object, check to make sure this command returns at least one valid object.
WARNING: [Vivado 12-584] No ports matched 'FMC_SCL'. [C:/Users/Administrator/Desktop/yafpgatetris/fpgatetrisV3/fpgatetris.srcs/constrs_1/new/pin.xdc:257]
CRITICAL WARNING: [Common 17-55] 'set_property' expects at least one object. [C:/Users/Administrator/Desktop/yafpgatetris/fpgatetrisV3/fpgatetris.srcs/constrs_1/new/pin.xdc:257]
Resolution: If [get_<value>] was used to populate the object, check to make sure this command returns at least one valid object.
WARNING: [Vivado 12-584] No ports matched 'FMC_SDA'. [C:/Users/Administrator/Desktop/yafpgatetris/fpgatetrisV3/fpgatetris.srcs/constrs_1/new/pin.xdc:258]
CRITICAL WARNING: [Common 17-55] 'set_property' expects at least one object. [C:/Users/Administrator/Desktop/yafpgatetris/fpgatetrisV3/fpgatetris.srcs/constrs_1/new/pin.xdc:258]
Resolution: If [get_<value>] was used to populate the object, check to make sure this command returns at least one valid object.
WARNING: [Vivado 12-584] No ports matched 'FMC_PRSNT'. [C:/Users/Administrator/Desktop/yafpgatetris/fpgatetrisV3/fpgatetris.srcs/constrs_1/new/pin.xdc:263]
CRITICAL WARNING: [Common 17-55] 'set_property' expects at least one object. [C:/Users/Administrator/Desktop/yafpgatetris/fpgatetrisV3/fpgatetris.srcs/constrs_1/new/pin.xdc:263]
Resolution: If [get_<value>] was used to populate the object, check to make sure this command returns at least one valid object.
WARNING: [Vivado 12-584] No ports matched 'FMC_CLK0_N'. [C:/Users/Administrator/Desktop/yafpgatetris/fpgatetrisV3/fpgatetris.srcs/constrs_1/new/pin.xdc:268]
CRITICAL WARNING: [Common 17-55] 'set_property' expects at least one object. [C:/Users/Administrator/Desktop/yafpgatetris/fpgatetrisV3/fpgatetris.srcs/constrs_1/new/pin.xdc:268]
Resolution: If [get_<value>] was used to populate the object, check to make sure this command returns at least one valid object.
WARNING: [Vivado 12-584] No ports matched 'FMC_CLK0_P'. [C:/Users/Administrator/Desktop/yafpgatetris/fpgatetrisV3/fpgatetris.srcs/constrs_1/new/pin.xdc:269]
CRITICAL WARNING: [Common 17-55] 'set_property' expects at least one object. [C:/Users/Administrator/Desktop/yafpgatetris/fpgatetrisV3/fpgatetris.srcs/constrs_1/new/pin.xdc:269]
Resolution: If [get_<value>] was used to populate the object, check to make sure this command returns at least one valid object.
WARNING: [Vivado 12-584] No ports matched 'FMC_LA00_CC_N'. [C:/Users/Administrator/Desktop/yafpgatetris/fpgatetrisV3/fpgatetris.srcs/constrs_1/new/pin.xdc:270]
INFO: [Common 17-14] Message 'Vivado 12-584' appears 100 times and further instances of the messages will be disabled. Use the Tcl command set_msg_config to change the current settings. [C:/Users/Administrator/Desktop/yafpgatetris/fpgatetrisV3/fpgatetris.srcs/constrs_1/new/pin.xdc:270]
CRITICAL WARNING: [Common 17-55] 'set_property' expects at least one object. [C:/Users/Administrator/Desktop/yafpgatetris/fpgatetrisV3/fpgatetris.srcs/constrs_1/new/pin.xdc:270]
Resolution: If [get_<value>] was used to populate the object, check to make sure this command returns at least one valid object.
INFO: [Common 17-14] Message 'Common 17-55' appears 100 times and further instances of the messages will be disabled. Use the Tcl command set_msg_config to change the current settings. [C:/Users/Administrator/Desktop/yafpgatetris/fpgatetrisV3/fpgatetris.srcs/constrs_1/new/pin.xdc:270]
Finished Parsing XDC File [C:/Users/Administrator/Desktop/yafpgatetris/fpgatetrisV3/fpgatetris.srcs/constrs_1/new/pin.xdc]
INFO: [Opt 31-138] Pushed 0 inverter(s) to 0 load pin(s).
Netlist sorting complete. Time (s): cpu = 00:00:00 ; elapsed = 00:00:00.020 . Memory (MB): peak = 1491.809 ; gain = 0.000
INFO: [Project 1-111] Unisim Transformation Summary:
  A total of 4140 instances were transformed.
  CFGLUT5 => CFGLUT5 (SRLC32E, SRL16E): 44 instances
  RAM64M => RAM64M (RAMD64E, RAMD64E, RAMD64E, RAMD64E): 2048 instances
  RAM64X1D => RAM64X1D (RAMD64E, RAMD64E): 2048 instances

17 Infos, 100 Warnings, 100 Critical Warnings and 0 Errors encountered.
link_design completed successfully
link_design: Time (s): cpu = 00:00:27 ; elapsed = 00:00:24 . Memory (MB): peak = 1491.809 ; gain = 1087.883
INFO: [Common 17-600] The following parameters have non-default value.
tcl.collectionResultDisplayLimit, general.maxThreads
Command: opt_design
Attempting to get a license for feature 'Implementation' and/or device 'xc7z020'
INFO: [Common 17-349] Got license for feature 'Implementation' and/or device 'xc7z020'
Running DRC as a precondition to command opt_design

Starting DRC Task
INFO: [DRC 23-27] Running DRC with 8 threads
WARNING: [DRC RPBF-3] IO port buffering is incomplete: Device port PS2_CLK expects both input and output buffering but the buffers are incomplete.
WARNING: [DRC RPBF-3] IO port buffering is incomplete: Device port PS2_DAT expects both input and output buffering but the buffers are incomplete.
INFO: [Project 1-461] DRC finished with 0 Errors, 2 Warnings
INFO: [Project 1-462] Please refer to the DRC report (report_drc) for more information.

Time (s): cpu = 00:00:01 ; elapsed = 00:00:00.806 . Memory (MB): peak = 1491.809 ; gain = 0.000

Starting Cache Timing Information Task
INFO: [Timing 38-35] Done setting XDC timing constraints.
Ending Cache Timing Information Task | Checksum: 134cc98a6

Time (s): cpu = 00:00:04 ; elapsed = 00:00:01 . Memory (MB): peak = 1491.930 ; gain = 0.121

Starting Logic Optimization Task

Phase 1 Generate And Synthesize Debug Cores
INFO: [Chipscope 16-329] Generating Script for core instance : dbg_hub 
INFO: [IP_Flow 19-3806] Processing IP xilinx.com:ip:xsdbm:3.0 for cell dbg_hub_CV.
INFO: [Chipscope 16-220] Re-using generated and synthesized IP, "xilinx.com:ip:xsdbm:3.0", from Vivado IP cache entry "4a58614f0500260c".
Netlist sorting complete. Time (s): cpu = 00:00:00 ; elapsed = 00:00:00.054 . Memory (MB): peak = 1596.422 ; gain = 0.000
Phase 1 Generate And Synthesize Debug Cores | Checksum: d6295b83

Time (s): cpu = 00:00:07 ; elapsed = 00:00:18 . Memory (MB): peak = 1596.422 ; gain = 18.711

Phase 2 Retarget
INFO: [Opt 31-138] Pushed 1 inverter(s) to 13 load pin(s).
INFO: [Opt 31-49] Retargeted 0 cell(s).
Phase 2 Retarget | Checksum: 15e76eae8

Time (s): cpu = 00:00:12 ; elapsed = 00:00:20 . Memory (MB): peak = 1596.422 ; gain = 18.711
INFO: [Opt 31-389] Phase Retarget created 4 cells and removed 21 cells
INFO: [Opt 31-1021] In phase Retarget, 223 netlist objects are constrained preventing optimization. Please run opt_design with -debug_log to get more detail. 

Phase 3 Constant propagation
INFO: [Opt 31-138] Pushed 0 inverter(s) to 0 load pin(s).
Phase 3 Constant propagation | Checksum: 10b614c14

Time (s): cpu = 00:00:12 ; elapsed = 00:00:20 . Memory (MB): peak = 1596.422 ; gain = 18.711
INFO: [Opt 31-389] Phase Constant propagation created 0 cells and removed 33 cells
INFO: [Opt 31-1021] In phase Constant propagation, 225 netlist objects are constrained preventing optimization. Please run opt_design with -debug_log to get more detail. 

Phase 4 Sweep
Phase 4 Sweep | Checksum: 165db8446

Time (s): cpu = 00:00:13 ; elapsed = 00:00:21 . Memory (MB): peak = 1596.422 ; gain = 18.711
INFO: [Opt 31-389] Phase Sweep created 0 cells and removed 83 cells
INFO: [Opt 31-1021] In phase Sweep, 933 netlist objects are constrained preventing optimization. Please run opt_design with -debug_log to get more detail. 

Phase 5 BUFG optimization
INFO: [Opt 31-194] Inserted BUFG clk_wiz_inst/inst/clk_out2_clk_wiz_BUFG_inst to drive 0 load(s) on clock net clk_wiz_inst/inst/clk_out2_clk_wiz_BUFG
INFO: [Opt 31-194] Inserted BUFG clk_wiz_inst/inst/clk_out3_clk_wiz_BUFG_inst to drive 0 load(s) on clock net clk_wiz_inst/inst/clk_out3_clk_wiz_BUFG
INFO: [Opt 31-193] Inserted 2 BUFG(s) on clock nets
Phase 5 BUFG optimization | Checksum: 1b54cfd1d

Time (s): cpu = 00:00:15 ; elapsed = 00:00:23 . Memory (MB): peak = 1596.422 ; gain = 18.711
INFO: [Opt 31-662] Phase BUFG optimization created 0 cells of which 0 are BUFGs and removed 0 cells.

Phase 6 Shift Register Optimization
Phase 6 Shift Register Optimization | Checksum: c81b2de8

Time (s): cpu = 00:00:18 ; elapsed = 00:00:25 . Memory (MB): peak = 1596.422 ; gain = 18.711
INFO: [Opt 31-389] Phase Shift Register Optimization created 0 cells and removed 0 cells

Phase 7 Post Processing Netlist
Phase 7 Post Processing Netlist | Checksum: e3c9d957

Time (s): cpu = 00:00:18 ; elapsed = 00:00:26 . Memory (MB): peak = 1596.422 ; gain = 18.711
INFO: [Opt 31-389] Phase Post Processing Netlist created 0 cells and removed 0 cells
INFO: [Opt 31-1021] In phase Post Processing Netlist, 93 netlist objects are constrained preventing optimization. Please run opt_design with -debug_log to get more detail. 
Opt_design Change Summary
=========================


-------------------------------------------------------------------------------------------------------------------------
|  Phase                        |  #Cells created  |  #Cells Removed  |  #Constrained objects preventing optimizations  |
-------------------------------------------------------------------------------------------------------------------------
|  Retarget                     |               4  |              21  |                                            223  |
|  Constant propagation         |               0  |              33  |                                            225  |
|  Sweep                        |               0  |              83  |                                            933  |
|  BUFG optimization            |               0  |               0  |                                              0  |
|  Shift Register Optimization  |               0  |               0  |                                              0  |
|  Post Processing Netlist      |               0  |               0  |                                             93  |
-------------------------------------------------------------------------------------------------------------------------



Starting Connectivity Check Task

Time (s): cpu = 00:00:00 ; elapsed = 00:00:00.067 . Memory (MB): peak = 1596.422 ; gain = 0.000
Ending Logic Optimization Task | Checksum: 15236a826

Time (s): cpu = 00:00:18 ; elapsed = 00:00:26 . Memory (MB): peak = 1596.422 ; gain = 18.711

Starting Power Optimization Task
INFO: [Pwropt 34-132] Skipping clock gating for clocks with a period < 2.00 ns.
INFO: [Timing 38-35] Done setting XDC timing constraints.
INFO: [Pwropt 34-9] Applying IDT optimizations ...
INFO: [Pwropt 34-10] Applying ODC optimizations ...
INFO: [Physopt 32-619] Estimated Timing Summary | WNS=-10.626 | TNS=-1179.882 |
Running Vector-less Activity Propagation...

Finished Running Vector-less Activity Propagation


Starting PowerOpt Patch Enables Task
INFO: [Pwropt 34-162] WRITE_MODE attribute of 0 BRAM(s) out of a total of 8 has been updated to save power. Run report_power_opt to get a complete listing of the BRAMs updated.
INFO: [Pwropt 34-201] Structural ODC has moved 0 WE to EN ports
Number of BRAM Ports augmented: 2 newly gated: 2 Total Ports: 16
Ending PowerOpt Patch Enables Task | Checksum: 6d63d1d2

Time (s): cpu = 00:00:00 ; elapsed = 00:00:00.199 . Memory (MB): peak = 2061.566 ; gain = 0.000
Ending Power Optimization Task | Checksum: 6d63d1d2

Time (s): cpu = 00:00:35 ; elapsed = 00:00:10 . Memory (MB): peak = 2061.566 ; gain = 465.145

Starting Final Cleanup Task
Ending Final Cleanup Task | Checksum: 6d63d1d2

Time (s): cpu = 00:00:00 ; elapsed = 00:00:00 . Memory (MB): peak = 2061.566 ; gain = 0.000

Starting Netlist Obfuscation Task
Netlist sorting complete. Time (s): cpu = 00:00:00 ; elapsed = 00:00:00.026 . Memory (MB): peak = 2061.566 ; gain = 0.000
Ending Netlist Obfuscation Task | Checksum: 9646a84d

Time (s): cpu = 00:00:00 ; elapsed = 00:00:00.026 . Memory (MB): peak = 2061.566 ; gain = 0.000
INFO: [Common 17-83] Releasing license: Implementation
53 Infos, 102 Warnings, 100 Critical Warnings and 0 Errors encountered.
opt_design completed successfully
opt_design: Time (s): cpu = 00:00:59 ; elapsed = 00:00:40 . Memory (MB): peak = 2061.566 ; gain = 569.758
INFO: [Common 17-600] The following parameters have non-default value.
tcl.collectionResultDisplayLimit, general.maxThreads
Netlist sorting complete. Time (s): cpu = 00:00:00 ; elapsed = 00:00:00.022 . Memory (MB): peak = 2061.566 ; gain = 0.000
INFO: [Timing 38-480] Writing timing data to binary archive.
Writing placer database...
Writing XDEF routing.
Writing XDEF routing logical nets.
Writing XDEF routing special nets.
Write XDEF Complete: Time (s): cpu = 00:00:00 ; elapsed = 00:00:00.043 . Memory (MB): peak = 2061.566 ; gain = 0.000
Netlist sorting complete. Time (s): cpu = 00:00:00 ; elapsed = 00:00:00.023 . Memory (MB): peak = 2061.566 ; gain = 0.000
INFO: [Common 17-1381] The checkpoint 'C:/Users/Administrator/Desktop/yafpgatetris/fpgatetrisV3/fpgatetris.runs/impl_1/top_opt.dcp' has been generated.
write_checkpoint: Time (s): cpu = 00:00:08 ; elapsed = 00:00:06 . Memory (MB): peak = 2061.566 ; gain = 0.000
INFO: [runtcl-4] Executing : report_drc -file top_drc_opted.rpt -pb top_drc_opted.pb -rpx top_drc_opted.rpx
Command: report_drc -file top_drc_opted.rpt -pb top_drc_opted.pb -rpx top_drc_opted.rpx
INFO: [IP_Flow 19-1839] IP Catalog is up to date.
INFO: [DRC 23-27] Running DRC with 8 threads
INFO: [Coretcl 2-168] The results of DRC are in file C:/Users/Administrator/Desktop/yafpgatetris/fpgatetrisV3/fpgatetris.runs/impl_1/top_drc_opted.rpt.
report_drc completed successfully
INFO: [Chipscope 16-240] Debug cores have already been implemented
Command: place_design
Attempting to get a license for feature 'Implementation' and/or device 'xc7z020'
INFO: [Common 17-349] Got license for feature 'Implementation' and/or device 'xc7z020'
INFO: [DRC 23-27] Running DRC with 8 threads
INFO: [Vivado_Tcl 4-198] DRC finished with 0 Errors
INFO: [Vivado_Tcl 4-199] Please refer to the DRC report (report_drc) for more information.
Running DRC as a precondition to command place_design
INFO: [DRC 23-27] Running DRC with 8 threads
WARNING: [DRC RPBF-3] IO port buffering is incomplete: Device port PS2_CLK expects both input and output buffering but the buffers are incomplete.
WARNING: [DRC RPBF-3] IO port buffering is incomplete: Device port PS2_DAT expects both input and output buffering but the buffers are incomplete.
INFO: [Vivado_Tcl 4-198] DRC finished with 0 Errors, 2 Warnings
INFO: [Vivado_Tcl 4-199] Please refer to the DRC report (report_drc) for more information.

Starting Placer Task
INFO: [Place 30-611] Multithreading enabled for place_design using a maximum of 8 CPUs

Phase 1 Placer Initialization

Phase 1.1 Placer Initialization Netlist Sorting
Netlist sorting complete. Time (s): cpu = 00:00:00 ; elapsed = 00:00:00.022 . Memory (MB): peak = 2061.566 ; gain = 0.000
Phase 1.1 Placer Initialization Netlist Sorting | Checksum: 53b1e13b

Time (s): cpu = 00:00:00 ; elapsed = 00:00:00.032 . Memory (MB): peak = 2061.566 ; gain = 0.000
Netlist sorting complete. Time (s): cpu = 00:00:00 ; elapsed = 00:00:00.024 . Memory (MB): peak = 2061.566 ; gain = 0.000

Phase 1.2 IO Placement/ Clock Placement/ Build Placer Device
WARNING: [Place 30-87] Partially locked IO Bus is found. Following components of the IO Bus VGA_B are not locked:  'VGA_B[7]'  'VGA_B[6]'  'VGA_B[5]'  'VGA_B[4]' 
WARNING: [Place 30-87] Partially locked IO Bus is found. Following components of the IO Bus VGA_G are not locked:  'VGA_G[7]'  'VGA_G[6]'  'VGA_G[5]'  'VGA_G[4]' 
WARNING: [Place 30-87] Partially locked IO Bus is found. Following components of the IO Bus VGA_R are not locked:  'VGA_R[7]'  'VGA_R[6]'  'VGA_R[5]'  'VGA_R[4]' 
INFO: [Timing 38-35] Done setting XDC timing constraints.
Phase 1.2 IO Placement/ Clock Placement/ Build Placer Device | Checksum: 1bb50bcce

Time (s): cpu = 00:00:10 ; elapsed = 00:00:06 . Memory (MB): peak = 2061.566 ; gain = 0.000

Phase 1.3 Build Placer Netlist Model
Phase 1.3 Build Placer Netlist Model | Checksum: 1e2ddf4fd

Time (s): cpu = 00:00:29 ; elapsed = 00:00:16 . Memory (MB): peak = 2061.566 ; gain = 0.000

Phase 1.4 Constrain Clocks/Macros
Phase 1.4 Constrain Clocks/Macros | Checksum: 1e2ddf4fd

Time (s): cpu = 00:00:29 ; elapsed = 00:00:16 . Memory (MB): peak = 2061.566 ; gain = 0.000
Phase 1 Placer Initialization | Checksum: 1e2ddf4fd

Time (s): cpu = 00:00:29 ; elapsed = 00:00:16 . Memory (MB): peak = 2061.566 ; gain = 0.000

Phase 2 Global Placement

Phase 2.1 Floorplanning
Phase 2.1 Floorplanning | Checksum: 233189082

Time (s): cpu = 00:00:39 ; elapsed = 00:00:20 . Memory (MB): peak = 2061.566 ; gain = 0.000

Phase 2.2 Physical Synthesis In Placer
INFO: [Physopt 32-76] Pass 1. Identified 10 candidate nets for fanout optimization.
INFO: [Physopt 32-81] Processed net user_input/async_fifo_user_input/rptr_empty/out[1]. Replicated 45 times.
INFO: [Physopt 32-81] Processed net user_input/async_fifo_user_input/rptr_empty/out[0]. Replicated 45 times.
INFO: [Physopt 32-81] Processed net user_input/async_fifo_user_input/rptr_empty/out[2]. Replicated 45 times.
INFO: [Physopt 32-81] Processed net user_input/async_fifo_user_input/rptr_empty/out[3]. Replicated 40 times.
INFO: [Physopt 32-81] Processed net user_input/async_fifo_user_input/rptr_empty/out[4]. Replicated 45 times.
INFO: [Physopt 32-81] Processed net user_input/async_fifo_user_input/rptr_empty/out[5]. Replicated 45 times.
INFO: [Physopt 32-81] Processed net user_input/async_fifo_user_input/rptr_empty/out[7]. Replicated 8 times.
INFO: [Physopt 32-81] Processed net user_input/async_fifo_user_input/rptr_empty/out[6]. Replicated 8 times.
INFO: [Physopt 32-81] Processed net user_input/async_fifo_user_input/rptr_empty/rbin_reg[7]_rep_0. Replicated 6 times.
INFO: [Physopt 32-81] Processed net user_input/async_fifo_user_input/rptr_empty/rbin_reg[6]_rep_0. Replicated 6 times.
INFO: [Physopt 32-232] Optimized 10 nets. Created 293 new instances.
INFO: [Physopt 32-775] End 1 Pass. Optimized 10 nets or cells. Created 293 new cells, deleted 0 existing cell and moved 0 existing cell
Netlist sorting complete. Time (s): cpu = 00:00:00 ; elapsed = 00:00:00.115 . Memory (MB): peak = 2061.566 ; gain = 0.000
INFO: [Physopt 32-456] No candidate cells for DSP register optimization found in the design.
INFO: [Physopt 32-775] End 2 Pass. Optimized 0 net or cell. Created 0 new cell, deleted 0 existing cell and moved 0 existing cell
INFO: [Physopt 32-775] End 1 Pass. Optimized 0 net or cell. Created 0 new cell, deleted 0 existing cell and moved 0 existing cell
Netlist sorting complete. Time (s): cpu = 00:00:00 ; elapsed = 00:00:00.021 . Memory (MB): peak = 2061.566 ; gain = 0.000
INFO: [Physopt 32-526] No candidate cells for BRAM register optimization found in the design
INFO: [Physopt 32-775] End 1 Pass. Optimized 0 net or cell. Created 0 new cell, deleted 0 existing cell and moved 0 existing cell
INFO: [Physopt 32-949] No candidate nets found for HD net replication
INFO: [Physopt 32-775] End 1 Pass. Optimized 0 net or cell. Created 0 new cell, deleted 0 existing cell and moved 0 existing cell
Netlist sorting complete. Time (s): cpu = 00:00:00 ; elapsed = 00:00:00.021 . Memory (MB): peak = 2061.566 ; gain = 0.000
INFO: [Physopt 32-699] Instance must be a LUT/FLOP for Replication to be feasible. As, instance user_input/async_fifo_user_input/rptr_empty/rbin_reg[0]_i_1 is neither, it cannot be replicated.
INFO: [Physopt 32-699] Instance must be a LUT/FLOP for Replication to be feasible. As, instance user_input/async_fifo_user_input/rptr_empty/rbin_reg[0]_i_1 is neither, it cannot be replicated.
INFO: [Physopt 32-699] Instance must be a LUT/FLOP for Replication to be feasible. As, instance user_input/async_fifo_user_input/rptr_empty/rbin_reg[0]_i_1 is neither, it cannot be replicated.
INFO: [Physopt 32-699] Instance must be a LUT/FLOP for Replication to be feasible. As, instance user_input/async_fifo_user_input/rptr_empty/rbin_reg[4]_i_1 is neither, it cannot be replicated.
INFO: [Physopt 32-699] Instance must be a LUT/FLOP for Replication to be feasible. As, instance user_input/async_fifo_user_input/rptr_empty/rbin_reg[4]_i_1 is neither, it cannot be replicated.
INFO: [Physopt 32-64] No nets found for fanout-optimization.
INFO: [Physopt 32-232] Optimized 0 net. Created 0 new instance.
INFO: [Physopt 32-775] End 1 Pass. Optimized 0 net or cell. Created 0 new cell, deleted 0 existing cell and moved 0 existing cell
INFO: [Physopt 32-699] Instance must be a LUT/FLOP for Replication to be feasible. As, instance user_input/async_fifo_user_input/rptr_empty/rbin_reg[4]_i_1 is neither, it cannot be replicated.
INFO: [Physopt 32-117] Net user_input/async_fifo_user_input/rptr_empty/rbin_reg[4]_i_1_n_4 could not be optimized because driver user_input/async_fifo_user_input/rptr_empty/rbin_reg[4]_i_1 could not be replicated
INFO: [Physopt 32-699] Instance must be a LUT/FLOP for Replication to be feasible. As, instance user_input/async_fifo_user_input/rptr_empty/rbin_reg[4]_i_1 is neither, it cannot be replicated.
INFO: [Physopt 32-117] Net user_input/async_fifo_user_input/rptr_empty/rbin_reg[4]_i_1_n_5 could not be optimized because driver user_input/async_fifo_user_input/rptr_empty/rbin_reg[4]_i_1 could not be replicated
INFO: [Physopt 32-699] Instance must be a LUT/FLOP for Replication to be feasible. As, instance user_input/async_fifo_user_input/rptr_empty/rbin_reg[4]_i_1 is neither, it cannot be replicated.
INFO: [Physopt 32-117] Net user_input/async_fifo_user_input/rptr_empty/rbin_reg[4]_i_1_n_4 could not be optimized because driver user_input/async_fifo_user_input/rptr_empty/rbin_reg[4]_i_1 could not be replicated
INFO: [Physopt 32-699] Instance must be a LUT/FLOP for Replication to be feasible. As, instance user_input/async_fifo_user_input/rptr_empty/rbin_reg[4]_i_1 is neither, it cannot be replicated.
INFO: [Physopt 32-117] Net user_input/async_fifo_user_input/rptr_empty/rbin_reg[4]_i_1_n_5 could not be optimized because driver user_input/async_fifo_user_input/rptr_empty/rbin_reg[4]_i_1 could not be replicated
INFO: [Physopt 32-68] No nets found for critical-cell optimization.
INFO: [Physopt 32-232] Optimized 0 net. Created 0 new instance.
INFO: [Physopt 32-775] End 1 Pass. Optimized 0 net or cell. Created 0 new cell, deleted 0 existing cell and moved 0 existing cell
Netlist sorting complete. Time (s): cpu = 00:00:00 ; elapsed = 00:00:00.021 . Memory (MB): peak = 2061.566 ; gain = 0.000

Summary of Physical Synthesis Optimizations
============================================


----------------------------------------------------------------------------------------------------------------------------------------
|  Optimization                  |  Added Cells  |  Removed Cells  |  Optimized Cells/Nets  |  Dont Touch  |  Iterations  |  Elapsed   |
----------------------------------------------------------------------------------------------------------------------------------------
|  Very High Fanout              |          293  |              0  |                    10  |           0  |           1  |  00:01:21  |
|  DSP Register                  |            0  |              0  |                     0  |           0  |           1  |  00:00:00  |
|  Shift Register                |            0  |              0  |                     0  |           0  |           1  |  00:00:00  |
|  BRAM Register                 |            0  |              0  |                     0  |           0  |           1  |  00:00:00  |
|  HD Interface Net Replication  |            0  |              0  |                     0  |           0  |           1  |  00:00:00  |
|  Fanout                        |            0  |              0  |                     0  |           0  |           1  |  00:00:00  |
|  Critical Cell                 |            0  |              0  |                     0  |           0  |           1  |  00:00:00  |
|  Total                         |          293  |              0  |                    10  |           0  |           7  |  00:01:21  |
----------------------------------------------------------------------------------------------------------------------------------------


Phase 2.2 Physical Synthesis In Placer | Checksum: 15107c3e3

Time (s): cpu = 00:04:53 ; elapsed = 00:02:51 . Memory (MB): peak = 2061.566 ; gain = 0.000
Phase 2 Global Placement | Checksum: 13c6e7204

Time (s): cpu = 00:05:00 ; elapsed = 00:02:53 . Memory (MB): peak = 2061.566 ; gain = 0.000

Phase 3 Detail Placement

Phase 3.1 Commit Multi Column Macros
Phase 3.1 Commit Multi Column Macros | Checksum: 13c6e7204

Time (s): cpu = 00:05:01 ; elapsed = 00:02:54 . Memory (MB): peak = 2061.566 ; gain = 0.000

Phase 3.2 Commit Most Macros & LUTRAMs
Phase 3.2 Commit Most Macros & LUTRAMs | Checksum: 12eafc7b9

Time (s): cpu = 00:08:43 ; elapsed = 00:05:20 . Memory (MB): peak = 2061.566 ; gain = 0.000

Phase 3.3 Area Swap Optimization
Phase 3.3 Area Swap Optimization | Checksum: 155abc9f2

Time (s): cpu = 00:08:44 ; elapsed = 00:05:20 . Memory (MB): peak = 2061.566 ; gain = 0.000

Phase 3.4 Pipeline Register Optimization
Phase 3.4 Pipeline Register Optimization | Checksum: 1178c6d96

Time (s): cpu = 00:08:44 ; elapsed = 00:05:20 . Memory (MB): peak = 2061.566 ; gain = 0.000

Phase 3.5 Fast Optimization
Phase 3.5 Fast Optimization | Checksum: 173d334e7

Time (s): cpu = 00:09:46 ; elapsed = 00:06:06 . Memory (MB): peak = 2061.566 ; gain = 0.000

Phase 3.6 Small Shape Detail Placement
Phase 3.6 Small Shape Detail Placement | Checksum: 18095931a

Time (s): cpu = 00:10:00 ; elapsed = 00:06:14 . Memory (MB): peak = 2061.566 ; gain = 0.000

Phase 3.7 Re-assign LUT pins
Phase 3.7 Re-assign LUT pins | Checksum: 1dbbf389f

Time (s): cpu = 00:10:02 ; elapsed = 00:06:16 . Memory (MB): peak = 2061.566 ; gain = 0.000

Phase 3.8 Pipeline Register Optimization
Phase 3.8 Pipeline Register Optimization | Checksum: 1533db996

Time (s): cpu = 00:10:02 ; elapsed = 00:06:16 . Memory (MB): peak = 2061.566 ; gain = 0.000

Phase 3.9 Fast Optimization
Phase 3.9 Fast Optimization | Checksum: 1640ceca6

Time (s): cpu = 00:10:55 ; elapsed = 00:06:53 . Memory (MB): peak = 2061.566 ; gain = 0.000
Phase 3 Detail Placement | Checksum: 1640ceca6

Time (s): cpu = 00:10:55 ; elapsed = 00:06:53 . Memory (MB): peak = 2061.566 ; gain = 0.000

Phase 4 Post Placement Optimization and Clean-Up

Phase 4.1 Post Commit Optimization
INFO: [Timing 38-35] Done setting XDC timing constraints.

Phase 4.1.1 Post Placement Optimization
Post Placement Optimization Initialization | Checksum: 18cdb6836

Phase 4.1.1.1 BUFG Insertion
INFO: [Place 46-46] BUFG insertion identified 0 candidate nets, 0 success, 0 bufg driver replicated, 0 skipped for placement/routing, 0 skipped for timing, 0 skipped for netlist change reason
Phase 4.1.1.1 BUFG Insertion | Checksum: 18cdb6836

Time (s): cpu = 00:11:19 ; elapsed = 00:07:04 . Memory (MB): peak = 2061.566 ; gain = 0.000
INFO: [Place 30-746] Post Placement Timing Summary WNS=-11.545. For the most accurate timing information please run report_timing.
Phase 4.1.1 Post Placement Optimization | Checksum: 20e6404eb

Time (s): cpu = 00:12:17 ; elapsed = 00:07:48 . Memory (MB): peak = 2061.566 ; gain = 0.000
Phase 4.1 Post Commit Optimization | Checksum: 20e6404eb

Time (s): cpu = 00:12:17 ; elapsed = 00:07:49 . Memory (MB): peak = 2061.566 ; gain = 0.000

Phase 4.2 Post Placement Cleanup
Phase 4.2 Post Placement Cleanup | Checksum: 20e6404eb

Time (s): cpu = 00:12:19 ; elapsed = 00:07:49 . Memory (MB): peak = 2061.566 ; gain = 0.000

Phase 4.3 Placer Reporting
Phase 4.3 Placer Reporting | Checksum: 20e6404eb

Time (s): cpu = 00:12:19 ; elapsed = 00:07:49 . Memory (MB): peak = 2061.566 ; gain = 0.000

Phase 4.4 Final Placement Cleanup
Netlist sorting complete. Time (s): cpu = 00:00:01 ; elapsed = 00:00:00.022 . Memory (MB): peak = 2061.566 ; gain = 0.000
Phase 4.4 Final Placement Cleanup | Checksum: 1b081eee6

Time (s): cpu = 00:12:20 ; elapsed = 00:07:50 . Memory (MB): peak = 2061.566 ; gain = 0.000
Phase 4 Post Placement Optimization and Clean-Up | Checksum: 1b081eee6

Time (s): cpu = 00:12:20 ; elapsed = 00:07:50 . Memory (MB): peak = 2061.566 ; gain = 0.000
Ending Placer Task | Checksum: 1230e5f26

Time (s): cpu = 00:12:20 ; elapsed = 00:07:50 . Memory (MB): peak = 2061.566 ; gain = 0.000
INFO: [Common 17-83] Releasing license: Implementation
113 Infos, 107 Warnings, 100 Critical Warnings and 0 Errors encountered.
place_design completed successfully
place_design: Time (s): cpu = 00:12:24 ; elapsed = 00:07:52 . Memory (MB): peak = 2061.566 ; gain = 0.000
INFO: [Common 17-600] The following parameters have non-default value.
general.maxThreads
Netlist sorting complete. Time (s): cpu = 00:00:00 ; elapsed = 00:00:00.022 . Memory (MB): peak = 2061.566 ; gain = 0.000
INFO: [Timing 38-480] Writing timing data to binary archive.
Writing placer database...
Netlist sorting complete. Time (s): cpu = 00:00:00 ; elapsed = 00:00:00.022 . Memory (MB): peak = 2061.566 ; gain = 0.000
Writing XDEF routing.
Writing XDEF routing logical nets.
Writing XDEF routing special nets.
Write XDEF Complete: Time (s): cpu = 00:00:11 ; elapsed = 00:00:04 . Memory (MB): peak = 2061.566 ; gain = 0.000
INFO: [Common 17-1381] The checkpoint 'C:/Users/Administrator/Desktop/yafpgatetris/fpgatetrisV3/fpgatetris.runs/impl_1/top_placed.dcp' has been generated.
write_checkpoint: Time (s): cpu = 00:00:12 ; elapsed = 00:00:06 . Memory (MB): peak = 2061.566 ; gain = 0.000
INFO: [runtcl-4] Executing : report_io -file top_io_placed.rpt
report_io: Time (s): cpu = 00:00:00 ; elapsed = 00:00:00.251 . Memory (MB): peak = 2061.566 ; gain = 0.000
INFO: [runtcl-4] Executing : report_utilization -file top_utilization_placed.rpt -pb top_utilization_placed.pb
INFO: [runtcl-4] Executing : report_control_sets -verbose -file top_control_sets_placed.rpt
report_control_sets: Time (s): cpu = 00:00:00 ; elapsed = 00:00:00.320 . Memory (MB): peak = 2061.566 ; gain = 0.000
Command: route_design
Attempting to get a license for feature 'Implementation' and/or device 'xc7z020'
INFO: [Common 17-349] Got license for feature 'Implementation' and/or device 'xc7z020'
Running DRC as a precondition to command route_design
INFO: [DRC 23-27] Running DRC with 8 threads
WARNING: [DRC PLIO-3] Placement Constraints Check for IO constraints: Partially locked IO Bus is found. Following components of the IO Bus VGA_B[7:0] are not locked:  VGA_B[7] VGA_B[6] VGA_B[5] VGA_B[4]
WARNING: [DRC PLIO-3] Placement Constraints Check for IO constraints: Partially locked IO Bus is found. Following components of the IO Bus VGA_G[7:0] are not locked:  VGA_G[7] VGA_G[6] VGA_G[5] VGA_G[4]
WARNING: [DRC PLIO-3] Placement Constraints Check for IO constraints: Partially locked IO Bus is found. Following components of the IO Bus VGA_R[7:0] are not locked:  VGA_R[7] VGA_R[6] VGA_R[5] VGA_R[4]
INFO: [Vivado_Tcl 4-198] DRC finished with 0 Errors, 3 Warnings
INFO: [Vivado_Tcl 4-199] Please refer to the DRC report (report_drc) for more information.


Starting Routing Task
INFO: [Route 35-254] Multithreading enabled for route_design using a maximum of 8 CPUs
Checksum: PlaceDB: c566ae8c ConstDB: 0 ShapeSum: 5da7b09a RouteDB: 0

Phase 1 Build RT Design
Phase 1 Build RT Design | Checksum: 13f86e7e7

Time (s): cpu = 00:00:34 ; elapsed = 00:00:27 . Memory (MB): peak = 2061.566 ; gain = 0.000
Post Restoration Checksum: NetGraph: a98be2e2 NumContArr: 95fb0505 Constraints: 0 Timing: 0

Phase 2 Router Initialization

Phase 2.1 Create Timer
Phase 2.1 Create Timer | Checksum: 13f86e7e7

Time (s): cpu = 00:00:35 ; elapsed = 00:00:27 . Memory (MB): peak = 2061.566 ; gain = 0.000

Phase 2.2 Fix Topology Constraints
Phase 2.2 Fix Topology Constraints | Checksum: 13f86e7e7

Time (s): cpu = 00:00:35 ; elapsed = 00:00:28 . Memory (MB): peak = 2061.566 ; gain = 0.000

Phase 2.3 Pre Route Cleanup
Phase 2.3 Pre Route Cleanup | Checksum: 13f86e7e7

Time (s): cpu = 00:00:35 ; elapsed = 00:00:28 . Memory (MB): peak = 2061.566 ; gain = 0.000
 Number of Nodes with overlaps = 0

Phase 2.4 Update Timing
Phase 2.4 Update Timing | Checksum: c2ea1475

Time (s): cpu = 00:00:59 ; elapsed = 00:00:39 . Memory (MB): peak = 2099.453 ; gain = 37.887
INFO: [Route 35-416] Intermediate Timing Summary | WNS=-11.424| TNS=-2405.380| WHS=-0.496 | THS=-214.017|


Phase 2.5 Update Timing for Bus Skew

Phase 2.5.1 Update Timing
Phase 2.5.1 Update Timing | Checksum: ef737497

Time (s): cpu = 00:01:13 ; elapsed = 00:00:43 . Memory (MB): peak = 2168.422 ; gain = 106.855
INFO: [Route 35-416] Intermediate Timing Summary | WNS=-11.424| TNS=-2391.780| WHS=N/A    | THS=N/A    |

Phase 2.5 Update Timing for Bus Skew | Checksum: 1a5382590

Time (s): cpu = 00:01:13 ; elapsed = 00:00:44 . Memory (MB): peak = 2168.422 ; gain = 106.855
Phase 2 Router Initialization | Checksum: 102d9b667

Time (s): cpu = 00:01:13 ; elapsed = 00:00:44 . Memory (MB): peak = 2168.422 ; gain = 106.855

Phase 3 Initial Routing
Phase 3 Initial Routing | Checksum: 1c3d5eac6

Time (s): cpu = 00:02:12 ; elapsed = 00:01:01 . Memory (MB): peak = 2475.949 ; gain = 414.383

Phase 4 Rip-up And Reroute

Phase 4.1 Global Iteration 0
 Number of Nodes with overlaps = 7562
 Number of Nodes with overlaps = 737
 Number of Nodes with overlaps = 48
 Number of Nodes with overlaps = 9
 Number of Nodes with overlaps = 2
 Number of Nodes with overlaps = 0
INFO: [Route 35-416] Intermediate Timing Summary | WNS=-11.980| TNS=-5084.302| WHS=N/A    | THS=N/A    |

Phase 4.1 Global Iteration 0 | Checksum: 13ecdc87a

Time (s): cpu = 00:05:40 ; elapsed = 00:02:09 . Memory (MB): peak = 2475.949 ; gain = 414.383

Phase 4.2 Global Iteration 1
 Number of Nodes with overlaps = 275
 Number of Nodes with overlaps = 106
 Number of Nodes with overlaps = 38
 Number of Nodes with overlaps = 13
 Number of Nodes with overlaps = 5
 Number of Nodes with overlaps = 1
 Number of Nodes with overlaps = 1
 Number of Nodes with overlaps = 0
INFO: [Route 35-416] Intermediate Timing Summary | WNS=-12.143| TNS=-5088.899| WHS=N/A    | THS=N/A    |

Phase 4.2 Global Iteration 1 | Checksum: 98a973f5

Time (s): cpu = 00:08:04 ; elapsed = 00:03:27 . Memory (MB): peak = 2475.949 ; gain = 414.383
Phase 4 Rip-up And Reroute | Checksum: 98a973f5

Time (s): cpu = 00:08:04 ; elapsed = 00:03:27 . Memory (MB): peak = 2475.949 ; gain = 414.383

Phase 5 Delay and Skew Optimization

Phase 5.1 Delay CleanUp

Phase 5.1.1 Update Timing
Phase 5.1.1 Update Timing | Checksum: 12c104dfd

Time (s): cpu = 00:08:08 ; elapsed = 00:03:29 . Memory (MB): peak = 2475.949 ; gain = 414.383
INFO: [Route 35-416] Intermediate Timing Summary | WNS=-11.980| TNS=-5045.191| WHS=N/A    | THS=N/A    |

 Number of Nodes with overlaps = 0
Phase 5.1 Delay CleanUp | Checksum: 1740efa9c

Time (s): cpu = 00:08:14 ; elapsed = 00:03:31 . Memory (MB): peak = 2475.949 ; gain = 414.383

Phase 5.2 Clock Skew Optimization
Phase 5.2 Clock Skew Optimization | Checksum: 1740efa9c

Time (s): cpu = 00:08:14 ; elapsed = 00:03:31 . Memory (MB): peak = 2475.949 ; gain = 414.383
Phase 5 Delay and Skew Optimization | Checksum: 1740efa9c

Time (s): cpu = 00:08:14 ; elapsed = 00:03:31 . Memory (MB): peak = 2475.949 ; gain = 414.383

Phase 6 Post Hold Fix

Phase 6.1 Hold Fix Iter

Phase 6.1.1 Update Timing
Phase 6.1.1 Update Timing | Checksum: 1b6907761

Time (s): cpu = 00:08:18 ; elapsed = 00:03:32 . Memory (MB): peak = 2475.949 ; gain = 414.383
INFO: [Route 35-416] Intermediate Timing Summary | WNS=-11.980| TNS=-4670.378| WHS=0.041  | THS=0.000  |

Phase 6.1 Hold Fix Iter | Checksum: 250d2942a

Time (s): cpu = 00:08:18 ; elapsed = 00:03:32 . Memory (MB): peak = 2475.949 ; gain = 414.383
Phase 6 Post Hold Fix | Checksum: 250d2942a

Time (s): cpu = 00:08:18 ; elapsed = 00:03:32 . Memory (MB): peak = 2475.949 ; gain = 414.383

Phase 7 Route finalize

Router Utilization Summary
  Global Vertical Routing Utilization    = 29.9622 %
  Global Horizontal Routing Utilization  = 27.8097 %
  Routable Net Status*
  *Does not include unroutable nets such as driverless and loadless.
  Run report_route_status for detailed report.
  Number of Failed Nets               = 0
  Number of Unrouted Nets             = 0
  Number of Partially Routed Nets     = 0
  Number of Node Overlaps             = 0

Congestion Report
North Dir 1x1 Area, Max Cong = 92.7928%, Congestion bounded by tiles (Lower Left Tile -> Upper Right Tile):
   INT_R_X21Y55 -> INT_R_X21Y55
   INT_R_X19Y53 -> INT_R_X19Y53
   INT_R_X19Y52 -> INT_R_X19Y52
   INT_L_X20Y51 -> INT_L_X20Y51
   INT_R_X19Y49 -> INT_R_X19Y49
South Dir 4x4 Area, Max Cong = 90.8221%, Congestion bounded by tiles (Lower Left Tile -> Upper Right Tile):
   PCIE_NULL_X45Y53 -> INT_R_X19Y53
   INT_L_X20Y50 -> INT_R_X23Y53
   INT_L_X20Y46 -> INT_R_X23Y49
East Dir 4x4 Area, Max Cong = 89.5221%, Congestion bounded by tiles (Lower Left Tile -> Upper Right Tile):
   INT_L_X16Y46 -> INT_R_X19Y49
   INT_L_X16Y42 -> INT_R_X19Y45
West Dir 4x4 Area, Max Cong = 87.5%, Congestion bounded by tiles (Lower Left Tile -> Upper Right Tile):
   INT_L_X16Y46 -> INT_R_X19Y49

------------------------------
Reporting congestion hotspots
------------------------------
Direction: North
----------------
Congested clusters found at Level 0
Effective congestion level: 1 Aspect Ratio: 0.666667 Sparse Ratio: 1
Direction: South
----------------
Congested clusters found at Level 1
Effective congestion level: 3 Aspect Ratio: 0.5 Sparse Ratio: 1.875
Direction: East
----------------
Congested clusters found at Level 2
Effective congestion level: 3 Aspect Ratio: 0.333333 Sparse Ratio: 0.75
Direction: West
----------------
Congested clusters found at Level 2
Effective congestion level: 3 Aspect Ratio: 1 Sparse Ratio: 0.75

Phase 7 Route finalize | Checksum: 1a21aa301

Time (s): cpu = 00:08:18 ; elapsed = 00:03:33 . Memory (MB): peak = 2475.949 ; gain = 414.383

Phase 8 Verifying routed nets

 Verification completed successfully
Phase 8 Verifying routed nets | Checksum: 1a21aa301

Time (s): cpu = 00:08:19 ; elapsed = 00:03:33 . Memory (MB): peak = 2475.949 ; gain = 414.383

Phase 9 Depositing Routes
Phase 9 Depositing Routes | Checksum: 14077660f

Time (s): cpu = 00:08:22 ; elapsed = 00:03:36 . Memory (MB): peak = 2475.949 ; gain = 414.383

Phase 10 Post Router Timing
INFO: [Route 35-57] Estimated Timing Summary | WNS=-11.980| TNS=-4670.378| WHS=0.041  | THS=0.000  |

WARNING: [Route 35-328] Router estimated timing not met.
Resolution: For a complete and accurate timing signoff, report_timing_summary must be run after route_design. Alternatively, route_design can be run with the -timing_summary option to enable a complete timing signoff at the end of route_design.
Phase 10 Post Router Timing | Checksum: 14077660f

Time (s): cpu = 00:08:22 ; elapsed = 00:03:37 . Memory (MB): peak = 2475.949 ; gain = 414.383
INFO: [Route 35-16] Router Completed Successfully

Time (s): cpu = 00:08:22 ; elapsed = 00:03:37 . Memory (MB): peak = 2475.949 ; gain = 414.383

Routing Is Done.
INFO: [Common 17-83] Releasing license: Implementation
133 Infos, 111 Warnings, 100 Critical Warnings and 0 Errors encountered.
route_design completed successfully
route_design: Time (s): cpu = 00:08:28 ; elapsed = 00:03:40 . Memory (MB): peak = 2475.949 ; gain = 414.383
INFO: [Common 17-600] The following parameters have non-default value.
general.maxThreads
Netlist sorting complete. Time (s): cpu = 00:00:00 ; elapsed = 00:00:00.021 . Memory (MB): peak = 2475.949 ; gain = 0.000
INFO: [Timing 38-480] Writing timing data to binary archive.
Writing placer database...
Netlist sorting complete. Time (s): cpu = 00:00:00 ; elapsed = 00:00:00.028 . Memory (MB): peak = 2475.949 ; gain = 0.000
Writing XDEF routing.
Writing XDEF routing logical nets.
Writing XDEF routing special nets.
Write XDEF Complete: Time (s): cpu = 00:00:12 ; elapsed = 00:00:06 . Memory (MB): peak = 2475.949 ; gain = 0.000
INFO: [Common 17-1381] The checkpoint 'C:/Users/Administrator/Desktop/yafpgatetris/fpgatetrisV3/fpgatetris.runs/impl_1/top_routed.dcp' has been generated.
write_checkpoint: Time (s): cpu = 00:00:13 ; elapsed = 00:00:07 . Memory (MB): peak = 2475.949 ; gain = 0.000
INFO: [runtcl-4] Executing : report_drc -file top_drc_routed.rpt -pb top_drc_routed.pb -rpx top_drc_routed.rpx
Command: report_drc -file top_drc_routed.rpt -pb top_drc_routed.pb -rpx top_drc_routed.rpx
INFO: [IP_Flow 19-1839] IP Catalog is up to date.
INFO: [DRC 23-27] Running DRC with 8 threads
INFO: [Coretcl 2-168] The results of DRC are in file C:/Users/Administrator/Desktop/yafpgatetris/fpgatetrisV3/fpgatetris.runs/impl_1/top_drc_routed.rpt.
report_drc completed successfully
report_drc: Time (s): cpu = 00:00:16 ; elapsed = 00:00:06 . Memory (MB): peak = 2475.949 ; gain = 0.000
INFO: [runtcl-4] Executing : report_methodology -file top_methodology_drc_routed.rpt -pb top_methodology_drc_routed.pb -rpx top_methodology_drc_routed.rpx
Command: report_methodology -file top_methodology_drc_routed.rpt -pb top_methodology_drc_routed.pb -rpx top_methodology_drc_routed.rpx
INFO: [Timing 38-35] Done setting XDC timing constraints.
INFO: [DRC 23-133] Running Methodology with 8 threads
INFO: [Coretcl 2-1520] The results of Report Methodology are in file C:/Users/Administrator/Desktop/yafpgatetris/fpgatetrisV3/fpgatetris.runs/impl_1/top_methodology_drc_routed.rpt.
report_methodology completed successfully
report_methodology: Time (s): cpu = 00:00:41 ; elapsed = 00:00:11 . Memory (MB): peak = 2475.949 ; gain = 0.000
INFO: [runtcl-4] Executing : report_power -file top_power_routed.rpt -pb top_power_summary_routed.pb -rpx top_power_routed.rpx
Command: report_power -file top_power_routed.rpt -pb top_power_summary_routed.pb -rpx top_power_routed.rpx
INFO: [Timing 38-35] Done setting XDC timing constraints.
Running Vector-less Activity Propagation...

Finished Running Vector-less Activity Propagation
146 Infos, 111 Warnings, 100 Critical Warnings and 0 Errors encountered.
report_power completed successfully
report_power: Time (s): cpu = 00:00:27 ; elapsed = 00:00:09 . Memory (MB): peak = 2475.949 ; gain = 0.000
INFO: [runtcl-4] Executing : report_route_status -file top_route_status.rpt -pb top_route_status.pb
INFO: [runtcl-4] Executing : report_timing_summary -max_paths 10 -file top_timing_summary_routed.rpt -pb top_timing_summary_routed.pb -rpx top_timing_summary_routed.rpx -warn_on_violation 
INFO: [Timing 38-91] UpdateTimingParams: Speed grade: -1, Delay Type: min_max.
INFO: [Timing 38-191] Multithreading enabled for timing update using a maximum of 8 CPUs
CRITICAL WARNING: [Timing 38-282] The design failed to meet the timing requirements. Please see the timing summary report for details on the timing violations.
WARNING: [Timing 38-436] There are set_bus_skew constraint(s) in this design. Please run report_bus_skew to ensure that bus skew requirements are met.
INFO: [runtcl-4] Executing : report_incremental_reuse -file top_incremental_reuse_routed.rpt
INFO: [Vivado_Tcl 4-1062] Incremental flow is disabled. No incremental reuse Info to report.
INFO: [runtcl-4] Executing : report_clock_utilization -file top_clock_utilization_routed.rpt
INFO: [runtcl-4] Executing : report_bus_skew -warn_on_violation -file top_bus_skew_routed.rpt -pb top_bus_skew_routed.pb -rpx top_bus_skew_routed.rpx
INFO: [Timing 38-91] UpdateTimingParams: Speed grade: -1, Delay Type: min_max.
INFO: [Timing 38-191] Multithreading enabled for timing update using a maximum of 8 CPUs
Command: write_bitstream -force top.bit
Attempting to get a license for feature 'Implementation' and/or device 'xc7z020'
INFO: [Common 17-349] Got license for feature 'Implementation' and/or device 'xc7z020'
Running DRC as a precondition to command write_bitstream
INFO: [IP_Flow 19-1839] IP Catalog is up to date.
INFO: [DRC 23-27] Running DRC with 8 threads
WARNING: [DRC NSTD-1] Unspecified I/O Standard: 15 out of 33 logical ports use I/O standard (IOSTANDARD) value 'DEFAULT', instead of a user assigned specific value. This may cause I/O contention or incompatibility with the board power or connectivity affecting performance, signal integrity or in extreme cases cause damage to the device or the components to which it is connected. To correct this violation, specify all I/O standards. This design will fail to generate a bitstream unless all logical ports have a user specified I/O standard value defined. To allow bitstream creation with unspecified I/O standard values (not recommended), use this command: set_property SEVERITY {Warning} [get_drc_checks NSTD-1].  NOTE: When using the Vivado Runs infrastructure (e.g. launch_runs Tcl command), add this command to a .tcl file and add that file as a pre-hook for write_bitstream step for the implementation run. Problem ports: VGA_B[7], VGA_B[6], VGA_B[5], VGA_B[4], VGA_G[7], VGA_G[6], VGA_G[5], VGA_G[4], VGA_R[7], VGA_R[6], VGA_R[5], VGA_R[4], VGA_BLANK_N, VGA_SYNC_N, and VGA_CLK.
WARNING: [DRC RTSTAT-10] No routable loads: 49 net(s) have no routable loads. The problem bus(es) and/or net(s) are dbg_hub/inst/BSCANID.u_xsdbm_id/CORE_XSDB.UUT_MASTER/U_ICON_INTERFACE/U_CMD6_RD/U_RD_FIFO/SUBCORE_FIFO.xsdbm_v3_0_0_rdfifo_inst/inst_fifo_gen/gconvfifo.rf/grf.rf/gntv_or_sync_fifo.gl0.rd/gr1.gr1_int.rfwft/aempty_fwft_i, dbg_hub/inst/BSCANID.u_xsdbm_id/CORE_XSDB.UUT_MASTER/U_ICON_INTERFACE/U_CMD7_CTL/ctl_reg[2:0], dbg_hub/inst/BSCANID.u_xsdbm_id/CORE_XSDB.UUT_MASTER/U_ICON_INTERFACE/U_CMD1/ctl_reg_en_2[1], dbg_hub/inst/BSCANID.u_xsdbm_id/CORE_XSDB.UUT_MASTER/U_ICON_INTERFACE/U_CMD7_CTL/ctl_reg_en_2[1], dbg_hub/inst/BSCANID.u_xsdbm_id/SWITCH_N_EXT_BSCAN.bscan_switch/m_bscan_capture[0], dbg_hub/inst/BSCANID.u_xsdbm_id/SWITCH_N_EXT_BSCAN.bscan_switch/m_bscan_drck[0], dbg_hub/inst/BSCANID.u_xsdbm_id/SWITCH_N_EXT_BSCAN.bscan_switch/m_bscan_runtest[0], dbg_hub/inst/BSCANID.u_xsdbm_id/CORE_XSDB.UUT_MASTER/U_ICON_INTERFACE/U_CMD6_RD/U_RD_FIFO/SUBCORE_FIFO.xsdbm_v3_0_0_rdfifo_inst/inst_fifo_gen/gconvfifo.rf/grf.rf/gntv_or_sync_fifo.gl0.wr/gwhf.whf/overflow, dbg_hub/inst/BSCANID.u_xsdbm_id/CORE_XSDB.UUT_MASTER/U_ICON_INTERFACE/U_CMD6_WR/U_WR_FIFO/SUBCORE_FIFO.xsdbm_v3_0_0_wrfifo_inst/inst_fifo_gen/gconvfifo.rf/grf.rf/gntv_or_sync_fifo.gl0.wr/gwhf.whf/overflow, dbg_hub/inst/BSCANID.u_xsdbm_id/CORE_XSDB.UUT_MASTER/U_ICON_INTERFACE/U_CMD6_RD/U_RD_FIFO/SUBCORE_FIFO.xsdbm_v3_0_0_rdfifo_inst/inst_fifo_gen/gconvfifo.rf/grf.rf/gntv_or_sync_fifo.gl0.rd/gras.rsts/ram_empty_i, dbg_hub/inst/BSCANID.u_xsdbm_id/CORE_XSDB.UUT_MASTER/U_ICON_INTERFACE/U_CMD6_WR/U_WR_FIFO/SUBCORE_FIFO.xsdbm_v3_0_0_wrfifo_inst/inst_fifo_gen/gconvfifo.rf/grf.rf/gntv_or_sync_fifo.gl0.wr/gwas.wsts/ram_full_i, dbg_hub/inst/BSCANID.u_xsdbm_id/CORE_XSDB.UUT_MASTER/U_ICON_INTERFACE/U_CMD6_WR/U_WR_FIFO/SUBCORE_FIFO.xsdbm_v3_0_0_wrfifo_inst/inst_fifo_gen/gconvfifo.rf/grf.rf/rstblk/rd_rst_reg[0], dbg_hub/inst/BSCANID.u_xsdbm_id/SWITCH_N_EXT_BSCAN.bscan_inst/s_bscan_tms, user_input/user_input_fifo/inst/ila_core_inst/u_ila_regs/U_XSDB_SLAVE/s_daddr_o[13], user_input/user_input_fifo/inst/ila_core_inst/u_ila_regs/U_XSDB_SLAVE/s_daddr_o[14]... and (the first 15 of 47 listed).
WARNING: [DRC UCIO-1] Unconstrained Logical Port: 15 out of 33 logical ports have no user assigned specific location constraint (LOC). This may cause I/O contention or incompatibility with the board power or connectivity affecting performance, signal integrity or in extreme cases cause damage to the device or the components to which it is connected. To correct this violation, specify all pin locations. This design will fail to generate a bitstream unless all logical ports have a user specified site LOC constraint defined.  To allow bitstream creation with unspecified pin locations (not recommended), use this command: set_property SEVERITY {Warning} [get_drc_checks UCIO-1].  NOTE: When using the Vivado Runs infrastructure (e.g. launch_runs Tcl command), add this command to a .tcl file and add that file as a pre-hook for write_bitstream step for the implementation run.  Problem ports: VGA_B[7], VGA_B[6], VGA_B[5], VGA_B[4], VGA_G[7], VGA_G[6], VGA_G[5], VGA_G[4], VGA_R[7], VGA_R[6], VGA_R[5], VGA_R[4], VGA_BLANK_N, VGA_SYNC_N, and VGA_CLK.
WARNING: [DRC ZPS7-1] PS7 block required: The PS7 cell must be used in this Zynq design in order to enable correct default configuration.
INFO: [Vivado 12-3199] DRC finished with 0 Errors, 4 Warnings
INFO: [Vivado 12-3200] Please refer to the DRC report (report_drc) for more information.
INFO: [Designutils 20-2272] Running write_bitstream with 8 threads.
Loading data files...
Loading site data...
Loading route data...
Processing options...
Creating bitmap...
Creating bitstream...
Writing bitstream ./top.bit...
INFO: [Vivado 12-1842] Bitgen Completed Successfully.
INFO: [Project 1-120] WebTalk data collection is mandatory when using a WebPACK part without a full Vivado license. To see the specific WebTalk data collected for your design, open the usage_statistics_webtalk.html or usage_statistics_webtalk.xml file in the implementation directory.
INFO: [Common 17-83] Releasing license: Implementation
165 Infos, 116 Warnings, 101 Critical Warnings and 0 Errors encountered.
write_bitstream completed successfully
write_bitstream: Time (s): cpu = 00:00:53 ; elapsed = 00:00:23 . Memory (MB): peak = 2905.152 ; gain = 429.203
INFO: [Common 17-206] Exiting Vivado at Tue May 10 22:06:24 2022...
