Flow report for final_project
Sat May 14 17:54:10 2022
Quartus Prime Version 20.1.1 Build 720 11/11/2020 SJ Lite Edition


---------------------
; Table of Contents ;
---------------------
  1. Legal Notice
  2. Flow Summary
  3. Flow Settings
  4. Flow Non-Default Global Settings
  5. Flow Elapsed Time
  6. Flow OS Summary
  7. Flow Log
  8. Flow Messages
  9. Flow Suppressed Messages



----------------
; Legal Notice ;
----------------
Copyright (C) 2020  Intel Corporation. All rights reserved.
Your use of Intel Corporation's design tools, logic functions 
and other software and tools, and any partner logic 
functions, and any output files from any of the foregoing 
(including device programming or simulation files), and any 
associated documentation or information are expressly subject 
to the terms and conditions of the Intel Program License 
Subscription Agreement, the Intel Quartus Prime License Agreement,
the Intel FPGA IP License Agreement, or other applicable license
agreement, including, without limitation, that your use is for
the sole purpose of programming logic devices manufactured by
Intel and sold by Intel or its authorized distributors.  Please
refer to the applicable agreement for further details, at
https://fpgasoftware.intel.com/eula.



+----------------------------------------------------------------------------------+
; Flow Summary                                                                     ;
+------------------------------------+---------------------------------------------+
; Flow Status                        ; Successful - Sat May 14 17:54:10 2022       ;
; Quartus Prime Version              ; 20.1.1 Build 720 11/11/2020 SJ Lite Edition ;
; Revision Name                      ; final_project                               ;
; Top-level Entity Name              ; lab8                                        ;
; Family                             ; Cyclone IV E                                ;
; Device                             ; EP4CE115F29C7                               ;
; Timing Models                      ; Final                                       ;
; Total logic elements               ; 4,131 / 114,480 ( 4 % )                     ;
;     Total combinational functions  ; 3,454 / 114,480 ( 3 % )                     ;
;     Dedicated logic registers      ; 2,138 / 114,480 ( 2 % )                     ;
; Total registers                    ; 2257                                        ;
; Total pins                         ; 128 / 529 ( 24 % )                          ;
; Total virtual pins                 ; 0                                           ;
; Total memory bits                  ; 1,854,592 / 3,981,312 ( 47 % )              ;
; Embedded Multiplier 9-bit elements ; 0 / 532 ( 0 % )                             ;
; Total PLLs                         ; 2 / 4 ( 50 % )                              ;
+------------------------------------+---------------------------------------------+


+-----------------------------------------+
; Flow Settings                           ;
+-------------------+---------------------+
; Option            ; Setting             ;
+-------------------+---------------------+
; Start date & time ; 05/14/2022 17:49:47 ;
; Main task         ; Compilation         ;
; Revision Name     ; final_project       ;
+-------------------+---------------------+


+-------------------------------------------------------------------------------------------------------------------------------------------------------+
; Flow Non-Default Global Settings                                                                                                                      ;
+--------------------------------------+-------------------------------------------------------------+---------------+-----------------+----------------+
; Assignment Name                      ; Value                                                       ; Default Value ; Entity Name     ; Section Id     ;
+--------------------------------------+-------------------------------------------------------------+---------------+-----------------+----------------+
; COMPILER_SIGNATURE_ID                ; 154027283958122.165252178711044                             ; --            ; --              ; --             ;
; EDA_DESIGN_INSTANCE_NAME             ; NA                                                          ; --            ; --              ; testbench      ;
; EDA_NATIVELINK_SIMULATION_TEST_BENCH ; testbench                                                   ; --            ; --              ; eda_simulation ;
; EDA_OUTPUT_DATA_FORMAT               ; Systemverilog Hdl                                           ; --            ; --              ; eda_simulation ;
; EDA_SIMULATION_TOOL                  ; ModelSim-Altera (SystemVerilog)                             ; <None>        ; --              ; --             ;
; EDA_TEST_BENCH_ENABLE_STATUS         ; NOT_USED                                                    ; --            ; --              ; eda_simulation ;
; EDA_TEST_BENCH_FILE                  ; testbench.sv                                                ; --            ; --              ; testbench      ;
; EDA_TEST_BENCH_MODULE_NAME           ; testbench                                                   ; --            ; --              ; testbench      ;
; EDA_TEST_BENCH_NAME                  ; testbench                                                   ; --            ; --              ; eda_simulation ;
; EDA_TEST_BENCH_RUN_SIM_FOR           ; 10000 ns                                                    ; --            ; --              ; testbench      ;
; EDA_TIME_SCALE                       ; 1 ps                                                        ; --            ; --              ; eda_simulation ;
; FLOW_ENABLE_POWER_ANALYZER           ; On                                                          ; Off           ; --              ; --             ;
; MAX_CORE_JUNCTION_TEMP               ; 85                                                          ; --            ; --              ; --             ;
; MIN_CORE_JUNCTION_TEMP               ; 0                                                           ; --            ; --              ; --             ;
; MISC_FILE                            ; final_soc/synthesis/../final_soc.cmp                        ; --            ; --              ; --             ;
; MISC_FILE                            ; final_soc/synthesis/../../final_soc.qsys                    ; --            ; --              ; --             ;
; MISC_FILE                            ; vga_clk.ppf                                                 ; --            ; --              ; --             ;
; PARTITION_COLOR                      ; -- (Not supported for targeted family)                      ; --            ; DE2_115_Default ; Top            ;
; PARTITION_COLOR                      ; -- (Not supported for targeted family)                      ; --            ; lab8            ; Top            ;
; PARTITION_FITTER_PRESERVATION_LEVEL  ; -- (Not supported for targeted family)                      ; --            ; DE2_115_Default ; Top            ;
; PARTITION_FITTER_PRESERVATION_LEVEL  ; -- (Not supported for targeted family)                      ; --            ; lab8            ; Top            ;
; PARTITION_NETLIST_TYPE               ; -- (Not supported for targeted family)                      ; --            ; DE2_115_Default ; Top            ;
; PARTITION_NETLIST_TYPE               ; -- (Not supported for targeted family)                      ; --            ; lab8            ; Top            ;
; POWER_BOARD_THERMAL_MODEL            ; None (CONSERVATIVE)                                         ; --            ; --              ; --             ;
; POWER_PRESET_COOLING_SOLUTION        ; 23 MM HEAT SINK WITH 200 LFPM AIRFLOW                       ; --            ; --              ; --             ;
; SLD_FILE                             ; final_soc/synthesis/final_soc.regmap                        ; --            ; --              ; --             ;
; SLD_FILE                             ; final_soc/synthesis/final_soc.debuginfo                     ; --            ; --              ; --             ;
; SLD_INFO                             ; QSYS_NAME final_soc HAS_SOPCINFO 1 GENERATION_ID 1652521729 ; --            ; final_soc       ; --             ;
; SOPCINFO_FILE                        ; final_soc/synthesis/../../final_soc.sopcinfo                ; --            ; --              ; --             ;
; SYNTHESIS_ONLY_QIP                   ; On                                                          ; --            ; --              ; --             ;
; TOP_LEVEL_ENTITY                     ; lab8                                                        ; final_project ; --              ; --             ;
+--------------------------------------+-------------------------------------------------------------+---------------+-----------------+----------------+


+--------------------------------------------------------------------------------------------------------------------------+
; Flow Elapsed Time                                                                                                        ;
+----------------------+--------------+-------------------------+---------------------+------------------------------------+
; Module Name          ; Elapsed Time ; Average Processors Used ; Peak Virtual Memory ; Total CPU Time (on all processors) ;
+----------------------+--------------+-------------------------+---------------------+------------------------------------+
; Analysis & Synthesis ; 00:03:27     ; 1.0                     ; 5016 MB             ; 00:03:43                           ;
; Fitter               ; 00:00:24     ; 1.1                     ; 5904 MB             ; 00:00:39                           ;
; Assembler            ; 00:00:04     ; 1.0                     ; 4724 MB             ; 00:00:04                           ;
; Power Analyzer       ; 00:00:11     ; 1.1                     ; 4973 MB             ; 00:00:11                           ;
; Timing Analyzer      ; 00:00:04     ; 1.2                     ; 4935 MB             ; 00:00:04                           ;
; EDA Netlist Writer   ; 00:00:03     ; 1.0                     ; 4694 MB             ; 00:00:02                           ;
; Total                ; 00:04:13     ; --                      ; --                  ; 00:04:43                           ;
+----------------------+--------------+-------------------------+---------------------+------------------------------------+


+------------------------------------------------------------------------------------+
; Flow OS Summary                                                                    ;
+----------------------+------------------+------------+------------+----------------+
; Module Name          ; Machine Hostname ; OS Name    ; OS Version ; Processor type ;
+----------------------+------------------+------------+------------+----------------+
; Analysis & Synthesis ; DESKTOP-1TCF4DO  ; Windows 10 ; 10.0       ; x86_64         ;
; Fitter               ; DESKTOP-1TCF4DO  ; Windows 10 ; 10.0       ; x86_64         ;
; Assembler            ; DESKTOP-1TCF4DO  ; Windows 10 ; 10.0       ; x86_64         ;
; Power Analyzer       ; DESKTOP-1TCF4DO  ; Windows 10 ; 10.0       ; x86_64         ;
; Timing Analyzer      ; DESKTOP-1TCF4DO  ; Windows 10 ; 10.0       ; x86_64         ;
; EDA Netlist Writer   ; DESKTOP-1TCF4DO  ; Windows 10 ; 10.0       ; x86_64         ;
+----------------------+------------------+------------+------------+----------------+


------------
; Flow Log ;
------------
quartus_map --read_settings_files=on --write_settings_files=off final_project -c final_project
quartus_fit --read_settings_files=off --write_settings_files=off final_project -c final_project
quartus_asm --read_settings_files=off --write_settings_files=off final_project -c final_project
quartus_pow --read_settings_files=off --write_settings_files=off final_project -c final_project
quartus_sta final_project -c final_project
quartus_eda --read_settings_files=off --write_settings_files=off final_project -c final_project



