EDA Netlist Writer report for final
Wed May 06 10:22:44 2020
Quartus Prime Version 18.1.0 Build 625 09/12/2018 SJ Lite Edition


---------------------
; Table of Contents ;
---------------------
  1. Legal Notice
  2. EDA Netlist Writer Summary
  3. Simulation Settings
  4. Simulation Generated Files
  5. EDA Netlist Writer Messages



----------------
; Legal Notice ;
----------------
Copyright (C) 2018  Intel Corporation. All rights reserved.
Your use of Intel Corporation's design tools, logic functions 
and other software and tools, and its AMPP partner logic 
functions, and any output files from any of the foregoing 
(including device programming or simulation files), and any 
associated documentation or information are expressly subject 
to the terms and conditions of the Intel Program License 
Subscription Agreement, the Intel Quartus Prime License Agreement,
the Intel FPGA IP License Agreement, or other applicable license
agreement, including, without limitation, that your use is for
the sole purpose of programming logic devices manufactured by
Intel and sold by Intel or its authorized distributors.  Please
refer to the applicable agreement for further details.



+-------------------------------------------------------------------+
; EDA Netlist Writer Summary                                        ;
+---------------------------+---------------------------------------+
; EDA Netlist Writer Status ; Successful - Wed May 06 10:22:44 2020 ;
; Revision Name             ; final                                 ;
; Top-level Entity Name     ; final_top                             ;
; Family                    ; Cyclone IV E                          ;
; Simulation Files Creation ; Successful                            ;
+---------------------------+---------------------------------------+


+-------------------------------------------------------------------------------------------------------------------------------+
; Simulation Settings                                                                                                           ;
+---------------------------------------------------------------------------------------------------+---------------------------+
; Option                                                                                            ; Setting                   ;
+---------------------------------------------------------------------------------------------------+---------------------------+
; Tool Name                                                                                         ; ModelSim-Altera (Verilog) ;
; Generate functional simulation netlist                                                            ; Off                       ;
; Time scale                                                                                        ; 1 us                      ;
; Truncate long hierarchy paths                                                                     ; Off                       ;
; Map illegal HDL characters                                                                        ; Off                       ;
; Flatten buses into individual nodes                                                               ; Off                       ;
; Maintain hierarchy                                                                                ; Off                       ;
; Bring out device-wide set/reset signals as ports                                                  ; Off                       ;
; Enable glitch filtering                                                                           ; Off                       ;
; Do not write top level VHDL entity                                                                ; Off                       ;
; Disable detection of setup and hold time violations in the input registers of bi-directional pins ; Off                       ;
; Architecture name in VHDL output netlist                                                          ; structure                 ;
; Generate third-party EDA tool command script for RTL functional simulation                        ; Off                       ;
; Generate third-party EDA tool command script for gate-level simulation                            ; Off                       ;
+---------------------------------------------------------------------------------------------------+---------------------------+


+-------------------------------------------------------------------------------------------------------------+
; Simulation Generated Files                                                                                  ;
+-------------------------------------------------------------------------------------------------------------+
; Generated Files                                                                                             ;
+-------------------------------------------------------------------------------------------------------------+
; D:/2020SP/ECE385/Final project/ECE385_FinalProject/final/simulation/modelsim/final_7_1200mv_85c_slow.vo     ;
; D:/2020SP/ECE385/Final project/ECE385_FinalProject/final/simulation/modelsim/final_7_1200mv_0c_slow.vo      ;
; D:/2020SP/ECE385/Final project/ECE385_FinalProject/final/simulation/modelsim/final_min_1200mv_0c_fast.vo    ;
; D:/2020SP/ECE385/Final project/ECE385_FinalProject/final/simulation/modelsim/final.vo                       ;
; D:/2020SP/ECE385/Final project/ECE385_FinalProject/final/simulation/modelsim/final_7_1200mv_85c_v_slow.sdo  ;
; D:/2020SP/ECE385/Final project/ECE385_FinalProject/final/simulation/modelsim/final_7_1200mv_0c_v_slow.sdo   ;
; D:/2020SP/ECE385/Final project/ECE385_FinalProject/final/simulation/modelsim/final_min_1200mv_0c_v_fast.sdo ;
; D:/2020SP/ECE385/Final project/ECE385_FinalProject/final/simulation/modelsim/final_v.sdo                    ;
+-------------------------------------------------------------------------------------------------------------+


+-----------------------------+
; EDA Netlist Writer Messages ;
+-----------------------------+
Info: *******************************************************************
Info: Running Quartus Prime EDA Netlist Writer
    Info: Version 18.1.0 Build 625 09/12/2018 SJ Lite Edition
    Info: Processing started: Wed May 06 10:21:16 2020
Info: Command: quartus_eda --read_settings_files=off --write_settings_files=off final -c final
Warning (202000): An incorrect timescale is selected for the Verilog Output (.VO) file of this PLL design. It's required that the timescale should be 1 ps when simulating a PLL design in a third party EDA tool.
Info (204019): Generated file final_7_1200mv_85c_slow.vo in folder "D:/2020SP/ECE385/Final project/ECE385_FinalProject/final/simulation/modelsim/" for EDA simulation tool
Warning (202000): An incorrect timescale is selected for the Verilog Output (.VO) file of this PLL design. It's required that the timescale should be 1 ps when simulating a PLL design in a third party EDA tool.
Info (204019): Generated file final_7_1200mv_0c_slow.vo in folder "D:/2020SP/ECE385/Final project/ECE385_FinalProject/final/simulation/modelsim/" for EDA simulation tool
Warning (202000): An incorrect timescale is selected for the Verilog Output (.VO) file of this PLL design. It's required that the timescale should be 1 ps when simulating a PLL design in a third party EDA tool.
Info (204019): Generated file final_min_1200mv_0c_fast.vo in folder "D:/2020SP/ECE385/Final project/ECE385_FinalProject/final/simulation/modelsim/" for EDA simulation tool
Warning (202000): An incorrect timescale is selected for the Verilog Output (.VO) file of this PLL design. It's required that the timescale should be 1 ps when simulating a PLL design in a third party EDA tool.
Info (204019): Generated file final.vo in folder "D:/2020SP/ECE385/Final project/ECE385_FinalProject/final/simulation/modelsim/" for EDA simulation tool
Info (204019): Generated file final_7_1200mv_85c_v_slow.sdo in folder "D:/2020SP/ECE385/Final project/ECE385_FinalProject/final/simulation/modelsim/" for EDA simulation tool
Info (204019): Generated file final_7_1200mv_0c_v_slow.sdo in folder "D:/2020SP/ECE385/Final project/ECE385_FinalProject/final/simulation/modelsim/" for EDA simulation tool
Info (204019): Generated file final_min_1200mv_0c_v_fast.sdo in folder "D:/2020SP/ECE385/Final project/ECE385_FinalProject/final/simulation/modelsim/" for EDA simulation tool
Info (204019): Generated file final_v.sdo in folder "D:/2020SP/ECE385/Final project/ECE385_FinalProject/final/simulation/modelsim/" for EDA simulation tool
Info: Quartus Prime EDA Netlist Writer was successful. 0 errors, 4 warnings
    Info: Peak virtual memory: 4930 megabytes
    Info: Processing ended: Wed May 06 10:22:44 2020
    Info: Elapsed time: 00:01:28
    Info: Total CPU time (on all processors): 00:00:46


