EDA Netlist Writer report for Lab4
Thu Oct 21 22:10:09 2021
Quartus Prime Version 18.1.0 Build 625 09/12/2018 SJ Lite Edition


---------------------
; Table of Contents ;
---------------------
  1. Legal Notice
  2. EDA Netlist Writer Summary
  3. Simulation Settings
  4. Simulation Generated Files
  5. EDA Netlist Writer Messages



----------------
; Legal Notice ;
----------------
Copyright (C) 2018  Intel Corporation. All rights reserved.
Your use of Intel Corporation's design tools, logic functions 
and other software and tools, and its AMPP partner logic 
functions, and any output files from any of the foregoing 
(including device programming or simulation files), and any 
associated documentation or information are expressly subject 
to the terms and conditions of the Intel Program License 
Subscription Agreement, the Intel Quartus Prime License Agreement,
the Intel FPGA IP License Agreement, or other applicable license
agreement, including, without limitation, that your use is for
the sole purpose of programming logic devices manufactured by
Intel and sold by Intel or its authorized distributors.  Please
refer to the applicable agreement for further details.



+-------------------------------------------------------------------+
; EDA Netlist Writer Summary                                        ;
+---------------------------+---------------------------------------+
; EDA Netlist Writer Status ; Successful - Thu Oct 21 22:10:09 2021 ;
; Revision Name             ; Lab4                                  ;
; Top-level Entity Name     ; lab4_adders_toplevel                  ;
; Family                    ; Cyclone IV E                          ;
; Simulation Files Creation ; Successful                            ;
+---------------------------+---------------------------------------+


+-------------------------------------------------------------------------------------------------------------------------------------+
; Simulation Settings                                                                                                                 ;
+---------------------------------------------------------------------------------------------------+---------------------------------+
; Option                                                                                            ; Setting                         ;
+---------------------------------------------------------------------------------------------------+---------------------------------+
; Tool Name                                                                                         ; ModelSim-Altera (SystemVerilog) ;
; Generate functional simulation netlist                                                            ; Off                             ;
; Time scale                                                                                        ; 1 ns                            ;
; Truncate long hierarchy paths                                                                     ; Off                             ;
; Map illegal HDL characters                                                                        ; Off                             ;
; Flatten buses into individual nodes                                                               ; Off                             ;
; Maintain hierarchy                                                                                ; Off                             ;
; Bring out device-wide set/reset signals as ports                                                  ; Off                             ;
; Enable glitch filtering                                                                           ; Off                             ;
; Do not write top level VHDL entity                                                                ; Off                             ;
; Disable detection of setup and hold time violations in the input registers of bi-directional pins ; Off                             ;
; Architecture name in VHDL output netlist                                                          ; structure                       ;
; Generate third-party EDA tool command script for RTL functional simulation                        ; Off                             ;
; Generate third-party EDA tool command script for gate-level simulation                            ; Off                             ;
+---------------------------------------------------------------------------------------------------+---------------------------------+


+--------------------------------------------------------------------------------------------------------------------------+
; Simulation Generated Files                                                                                               ;
+--------------------------------------------------------------------------------------------------------------------------+
; Generated Files                                                                                                          ;
+--------------------------------------------------------------------------------------------------------------------------+
; C:/Users/Howar/Desktop/ECE 385/LAB4/LAB4 Ge Yuhao_Lou Haina/LAB4_final/simulation/modelsim/Lab4_7_1200mv_85c_slow.svo    ;
; C:/Users/Howar/Desktop/ECE 385/LAB4/LAB4 Ge Yuhao_Lou Haina/LAB4_final/simulation/modelsim/Lab4_7_1200mv_0c_slow.svo     ;
; C:/Users/Howar/Desktop/ECE 385/LAB4/LAB4 Ge Yuhao_Lou Haina/LAB4_final/simulation/modelsim/Lab4_min_1200mv_0c_fast.svo   ;
; C:/Users/Howar/Desktop/ECE 385/LAB4/LAB4 Ge Yuhao_Lou Haina/LAB4_final/simulation/modelsim/Lab4.svo                      ;
; C:/Users/Howar/Desktop/ECE 385/LAB4/LAB4 Ge Yuhao_Lou Haina/LAB4_final/simulation/modelsim/Lab4_7_1200mv_85c_v_slow.sdo  ;
; C:/Users/Howar/Desktop/ECE 385/LAB4/LAB4 Ge Yuhao_Lou Haina/LAB4_final/simulation/modelsim/Lab4_7_1200mv_0c_v_slow.sdo   ;
; C:/Users/Howar/Desktop/ECE 385/LAB4/LAB4 Ge Yuhao_Lou Haina/LAB4_final/simulation/modelsim/Lab4_min_1200mv_0c_v_fast.sdo ;
; C:/Users/Howar/Desktop/ECE 385/LAB4/LAB4 Ge Yuhao_Lou Haina/LAB4_final/simulation/modelsim/Lab4_v.sdo                    ;
+--------------------------------------------------------------------------------------------------------------------------+


+-----------------------------+
; EDA Netlist Writer Messages ;
+-----------------------------+
Info: *******************************************************************
Info: Running Quartus Prime EDA Netlist Writer
    Info: Version 18.1.0 Build 625 09/12/2018 SJ Lite Edition
    Info: Processing started: Thu Oct 21 22:10:08 2021
Info: Command: quartus_eda --read_settings_files=off --write_settings_files=off Lab4 -c Lab4
Warning (18236): Number of processors has not been specified which may cause overloading on shared machines.  Set the global assignment NUM_PARALLEL_PROCESSORS in your QSF to an appropriate value for best performance.
Warning (202000): An incorrect timescale is selected for the Verilog Output (.VO) file of this PLL design. It's required that the timescale should be 1 ps when simulating a PLL design in a third party EDA tool.
Info (204019): Generated file Lab4_7_1200mv_85c_slow.svo in folder "C:/Users/Howar/Desktop/ECE 385/LAB4/LAB4 Ge Yuhao_Lou Haina/LAB4_final/simulation/modelsim/" for EDA simulation tool
Warning (202000): An incorrect timescale is selected for the Verilog Output (.VO) file of this PLL design. It's required that the timescale should be 1 ps when simulating a PLL design in a third party EDA tool.
Info (204019): Generated file Lab4_7_1200mv_0c_slow.svo in folder "C:/Users/Howar/Desktop/ECE 385/LAB4/LAB4 Ge Yuhao_Lou Haina/LAB4_final/simulation/modelsim/" for EDA simulation tool
Warning (202000): An incorrect timescale is selected for the Verilog Output (.VO) file of this PLL design. It's required that the timescale should be 1 ps when simulating a PLL design in a third party EDA tool.
Info (204019): Generated file Lab4_min_1200mv_0c_fast.svo in folder "C:/Users/Howar/Desktop/ECE 385/LAB4/LAB4 Ge Yuhao_Lou Haina/LAB4_final/simulation/modelsim/" for EDA simulation tool
Warning (202000): An incorrect timescale is selected for the Verilog Output (.VO) file of this PLL design. It's required that the timescale should be 1 ps when simulating a PLL design in a third party EDA tool.
Info (204019): Generated file Lab4.svo in folder "C:/Users/Howar/Desktop/ECE 385/LAB4/LAB4 Ge Yuhao_Lou Haina/LAB4_final/simulation/modelsim/" for EDA simulation tool
Info (204019): Generated file Lab4_7_1200mv_85c_v_slow.sdo in folder "C:/Users/Howar/Desktop/ECE 385/LAB4/LAB4 Ge Yuhao_Lou Haina/LAB4_final/simulation/modelsim/" for EDA simulation tool
Info (204019): Generated file Lab4_7_1200mv_0c_v_slow.sdo in folder "C:/Users/Howar/Desktop/ECE 385/LAB4/LAB4 Ge Yuhao_Lou Haina/LAB4_final/simulation/modelsim/" for EDA simulation tool
Info (204019): Generated file Lab4_min_1200mv_0c_v_fast.sdo in folder "C:/Users/Howar/Desktop/ECE 385/LAB4/LAB4 Ge Yuhao_Lou Haina/LAB4_final/simulation/modelsim/" for EDA simulation tool
Info (204019): Generated file Lab4_v.sdo in folder "C:/Users/Howar/Desktop/ECE 385/LAB4/LAB4 Ge Yuhao_Lou Haina/LAB4_final/simulation/modelsim/" for EDA simulation tool
Info: Quartus Prime EDA Netlist Writer was successful. 0 errors, 5 warnings
    Info: Peak virtual memory: 4648 megabytes
    Info: Processing ended: Thu Oct 21 22:10:09 2021
    Info: Elapsed time: 00:00:01
    Info: Total CPU time (on all processors): 00:00:01


