#-----------------------------------------------------------
# Vivado v2016.2 (64-bit)
# SW Build 1577090 on Thu Jun  2 16:32:40 MDT 2016
# IP Build 1577682 on Fri Jun  3 12:00:54 MDT 2016
# Start of session at: Mon Mar 06 23:29:00 2017
# Process ID: 5096
# Current directory: C:/Users/HEHE/Desktop/top2048
# Command line: vivado.exe -gui_launcher_event rodinguilauncherevent3940 C:\Users\HEHE\Desktop\top2048\top2048.xpr
# Log file: C:/Users/HEHE/Desktop/top2048/vivado.log
# Journal file: C:/Users/HEHE/Desktop/top2048\vivado.jou
#-----------------------------------------------------------
start_gui
open_project C:/Users/HEHE/Desktop/top2048/top2048.xpr
Scanning sources...
Finished scanning sources
INFO: [IP_Flow 19-234] Refreshing IP repositories
INFO: [IP_Flow 19-1704] No user IP repositories specified
INFO: [IP_Flow 19-2313] Loaded Vivado IP repository 'D:/Xilinx/Vivado/2016.2/data/ip'.
open_project: Time (s): cpu = 00:00:14 ; elapsed = 00:00:16 . Memory (MB): peak = 804.699 ; gain = 153.324
update_compile_order -fileset sources_1
exit
INFO: [Common 17-206] Exiting Vivado at Tue Mar 07 00:21:32 2017...
