Analysis & Synthesis report for bit_serial_processor
Thu Oct 21 23:16:51 2021
Quartus Prime Version 18.1.0 Build 625 09/12/2018 SJ Lite Edition


---------------------
; Table of Contents ;
---------------------
  1. Legal Notice
  2. Analysis & Synthesis Summary
  3. Analysis & Synthesis Settings
  4. Parallel Compilation
  5. Analysis & Synthesis Source Files Read
  6. Analysis & Synthesis Resource Usage Summary
  7. Analysis & Synthesis Resource Utilization by Entity
  8. State Machine - |Processor|control:control_unit|curr_state
  9. Registers Removed During Synthesis
 10. General Register Statistics
 11. Multiplexer Restructuring Statistics (Restructuring Performed)
 12. Post-Synthesis Netlist Statistics for Top Partition
 13. Elapsed Time Per Partition
 14. Analysis & Synthesis Messages
 15. Analysis & Synthesis Suppressed Messages



----------------
; Legal Notice ;
----------------
Copyright (C) 2018  Intel Corporation. All rights reserved.
Your use of Intel Corporation's design tools, logic functions 
and other software and tools, and its AMPP partner logic 
functions, and any output files from any of the foregoing 
(including device programming or simulation files), and any 
associated documentation or information are expressly subject 
to the terms and conditions of the Intel Program License 
Subscription Agreement, the Intel Quartus Prime License Agreement,
the Intel FPGA IP License Agreement, or other applicable license
agreement, including, without limitation, that your use is for
the sole purpose of programming logic devices manufactured by
Intel and sold by Intel or its authorized distributors.  Please
refer to the applicable agreement for further details.



+----------------------------------------------------------------------------------+
; Analysis & Synthesis Summary                                                     ;
+------------------------------------+---------------------------------------------+
; Analysis & Synthesis Status        ; Successful - Thu Oct 21 23:16:51 2021       ;
; Quartus Prime Version              ; 18.1.0 Build 625 09/12/2018 SJ Lite Edition ;
; Revision Name                      ; bit_serial_processor                        ;
; Top-level Entity Name              ; Processor                                   ;
; Family                             ; Cyclone IV E                                ;
; Total logic elements               ; 85                                          ;
;     Total combinational functions  ; 72                                          ;
;     Dedicated logic registers      ; 43                                          ;
; Total registers                    ; 43                                          ;
; Total pins                         ; 66                                          ;
; Total virtual pins                 ; 0                                           ;
; Total memory bits                  ; 0                                           ;
; Embedded Multiplier 9-bit elements ; 0                                           ;
; Total PLLs                         ; 0                                           ;
+------------------------------------+---------------------------------------------+


+--------------------------------------------------------------------------------------------------------------+
; Analysis & Synthesis Settings                                                                                ;
+------------------------------------------------------------------+--------------------+----------------------+
; Option                                                           ; Setting            ; Default Value        ;
+------------------------------------------------------------------+--------------------+----------------------+
; Device                                                           ; EP4CE115F29C7      ;                      ;
; Top-level entity name                                            ; Processor          ; bit_serial_processor ;
; Family name                                                      ; Cyclone IV E       ; Cyclone V            ;
; Use smart compilation                                            ; Off                ; Off                  ;
; Enable parallel Assembler and Timing Analyzer during compilation ; On                 ; On                   ;
; Enable compact report table                                      ; Off                ; Off                  ;
; Restructure Multiplexers                                         ; Auto               ; Auto                 ;
; Create Debugging Nodes for IP Cores                              ; Off                ; Off                  ;
; Preserve fewer node names                                        ; On                 ; On                   ;
; Intel FPGA IP Evaluation Mode                                    ; Enable             ; Enable               ;
; Verilog Version                                                  ; Verilog_2001       ; Verilog_2001         ;
; VHDL Version                                                     ; VHDL_1993          ; VHDL_1993            ;
; State Machine Processing                                         ; Auto               ; Auto                 ;
; Safe State Machine                                               ; Off                ; Off                  ;
; Extract Verilog State Machines                                   ; On                 ; On                   ;
; Extract VHDL State Machines                                      ; On                 ; On                   ;
; Ignore Verilog initial constructs                                ; Off                ; Off                  ;
; Iteration limit for constant Verilog loops                       ; 5000               ; 5000                 ;
; Iteration limit for non-constant Verilog loops                   ; 250                ; 250                  ;
; Add Pass-Through Logic to Inferred RAMs                          ; On                 ; On                   ;
; Infer RAMs from Raw Logic                                        ; On                 ; On                   ;
; Parallel Synthesis                                               ; On                 ; On                   ;
; DSP Block Balancing                                              ; Auto               ; Auto                 ;
; NOT Gate Push-Back                                               ; On                 ; On                   ;
; Power-Up Don't Care                                              ; On                 ; On                   ;
; Remove Redundant Logic Cells                                     ; Off                ; Off                  ;
; Remove Duplicate Registers                                       ; On                 ; On                   ;
; Ignore CARRY Buffers                                             ; Off                ; Off                  ;
; Ignore CASCADE Buffers                                           ; Off                ; Off                  ;
; Ignore GLOBAL Buffers                                            ; Off                ; Off                  ;
; Ignore ROW GLOBAL Buffers                                        ; Off                ; Off                  ;
; Ignore LCELL Buffers                                             ; Off                ; Off                  ;
; Ignore SOFT Buffers                                              ; On                 ; On                   ;
; Limit AHDL Integers to 32 Bits                                   ; Off                ; Off                  ;
; Optimization Technique                                           ; Balanced           ; Balanced             ;
; Carry Chain Length                                               ; 70                 ; 70                   ;
; Auto Carry Chains                                                ; On                 ; On                   ;
; Auto Open-Drain Pins                                             ; On                 ; On                   ;
; Perform WYSIWYG Primitive Resynthesis                            ; Off                ; Off                  ;
; Auto ROM Replacement                                             ; On                 ; On                   ;
; Auto RAM Replacement                                             ; On                 ; On                   ;
; Auto DSP Block Replacement                                       ; On                 ; On                   ;
; Auto Shift Register Replacement                                  ; Auto               ; Auto                 ;
; Allow Shift Register Merging across Hierarchies                  ; Auto               ; Auto                 ;
; Auto Clock Enable Replacement                                    ; On                 ; On                   ;
; Strict RAM Replacement                                           ; Off                ; Off                  ;
; Allow Synchronous Control Signals                                ; On                 ; On                   ;
; Force Use of Synchronous Clear Signals                           ; Off                ; Off                  ;
; Auto RAM Block Balancing                                         ; On                 ; On                   ;
; Auto RAM to Logic Cell Conversion                                ; Off                ; Off                  ;
; Auto Resource Sharing                                            ; Off                ; Off                  ;
; Allow Any RAM Size For Recognition                               ; Off                ; Off                  ;
; Allow Any ROM Size For Recognition                               ; Off                ; Off                  ;
; Allow Any Shift Register Size For Recognition                    ; Off                ; Off                  ;
; Use LogicLock Constraints during Resource Balancing              ; On                 ; On                   ;
; Ignore translate_off and synthesis_off directives                ; Off                ; Off                  ;
; Timing-Driven Synthesis                                          ; On                 ; On                   ;
; Report Parameter Settings                                        ; On                 ; On                   ;
; Report Source Assignments                                        ; On                 ; On                   ;
; Report Connectivity Checks                                       ; On                 ; On                   ;
; Ignore Maximum Fan-Out Assignments                               ; Off                ; Off                  ;
; Synchronization Register Chain Length                            ; 2                  ; 2                    ;
; Power Optimization During Synthesis                              ; Normal compilation ; Normal compilation   ;
; HDL message level                                                ; Level2             ; Level2               ;
; Suppress Register Optimization Related Messages                  ; Off                ; Off                  ;
; Number of Removed Registers Reported in Synthesis Report         ; 5000               ; 5000                 ;
; Number of Swept Nodes Reported in Synthesis Report               ; 5000               ; 5000                 ;
; Number of Inverted Registers Reported in Synthesis Report        ; 100                ; 100                  ;
; Clock MUX Protection                                             ; On                 ; On                   ;
; Auto Gated Clock Conversion                                      ; Off                ; Off                  ;
; Block Design Naming                                              ; Auto               ; Auto                 ;
; SDC constraint protection                                        ; Off                ; Off                  ;
; Synthesis Effort                                                 ; Auto               ; Auto                 ;
; Shift Register Replacement - Allow Asynchronous Clear Signal     ; On                 ; On                   ;
; Pre-Mapping Resynthesis Optimization                             ; Off                ; Off                  ;
; Analysis & Synthesis Message Level                               ; Medium             ; Medium               ;
; Disable Register Merging Across Hierarchies                      ; Auto               ; Auto                 ;
; Resource Aware Inference For Block RAM                           ; On                 ; On                   ;
+------------------------------------------------------------------+--------------------+----------------------+


+------------------------------------------+
; Parallel Compilation                     ;
+----------------------------+-------------+
; Processors                 ; Number      ;
+----------------------------+-------------+
; Number detected on machine ; 12          ;
; Maximum allowed            ; 12          ;
;                            ;             ;
; Average used               ; 1.00        ;
; Maximum used               ; 12          ;
;                            ;             ;
; Usage by Processor         ; % Time Used ;
;     Processor 1            ; 100.0%      ;
;     Processors 2-12        ;   0.0%      ;
+----------------------------+-------------+


+----------------------------------------------------------------------------------------------------------------------------------------------------------------------------------------+
; Analysis & Synthesis Source Files Read                                                                                                                                                 ;
+----------------------------------+-----------------+------------------------------+------------------------------------------------------------------------------------------+---------+
; File Name with User-Entered Path ; Used in Netlist ; File Type                    ; File Name with Absolute Path                                                             ; Library ;
+----------------------------------+-----------------+------------------------------+------------------------------------------------------------------------------------------+---------+
; Synchronizers.sv                 ; yes             ; User SystemVerilog HDL File  ; C:/Users/Howar/Desktop/ECE 385/LAB4/LAB4 Ge Yuhao_Lou Haina/IQTexercise/Synchronizers.sv ;         ;
; Router.sv                        ; yes             ; User SystemVerilog HDL File  ; C:/Users/Howar/Desktop/ECE 385/LAB4/LAB4 Ge Yuhao_Lou Haina/IQTexercise/Router.sv        ;         ;
; Register_unit.sv                 ; yes             ; User SystemVerilog HDL File  ; C:/Users/Howar/Desktop/ECE 385/LAB4/LAB4 Ge Yuhao_Lou Haina/IQTexercise/Register_unit.sv ;         ;
; Reg_4.sv                         ; yes             ; User SystemVerilog HDL File  ; C:/Users/Howar/Desktop/ECE 385/LAB4/LAB4 Ge Yuhao_Lou Haina/IQTexercise/Reg_4.sv         ;         ;
; Processor.sv                     ; yes             ; User SystemVerilog HDL File  ; C:/Users/Howar/Desktop/ECE 385/LAB4/LAB4 Ge Yuhao_Lou Haina/IQTexercise/Processor.sv     ;         ;
; HexDriver.sv                     ; yes             ; User SystemVerilog HDL File  ; C:/Users/Howar/Desktop/ECE 385/LAB4/LAB4 Ge Yuhao_Lou Haina/IQTexercise/HexDriver.sv     ;         ;
; Control.sv                       ; yes             ; User SystemVerilog HDL File  ; C:/Users/Howar/Desktop/ECE 385/LAB4/LAB4 Ge Yuhao_Lou Haina/IQTexercise/Control.sv       ;         ;
; compute.sv                       ; yes             ; User SystemVerilog HDL File  ; C:/Users/Howar/Desktop/ECE 385/LAB4/LAB4 Ge Yuhao_Lou Haina/IQTexercise/compute.sv       ;         ;
+----------------------------------+-----------------+------------------------------+------------------------------------------------------------------------------------------+---------+


+---------------------------------------------------------+
; Analysis & Synthesis Resource Usage Summary             ;
+---------------------------------------------+-----------+
; Resource                                    ; Usage     ;
+---------------------------------------------+-----------+
; Estimated Total logic elements              ; 85        ;
;                                             ;           ;
; Total combinational functions               ; 72        ;
; Logic element usage by number of LUT inputs ;           ;
;     -- 4 input functions                    ; 54        ;
;     -- 3 input functions                    ; 4         ;
;     -- <=2 input functions                  ; 14        ;
;                                             ;           ;
; Logic elements by mode                      ;           ;
;     -- normal mode                          ; 72        ;
;     -- arithmetic mode                      ; 0         ;
;                                             ;           ;
; Total registers                             ; 43        ;
;     -- Dedicated logic registers            ; 43        ;
;     -- I/O registers                        ; 0         ;
;                                             ;           ;
; I/O pins                                    ; 66        ;
;                                             ;           ;
; Embedded Multiplier 9-bit elements          ; 0         ;
;                                             ;           ;
; Maximum fan-out node                        ; Clk~input ;
; Maximum fan-out                             ; 43        ;
; Total fan-out                               ; 483       ;
; Average fan-out                             ; 1.96      ;
+---------------------------------------------+-----------+


+---------------------------------------------------------------------------------------------------------------------------------------------------------------------------------------------------------------------------------------+
; Analysis & Synthesis Resource Utilization by Entity                                                                                                                                                                                   ;
+-----------------------------+---------------------+---------------------------+-------------+--------------+---------+-----------+------+--------------+-----------------------------------------------+---------------+--------------+
; Compilation Hierarchy Node  ; Combinational ALUTs ; Dedicated Logic Registers ; Memory Bits ; DSP Elements ; DSP 9x9 ; DSP 18x18 ; Pins ; Virtual Pins ; Full Hierarchy Name                           ; Entity Name   ; Library Name ;
+-----------------------------+---------------------+---------------------------+-------------+--------------+---------+-----------+------+--------------+-----------------------------------------------+---------------+--------------+
; |Processor                  ; 72 (0)              ; 43 (0)                    ; 0           ; 0            ; 0       ; 0         ; 66   ; 0            ; |Processor                                    ; Processor     ; work         ;
;    |HexDriver:HexAL|        ; 7 (7)               ; 0 (0)                     ; 0           ; 0            ; 0       ; 0         ; 0    ; 0            ; |Processor|HexDriver:HexAL                    ; HexDriver     ; work         ;
;    |HexDriver:HexAU|        ; 7 (7)               ; 0 (0)                     ; 0           ; 0            ; 0       ; 0         ; 0    ; 0            ; |Processor|HexDriver:HexAU                    ; HexDriver     ; work         ;
;    |HexDriver:HexBL|        ; 7 (7)               ; 0 (0)                     ; 0           ; 0            ; 0       ; 0         ; 0    ; 0            ; |Processor|HexDriver:HexBL                    ; HexDriver     ; work         ;
;    |HexDriver:HexBU|        ; 7 (7)               ; 0 (0)                     ; 0           ; 0            ; 0       ; 0         ; 0    ; 0            ; |Processor|HexDriver:HexBU                    ; HexDriver     ; work         ;
;    |compute:compute_unit|   ; 2 (2)               ; 0 (0)                     ; 0           ; 0            ; 0       ; 0         ; 0    ; 0            ; |Processor|compute:compute_unit               ; compute       ; work         ;
;    |control:control_unit|   ; 10 (10)             ; 10 (10)                   ; 0           ; 0            ; 0       ; 0         ; 0    ; 0            ; |Processor|control:control_unit               ; control       ; work         ;
;    |register_unit:reg_unit| ; 28 (0)              ; 16 (0)                    ; 0           ; 0            ; 0       ; 0         ; 0    ; 0            ; |Processor|register_unit:reg_unit             ; register_unit ; work         ;
;       |reg_4:reg_A|         ; 14 (14)             ; 8 (8)                     ; 0           ; 0            ; 0       ; 0         ; 0    ; 0            ; |Processor|register_unit:reg_unit|reg_4:reg_A ; reg_4         ; work         ;
;       |reg_4:reg_B|         ; 14 (14)             ; 8 (8)                     ; 0           ; 0            ; 0       ; 0         ; 0    ; 0            ; |Processor|register_unit:reg_unit|reg_4:reg_B ; reg_4         ; work         ;
;    |sync:Din_sync[0]|       ; 0 (0)               ; 1 (1)                     ; 0           ; 0            ; 0       ; 0         ; 0    ; 0            ; |Processor|sync:Din_sync[0]                   ; sync          ; work         ;
;    |sync:Din_sync[1]|       ; 0 (0)               ; 1 (1)                     ; 0           ; 0            ; 0       ; 0         ; 0    ; 0            ; |Processor|sync:Din_sync[1]                   ; sync          ; work         ;
;    |sync:Din_sync[2]|       ; 0 (0)               ; 1 (1)                     ; 0           ; 0            ; 0       ; 0         ; 0    ; 0            ; |Processor|sync:Din_sync[2]                   ; sync          ; work         ;
;    |sync:Din_sync[3]|       ; 0 (0)               ; 1 (1)                     ; 0           ; 0            ; 0       ; 0         ; 0    ; 0            ; |Processor|sync:Din_sync[3]                   ; sync          ; work         ;
;    |sync:Din_sync[4]|       ; 0 (0)               ; 1 (1)                     ; 0           ; 0            ; 0       ; 0         ; 0    ; 0            ; |Processor|sync:Din_sync[4]                   ; sync          ; work         ;
;    |sync:Din_sync[5]|       ; 0 (0)               ; 1 (1)                     ; 0           ; 0            ; 0       ; 0         ; 0    ; 0            ; |Processor|sync:Din_sync[5]                   ; sync          ; work         ;
;    |sync:Din_sync[6]|       ; 0 (0)               ; 1 (1)                     ; 0           ; 0            ; 0       ; 0         ; 0    ; 0            ; |Processor|sync:Din_sync[6]                   ; sync          ; work         ;
;    |sync:Din_sync[7]|       ; 0 (0)               ; 1 (1)                     ; 0           ; 0            ; 0       ; 0         ; 0    ; 0            ; |Processor|sync:Din_sync[7]                   ; sync          ; work         ;
;    |sync:F_sync[0]|         ; 0 (0)               ; 1 (1)                     ; 0           ; 0            ; 0       ; 0         ; 0    ; 0            ; |Processor|sync:F_sync[0]                     ; sync          ; work         ;
;    |sync:F_sync[1]|         ; 0 (0)               ; 1 (1)                     ; 0           ; 0            ; 0       ; 0         ; 0    ; 0            ; |Processor|sync:F_sync[1]                     ; sync          ; work         ;
;    |sync:F_sync[2]|         ; 0 (0)               ; 1 (1)                     ; 0           ; 0            ; 0       ; 0         ; 0    ; 0            ; |Processor|sync:F_sync[2]                     ; sync          ; work         ;
;    |sync:R_sync[0]|         ; 0 (0)               ; 1 (1)                     ; 0           ; 0            ; 0       ; 0         ; 0    ; 0            ; |Processor|sync:R_sync[0]                     ; sync          ; work         ;
;    |sync:R_sync[1]|         ; 0 (0)               ; 1 (1)                     ; 0           ; 0            ; 0       ; 0         ; 0    ; 0            ; |Processor|sync:R_sync[1]                     ; sync          ; work         ;
;    |sync:button_sync[0]|    ; 1 (1)               ; 1 (1)                     ; 0           ; 0            ; 0       ; 0         ; 0    ; 0            ; |Processor|sync:button_sync[0]                ; sync          ; work         ;
;    |sync:button_sync[1]|    ; 1 (1)               ; 1 (1)                     ; 0           ; 0            ; 0       ; 0         ; 0    ; 0            ; |Processor|sync:button_sync[1]                ; sync          ; work         ;
;    |sync:button_sync[2]|    ; 1 (1)               ; 1 (1)                     ; 0           ; 0            ; 0       ; 0         ; 0    ; 0            ; |Processor|sync:button_sync[2]                ; sync          ; work         ;
;    |sync:button_sync[3]|    ; 1 (1)               ; 1 (1)                     ; 0           ; 0            ; 0       ; 0         ; 0    ; 0            ; |Processor|sync:button_sync[3]                ; sync          ; work         ;
+-----------------------------+---------------------+---------------------------+-------------+--------------+---------+-----------+------+--------------+-----------------------------------------------+---------------+--------------+
Note: For table entries with two numbers listed, the numbers in parentheses indicate the number of resources of the given type used by the specific entity alone. The numbers listed outside of parentheses indicate the total resources of the given type used by the specific entity and all of its sub-entities in the hierarchy.


Encoding Type:  One-Hot
+--------------------------------------------------------------------------------------------------------------------------------------------------------------------+
; State Machine - |Processor|control:control_unit|curr_state                                                                                                         ;
+--------------+--------------+--------------+--------------+--------------+--------------+--------------+--------------+--------------+--------------+--------------+
; Name         ; curr_state.J ; curr_state.I ; curr_state.H ; curr_state.G ; curr_state.F ; curr_state.E ; curr_state.D ; curr_state.C ; curr_state.B ; curr_state.A ;
+--------------+--------------+--------------+--------------+--------------+--------------+--------------+--------------+--------------+--------------+--------------+
; curr_state.A ; 0            ; 0            ; 0            ; 0            ; 0            ; 0            ; 0            ; 0            ; 0            ; 0            ;
; curr_state.B ; 0            ; 0            ; 0            ; 0            ; 0            ; 0            ; 0            ; 0            ; 1            ; 1            ;
; curr_state.C ; 0            ; 0            ; 0            ; 0            ; 0            ; 0            ; 0            ; 1            ; 0            ; 1            ;
; curr_state.D ; 0            ; 0            ; 0            ; 0            ; 0            ; 0            ; 1            ; 0            ; 0            ; 1            ;
; curr_state.E ; 0            ; 0            ; 0            ; 0            ; 0            ; 1            ; 0            ; 0            ; 0            ; 1            ;
; curr_state.F ; 0            ; 0            ; 0            ; 0            ; 1            ; 0            ; 0            ; 0            ; 0            ; 1            ;
; curr_state.G ; 0            ; 0            ; 0            ; 1            ; 0            ; 0            ; 0            ; 0            ; 0            ; 1            ;
; curr_state.H ; 0            ; 0            ; 1            ; 0            ; 0            ; 0            ; 0            ; 0            ; 0            ; 1            ;
; curr_state.I ; 0            ; 1            ; 0            ; 0            ; 0            ; 0            ; 0            ; 0            ; 0            ; 1            ;
; curr_state.J ; 1            ; 0            ; 0            ; 0            ; 0            ; 0            ; 0            ; 0            ; 0            ; 1            ;
+--------------+--------------+--------------+--------------+--------------+--------------+--------------+--------------+--------------+--------------+--------------+


+------------------------------------------------------------+
; Registers Removed During Synthesis                         ;
+---------------------------------------+--------------------+
; Register name                         ; Reason for Removal ;
+---------------------------------------+--------------------+
; control:control_unit|curr_state~2     ; Lost fanout        ;
; control:control_unit|curr_state~3     ; Lost fanout        ;
; control:control_unit|curr_state~4     ; Lost fanout        ;
; control:control_unit|curr_state~5     ; Lost fanout        ;
; Total Number of Removed Registers = 4 ;                    ;
+---------------------------------------+--------------------+


+------------------------------------------------------+
; General Register Statistics                          ;
+----------------------------------------------+-------+
; Statistic                                    ; Value ;
+----------------------------------------------+-------+
; Total registers                              ; 43    ;
; Number of registers using Synchronous Clear  ; 17    ;
; Number of registers using Synchronous Load   ; 0     ;
; Number of registers using Asynchronous Clear ; 0     ;
; Number of registers using Asynchronous Load  ; 0     ;
; Number of registers using Clock Enable       ; 14    ;
; Number of registers using Preset             ; 0     ;
+----------------------------------------------+-------+


+-------------------------------------------------------------------------------------------------------------------------------------------------------------------------+
; Multiplexer Restructuring Statistics (Restructuring Performed)                                                                                                          ;
+--------------------+-----------+---------------+----------------------+------------------------+------------+-----------------------------------------------------------+
; Multiplexer Inputs ; Bus Width ; Baseline Area ; Area if Restructured ; Saving if Restructured ; Registered ; Example Multiplexer Output                                ;
+--------------------+-----------+---------------+----------------------+------------------------+------------+-----------------------------------------------------------+
; 4:1                ; 7 bits    ; 14 LEs        ; 14 LEs               ; 0 LEs                  ; Yes        ; |Processor|register_unit:reg_unit|reg_4:reg_A|Data_Out[2] ;
; 4:1                ; 7 bits    ; 14 LEs        ; 14 LEs               ; 0 LEs                  ; Yes        ; |Processor|register_unit:reg_unit|reg_4:reg_B|Data_Out[6] ;
+--------------------+-----------+---------------+----------------------+------------------------+------------+-----------------------------------------------------------+


+-----------------------------------------------------+
; Post-Synthesis Netlist Statistics for Top Partition ;
+-----------------------+-----------------------------+
; Type                  ; Count                       ;
+-----------------------+-----------------------------+
; boundary_port         ; 66                          ;
; cycloneiii_ff         ; 43                          ;
;     ENA SCLR          ; 14                          ;
;     SCLR              ; 3                           ;
;     plain             ; 26                          ;
; cycloneiii_lcell_comb ; 76                          ;
;     normal            ; 76                          ;
;         1 data inputs ; 8                           ;
;         2 data inputs ; 10                          ;
;         3 data inputs ; 4                           ;
;         4 data inputs ; 54                          ;
;                       ;                             ;
; Max LUT depth         ; 4.00                        ;
; Average LUT depth     ; 1.52                        ;
+-----------------------+-----------------------------+


+-------------------------------+
; Elapsed Time Per Partition    ;
+----------------+--------------+
; Partition Name ; Elapsed Time ;
+----------------+--------------+
; Top            ; 00:00:00     ;
+----------------+--------------+


+-------------------------------+
; Analysis & Synthesis Messages ;
+-------------------------------+
Info: *******************************************************************
Info: Running Quartus Prime Analysis & Synthesis
    Info: Version 18.1.0 Build 625 09/12/2018 SJ Lite Edition
    Info: Processing started: Thu Oct 21 23:16:42 2021
Info: Command: quartus_map --read_settings_files=on --write_settings_files=off bit_serial_processor -c bit_serial_processor
Warning (18236): Number of processors has not been specified which may cause overloading on shared machines.  Set the global assignment NUM_PARALLEL_PROCESSORS in your QSF to an appropriate value for best performance.
Info (20030): Parallel compilation is enabled and will use 12 of the 12 processors detected
Info (12021): Found 1 design units, including 1 entities, in source file testbench_8.sv
    Info (12023): Found entity 1: testbench File: C:/Users/Howar/Desktop/ECE 385/LAB4/LAB4 Ge Yuhao_Lou Haina/IQTexercise/testbench_8.sv Line: 1
Info (12021): Found 3 design units, including 3 entities, in source file synchronizers.sv
    Info (12023): Found entity 1: sync File: C:/Users/Howar/Desktop/ECE 385/LAB4/LAB4 Ge Yuhao_Lou Haina/IQTexercise/Synchronizers.sv Line: 4
    Info (12023): Found entity 2: sync_r0 File: C:/Users/Howar/Desktop/ECE 385/LAB4/LAB4 Ge Yuhao_Lou Haina/IQTexercise/Synchronizers.sv Line: 18
    Info (12023): Found entity 3: sync_r1 File: C:/Users/Howar/Desktop/ECE 385/LAB4/LAB4 Ge Yuhao_Lou Haina/IQTexercise/Synchronizers.sv Line: 39
Info (12021): Found 1 design units, including 1 entities, in source file router.sv
    Info (12023): Found entity 1: router File: C:/Users/Howar/Desktop/ECE 385/LAB4/LAB4 Ge Yuhao_Lou Haina/IQTexercise/Router.sv Line: 1
Info (12021): Found 1 design units, including 1 entities, in source file register_unit.sv
    Info (12023): Found entity 1: register_unit File: C:/Users/Howar/Desktop/ECE 385/LAB4/LAB4 Ge Yuhao_Lou Haina/IQTexercise/Register_unit.sv Line: 1
Info (12021): Found 1 design units, including 1 entities, in source file reg_4.sv
    Info (12023): Found entity 1: reg_4 File: C:/Users/Howar/Desktop/ECE 385/LAB4/LAB4 Ge Yuhao_Lou Haina/IQTexercise/Reg_4.sv Line: 1
Info (12021): Found 1 design units, including 1 entities, in source file processor.sv
    Info (12023): Found entity 1: Processor File: C:/Users/Howar/Desktop/ECE 385/LAB4/LAB4 Ge Yuhao_Lou Haina/IQTexercise/Processor.sv Line: 8
Info (12021): Found 1 design units, including 1 entities, in source file hexdriver.sv
    Info (12023): Found entity 1: HexDriver File: C:/Users/Howar/Desktop/ECE 385/LAB4/LAB4 Ge Yuhao_Lou Haina/IQTexercise/HexDriver.sv Line: 1
Info (12021): Found 1 design units, including 1 entities, in source file control.sv
    Info (12023): Found entity 1: control File: C:/Users/Howar/Desktop/ECE 385/LAB4/LAB4 Ge Yuhao_Lou Haina/IQTexercise/Control.sv Line: 3
Info (12021): Found 1 design units, including 1 entities, in source file compute.sv
    Info (12023): Found entity 1: compute File: C:/Users/Howar/Desktop/ECE 385/LAB4/LAB4 Ge Yuhao_Lou Haina/IQTexercise/compute.sv Line: 1
Info (12127): Elaborating entity "Processor" for the top level hierarchy
Info (12128): Elaborating entity "register_unit" for hierarchy "register_unit:reg_unit" File: C:/Users/Howar/Desktop/ECE 385/LAB4/LAB4 Ge Yuhao_Lou Haina/IQTexercise/Processor.sv Line: 51
Info (12128): Elaborating entity "reg_4" for hierarchy "register_unit:reg_unit|reg_4:reg_A" File: C:/Users/Howar/Desktop/ECE 385/LAB4/LAB4 Ge Yuhao_Lou Haina/IQTexercise/Register_unit.sv Line: 10
Info (12128): Elaborating entity "compute" for hierarchy "compute:compute_unit" File: C:/Users/Howar/Desktop/ECE 385/LAB4/LAB4 Ge Yuhao_Lou Haina/IQTexercise/Processor.sv Line: 58
Info (12128): Elaborating entity "router" for hierarchy "router:router" File: C:/Users/Howar/Desktop/ECE 385/LAB4/LAB4 Ge Yuhao_Lou Haina/IQTexercise/Processor.sv Line: 65
Info (12128): Elaborating entity "control" for hierarchy "control:control_unit" File: C:/Users/Howar/Desktop/ECE 385/LAB4/LAB4 Ge Yuhao_Lou Haina/IQTexercise/Processor.sv Line: 74
Info (10264): Verilog HDL Case Statement information at Control.sv(43): all case item expressions in this case statement are onehot File: C:/Users/Howar/Desktop/ECE 385/LAB4/LAB4 Ge Yuhao_Lou Haina/IQTexercise/Control.sv Line: 43
Info (12128): Elaborating entity "HexDriver" for hierarchy "HexDriver:HexAL" File: C:/Users/Howar/Desktop/ECE 385/LAB4/LAB4 Ge Yuhao_Lou Haina/IQTexercise/Processor.sv Line: 77
Info (12128): Elaborating entity "sync" for hierarchy "sync:button_sync[0]" File: C:/Users/Howar/Desktop/ECE 385/LAB4/LAB4 Ge Yuhao_Lou Haina/IQTexercise/Processor.sv Line: 94
Info (286030): Timing-Driven Synthesis is running
Info (17049): 4 registers lost all their fanouts during netlist optimizations.
Info (144001): Generated suppressed messages file C:/Users/Howar/Desktop/ECE 385/LAB4/LAB4 Ge Yuhao_Lou Haina/IQTexercise/output_files/bit_serial_processor.map.smsg
Info (16010): Generating hard_block partition "hard_block:auto_generated_inst"
    Info (16011): Adding 0 node(s), including 0 DDIO, 0 PLL, 0 transceiver and 0 LCELL
Info (21057): Implemented 151 device resources after synthesis - the final resource count might be different
    Info (21058): Implemented 18 input pins
    Info (21059): Implemented 48 output pins
    Info (21061): Implemented 85 logic cells
Info: Quartus Prime Analysis & Synthesis was successful. 0 errors, 1 warning
    Info: Peak virtual memory: 4820 megabytes
    Info: Processing ended: Thu Oct 21 23:16:51 2021
    Info: Elapsed time: 00:00:09
    Info: Total CPU time (on all processors): 00:00:18


+------------------------------------------+
; Analysis & Synthesis Suppressed Messages ;
+------------------------------------------+
The suppressed messages can be found in C:/Users/Howar/Desktop/ECE 385/LAB4/LAB4 Ge Yuhao_Lou Haina/IQTexercise/output_files/bit_serial_processor.map.smsg.


