Copyright 1986-2018 Xilinx, Inc. All Rights Reserved.
------------------------------------------------------------------------------------------------------
| Tool Version : Vivado v.2018.3 (win64) Build 2405991 Thu Dec  6 23:38:27 MST 2018
| Date         : Mon Jan 10 19:57:06 2022
| Host         : DESKTOP-1TCF4DO running 64-bit major release  (build 9200)
| Command      : report_drc -file game_drc_routed.rpt -pb game_drc_routed.pb -rpx game_drc_routed.rpx
| Design       : game
| Device       : xc7z020clg484-1
| Speed File   : -1
| Design State : Fully Routed
------------------------------------------------------------------------------------------------------

Report DRC

Table of Contents
-----------------
1. REPORT SUMMARY
2. REPORT DETAILS

1. REPORT SUMMARY
-----------------
            Netlist: netlist
          Floorplan: design_1
      Design limits: <entire design considered>
           Ruledeck: default
             Max violations: <unlimited>
             Violations found: 5
+----------+----------+--------------------+------------+
| Rule     | Severity | Description        | Violations |
+----------+----------+--------------------+------------+
| PDRC-153 | Warning  | Gated clock check  | 4          |
| ZPS7-1   | Warning  | PS7 block required | 1          |
+----------+----------+--------------------+------------+

2. REPORT DETAILS
-----------------
PDRC-153#1 Warning
Gated clock check  
Net shake_0/dout_reg_i_1_n_0 is a gated clock net sourced by a combinational pin shake_0/dout_reg_i_1/O, cell shake_0/dout_reg_i_1. This is not good design practice and will likely impact performance. For SLICE registers, for example, use the CE pin to control the loading of data.
Related violations: <none>

PDRC-153#2 Warning
Gated clock check  
Net shake_1/dout_reg_i_1__0_n_0 is a gated clock net sourced by a combinational pin shake_1/dout_reg_i_1__0/O, cell shake_1/dout_reg_i_1__0. This is not good design practice and will likely impact performance. For SLICE registers, for example, use the CE pin to control the loading of data.
Related violations: <none>

PDRC-153#3 Warning
Gated clock check  
Net shake_2/dout_reg_i_1__1_n_0 is a gated clock net sourced by a combinational pin shake_2/dout_reg_i_1__1/O, cell shake_2/dout_reg_i_1__1. This is not good design practice and will likely impact performance. For SLICE registers, for example, use the CE pin to control the loading of data.
Related violations: <none>

PDRC-153#4 Warning
Gated clock check  
Net shake_3/dout_reg_i_1__2_n_0 is a gated clock net sourced by a combinational pin shake_3/dout_reg_i_1__2/O, cell shake_3/dout_reg_i_1__2. This is not good design practice and will likely impact performance. For SLICE registers, for example, use the CE pin to control the loading of data.
Related violations: <none>

ZPS7-1#1 Warning
PS7 block required  
The PS7 cell must be used in this Zynq design in order to enable correct default configuration.
Related violations: <none>


